 .72576E+01 .25329E+05 .33781E+04 .97572E+00 .89343E+00 .13922E+00 .83869E-01 .12269E+01 .11549E+09 .16355E+01 .31801E+01 .14852E+01 .14442E+01 .27791E+01 .59998E+01
 .37254E+01 .22508E+06 .39528E+06 .99800E+00 .55989E+00 .84598E-01 .12090E+00 .47246E+00 .84341E+08 .62523E+00 .53919E+01 .14487E+01 .28843E+01 .50496E+01 .28155E+01
 .55368E+01 .71679E+06 .42115E+06 .67603E+00 .48012E+00 .15220E+00 .15521E+00 .19358E+00 .15397E+09 .25310E+01 .51677E+01 .25426E+01 .36768E+01 .40000E+01 .29013E+01
 .11269E+01 .64005E+06 .36210E+06 .99436E+00 .99553E+00 .12597E+00 .17917E+00 .55397E+01 .11124E+09 .13642E+01 .45359E+01 .91347E+00 .24147E+01 .38694E+01 .17928E+01
 .16917E+01 .47260E+06 .41882E+06 .97212E+00 .94803E+00 .39171E+00 .17770E+00 .30123E+00 .94039E+08 .23475E+01 .39647E+01 .12418E+01 .16288E+01 .15328E+01 .40324E+01
 .55481E+01 .59552E+05 .15833E+05 .99800E+00 .82166E+00 .25297E+00 .16043E+00 .21876E+01 .34556E+08 .17073E+01 .76918E+00 .19652E+01 .19890E+01 .26639E+01 .22787E+01
 .74860E+00 .75842E+06 .15743E+06 .91894E+00 .92929E+00 .30977E-01 .13479E+00 .15774E-02 .98058E+08 .14641E+01 .44688E+01 .82953E+00 .59935E+01 .50262E+01 .38975E+01
 .33039E+01 .44635E+06 .25234E+06 .85633E+00 .58538E+00 .15794E+00 .11493E+00 .15005E+01 .99578E+08 .20605E+01 .19539E+01 .26907E+01 .29799E+01 .35834E+01 .57737E+01
 .24230E+01 .72047E+05 .29412E+05 .94504E+00 .91644E+00 .18539E-01 .24319E-01 .23893E+01 .12595E+09 .13830E+01 .12322E+01 .43435E+00 .41094E+01 .59942E+01 .23071E+01
 .68403E+01 .12521E+06 .74031E+05 .75857E+00 .48690E-01 .13082E+00 .82665E-01 .11041E+01 .46783E+08 .16870E+01 .18651E+01 .18801E+01 .40549E+01 .21549E+00 .50150E+01
 .43270E+01 .13027E+06 .12989E+05 .67460E+00 .90640E+00 .10535E+00 .11273E+00 .12813E+01 .49510E+08 .79670E+00 .11793E+01 .15781E+01 .61979E+01 .58893E+01 .81745E-01
 .36563E+01 .33592E+06 .19735E+06 .44354E+00 .86107E+00 .57142E-01 .12757E+00 .61664E+01 .95618E+08 .89392E+00 .11690E+00 .61339E+00 .23204E+00 .52857E+01 .19512E+01
 .50410E+01 .84212E+05 .11796E+06 .25239E+00 .35221E+00 .17760E+00 .12143E+00 .16395E+01 .12885E+09 .16592E+01 .62174E+01 .21755E+01 .27013E+01 .46618E+01 .16130E+01
 .33181E+01 .22740E+06 .33937E+06 .60711E+00 .90526E+00 .10044E+00 .12084E+00 .56171E+01 .14694E+08 .96297E+00 .50937E+01 .16018E+01 .26948E+01 .29638E+01 .37560E+01
 .22609E+01 .32442E+06 .43226E+05 .98580E+00 .99800E+00 .15364E+00 .32979E-01 .46135E+01 .18262E+08 .21954E+01 .40602E+01 .14094E+01 .79933E+00 .34921E+01 .32092E+01
 .33584E+01 .28468E+06 .18173E+06 .68214E+00 .94917E+00 .22380E+00 .11442E+00 .44093E+01 .12554E+08 .28138E+01 .82233E+00 .22937E+01 .26513E+01 .18218E+01 .49789E+01
 .32622E+01 .27907E+06 .14374E+06 .51414E+00 .22342E+00 .73556E-01 .10798E+00 .56542E+01 .58781E+08 .13541E+01 .29432E+01 .93932E+00 .57268E+01 .20884E+01 .39810E+01
 .33207E+01 .17556E+06 .21688E+06 .49063E+00 .23956E+00 .64618E-01 .10257E+00 .56413E+01 .14410E+09 .18102E+01 .29045E+01 .11805E+01 .21329E+01 .80497E+00 .62292E+01
 .53313E+01 .17343E+06 .75319E+05 .69966E+00 .88988E+00 .22242E+00 .14551E+00 .20218E+01 .15848E+08 .15893E+01 .43238E+01 .14694E+01 .52204E+01 .33237E+01 .53553E+01
 .51263E+01 .16775E+05 .10507E+05 .36252E+00 .93665E+00 .27263E+00 .18260E+00 .35643E+01 .13833E+09 .19291E+01 .57682E+01 .86914E+00 .35408E+01 .50646E+00 .41775E+01
 .69525E+00 .38788E+06 .31924E+06 .81217E+00 .83698E+00 .25385E+00 .14191E+00 .18337E+01 .23783E+08 .21355E+01 .38334E+01 .93810E+00 .89962E+00 .44785E+01 .59342E+01
 .93660E+01 .58474E+05 .46940E+05 .95765E+00 .97660E+00 .14822E+00 .16214E+00 .52133E+01 .49617E+08 .70809E+00 .31927E+01 .95740E+00 .84099E+00 .27317E+01 .27410E+01
 .17285E+01 .12763E+08 .21924E+07 .29160E+00 .99800E+00 .97222E-02 .10623E+00 .61346E+01 .44326E+08 .47116E+00 .34477E+01 .15775E+01 .60110E+01 .57153E+01 .29331E+01
 .27262E+01 .12871E+09 .91648E+08 .77915E+00 .79360E+00 .12098E+00 .17918E+00 .48339E+00 .97957E+07 .17012E+01 .15999E+00 .20314E+01 .38123E+01 .50757E+01 .58405E+01
 .11661E+02 .23451E+05 .16700E+05 .75772E+00 .67358E+00 .47001E-01 .86926E-01 .60729E+01 .14909E+09 .26752E+01 .57300E+01 .44233E+00 .49100E+01 .40981E+01 .45744E+01
 .32404E+01 .84144E+05 .65699E+05 .94440E+00 .47148E+00 .22355E+00 .52231E-01 .30522E+01 .14604E+09 .18777E+01 .60967E+01 .22858E+01 .28263E+01 .56276E+01 .12710E+01
 .51310E+01 .15051E+07 .14241E+07 .89566E+00 .22684E+00 .18978E+00 .15719E+00 .40520E+01 .69226E+07 .26284E+01 .16349E+01 .21763E+01 .10015E+01 .23554E+01 .45314E+01
 .87116E+01 .41761E+05 .33506E+04 .86735E+00 .99800E+00 .29272E+00 .13112E+00 .27679E+01 .10824E+09 .17393E+01 .90274E-01 .14040E+01 .36023E+01 .47440E+01 .43200E+01
 .33957E+01 .15403E+05 .11128E+04 .79884E+00 .87243E+00 .15130E+00 .10078E+00 .12169E+01 .28357E+08 .18997E+01 .58784E+01 .22920E+01 .39796E+01 .60458E+01 .43951E+01
 .17613E+01 .11132E+06 .55889E+05 .98115E+00 .99611E+00 .91087E-01 .14019E+00 .72775E+00 .51651E+07 .15815E+01 .60670E+01 .26163E+01 .37179E+01 .49649E+01 .13626E+00
 .38341E+01 .25034E+06 .26717E+06 .37728E+00 .96126E+00 .17988E+00 .13242E+00 .16624E+01 .47384E+08 .13469E+01 .24694E+01 .10263E+01 .48693E+01 .17180E+01 .38338E+01
 .67731E+01 .26171E+06 .44516E+06 .95922E+00 .84962E+00 .16749E+00 .13856E+00 .11258E+01 .53125E+08 .17328E+01 .30196E+01 .17978E+01 .42728E+01 .64135E+00 .46372E+01
 .22604E+01 .12704E+07 .58259E+06 .99590E+00 .99800E+00 .15454E+00 .11245E+00 .43874E+01 .45165E+08 .13675E+01 .38643E+01 .80428E+00 .24693E+00 .48071E+01 .44031E+01
 .53274E+01 .34025E+06 .33620E+06 .99800E+00 .85476E+00 .18991E+00 .16073E+00 .13267E+01 .13303E+09 .17020E+01 .55017E+01 .21214E+01 .30147E+01 .29045E+00 .44164E+01
 .21221E+01 .81572E+06 .46863E+06 .99800E+00 .99800E+00 .10426E+00 .17481E+00 .24285E+00 .65447E+08 .19147E+01 .24917E+01 .29057E+01 .70254E-01 .25667E+01 .57957E+01
