 .17023E+01 .60098E+05 .13219E+05 .40108E+00 .69975E+00 .28050E+00 .10694E+00 .35110E+01 .93965E+08 .25670E+01 .30750E+00 .20766E+01 .17203E+01 .29402E+00 .53124E+01
 .58938E+01 .97410E+05 .67589E+05 .29588E+00 .91999E-01 .16199E+00 .14889E+00 .14480E+01 .12425E+09 .29730E+01 .21794E+01 .22247E+01 .31114E+01 .49388E+01 .90294E+00
 .48262E+01 .28419E+05 .13588E+05 .42299E+00 .73999E+00 .19448E+00 .16828E+00 .13550E+01 .63471E+08 .18451E+01 .33167E+01 .16727E+01 .17637E+01 .41618E+00 .37421E+01
 .92348E+01 .30386E+05 .12662E+05 .69278E+00 .11062E+00 .20399E+00 .48456E-01 .31503E+01 .66874E+08 .15859E+01 .47341E+01 .16957E+01 .22013E+01 .60264E+01 .54007E+01
 .80430E+01 .44237E+05 .11210E+05 .86434E+00 .39004E+00 .21491E+00 .12298E+00 .39768E+01 .12692E+09 .13420E+01 .49493E+01 .26850E+00 .97562E+00 .78513E+00 .56104E+01
 .42128E+01 .60702E+05 .49680E+05 .88393E+00 .66023E+00 .51663E+00 .87719E-01 .27113E+01 .97767E+08 .19815E+01 .11350E+01 .38124E+00 .89544E+00 .53049E+01 .42398E+01
 .77327E+01 .92967E+05 .32620E+05 .38424E+00 .54990E+00 .20934E+00 .17032E+00 .17305E+01 .85875E+08 .24182E+01 .54974E+01 .19237E+01 .27686E+01 .15390E+01 .41870E+01
 .13656E+02 .28394E+06 .93651E+04 .31241E+00 .78351E+00 .31157E+00 .13235E+00 .37245E+01 .89719E+08 .25861E+01 .46975E+01 .89641E+00 .35187E+00 .13394E+01 .19354E+01
 .85100E+01 .12087E+06 .18411E+05 .72647E+00 .13603E+00 .21331E+00 .17220E+00 .23879E+01 .77306E+08 .10175E+01 .28613E+01 .60986E+00 .26767E+01 .18398E+01 .18677E+01
 .78024E+01 .27893E+05 .23943E+04 .68168E+00 .52084E+00 .72204E-01 .98166E-01 .55833E+01 .52826E+07 .12792E+01 .37144E+01 .18240E+01 .84042E+00 .57560E+01 .34882E+01
 .10832E+02 .32754E+06 .23479E+06 .28759E+00 .24627E+00 .14898E+00 .68487E-01 .26069E+01 .64578E+08 .23024E+01 .50474E+01 .12126E+01 .14175E+01 .31564E+01 .17417E+01
 .61022E+01 .51528E+06 .85472E+05 .69884E+00 .15450E+00 .14438E-01 .14463E+00 .10576E+00 .11504E+09 .12864E+01 .52257E+01 .16302E+01 .24784E+01 .19311E+01 .30952E+01
 .37786E+01 .18501E+05 .16925E+05 .47226E-01 .77101E+00 .22131E+01 .63456E+00 .97840E+00 .68540E+08 .43645E+00 .29375E+01 .69802E+00 .56066E+01 .10248E+00 .51078E+01
 .55029E+01 .42866E+06 .43275E+05 .21348E+00 .50343E+00 .15151E+00 .90183E-02 .50332E+01 .15149E+08 .15256E+01 .51982E+01 .27438E+01 .52797E+01 .58089E+01 .56282E+01
 .56347E+01 .44899E+06 .37320E+05 .21320E+00 .50308E+00 .15779E+00 .93679E-02 .50292E+01 .28016E+08 .13276E+01 .24618E+01 .12696E+01 .28178E+01 .26148E+01 .78152E+00
 .12227E+01 .11243E+06 .19585E+05 .99800E+00 .94845E+00 .10852E+01 .45374E+00 .23272E+01 .14543E+09 .14886E+01 .82967E+00 .10257E+01 .28838E+01 .41803E+01 .32887E+01
 .11897E+02 .14854E+05 .21590E+04 .21025E+00 .12010E+00 .20707E+00 .83902E-01 .20640E+01 .10908E+09 .81369E+00 .32419E+01 .10731E+01 .11301E+01 .55625E+01 .24448E+01
 .39492E+01 .21110E+06 .14410E+05 .57201E-01 .19405E+00 .89015E-01 .85658E-01 .53053E+01 .15151E+08 .23575E+01 .30210E+01 .22602E+01 .41494E+01 .50433E+01 .48185E+01
 .17900E+02 .18628E+06 .16227E+06 .73328E+00 .84882E+00 .12543E+00 .17411E+00 .80707E+00 .50405E+08 .13357E+01 .30927E+01 .82852E+00 .61308E+01 .46986E+01 .24695E+01
 .74225E+01 .12431E+06 .35398E+05 .84601E+00 .65199E+00 .48101E-01 .10523E+00 .44079E+00 .89309E+08 .12934E+01 .61990E+01 .16993E+01 .53889E+01 .39620E+01 .37199E+01
 .11957E+02 .41590E+06 .11308E+05 .41635E+00 .78165E-01 .66965E-01 .99564E-02 .11462E+00 .94210E+07 .29306E+01 .55104E-01 .19449E+01 .55370E+01 .46770E+01 .37144E+01
 .10755E+02 .15101E+06 .46426E+05 .67164E+00 .50350E+00 .46598E-01 .98848E-01 .40561E+00 .30300E+08 .16738E+01 .32544E+01 .16669E+01 .51263E+01 .57810E+01 .48013E+01
 .41892E+01 .16688E+06 .57437E+05 .20480E+00 .24089E+00 .22603E+00 .17434E+00 .25964E+01 .12045E+09 .60498E+00 .44718E+01 .16390E+01 .38064E+01 .97189E+00 .49977E+01
 .14109E+02 .71637E+05 .41431E+05 .29354E+00 .38926E+00 .15724E+00 .90597E-01 .17153E+01 .19448E+08 .26121E+01 .40781E+01 .23854E+01 .51914E+01 .24825E+01 .58439E+00
 .11039E+02 .17786E+06 .86145E+05 .19734E+00 .34159E-02 .19464E+00 .75018E-01 .21433E+01 .10068E+09 .19018E+01 .24554E+00 .10362E+01 .59615E+01 .26266E+00 .34828E+01
 .53520E+01 .97207E+05 .54755E+05 .38346E+00 .35877E+00 .65110E-01 .13532E+00 .57642E+01 .62326E+08 .26806E+01 .41745E+01 .21162E+01 .68209E+00 .25547E+01 .27491E+01
 .47252E+01 .93204E+05 .63635E+04 .18205E+00 .99800E+00 .19791E+00 .11931E+00 .19019E+01 .10818E+09 .18213E+01 .46637E+01 .71361E+00 .57735E+01 .76119E-01 .48108E+00
 .12183E+02 .16511E+06 .38097E+05 .42243E-01 .44062E+00 .16279E+00 .15436E+00 .13378E+01 .50758E+08 .16192E+01 .38088E+01 .86281E+00 .58353E+01 .36407E+01 .87549E+00
 .58287E+01 .72853E+06 .80299E+05 .56175E+00 .42290E-01 .19443E+00 .14603E+00 .49706E+01 .58429E+08 .20282E+01 .69416E+00 .23188E+01 .22090E+01 .25714E+01 .78343E-01
 .74131E+01 .62103E+06 .17925E+04 .14946E+00 .20171E+00 .75840E-01 .15101E+00 .61657E+01 .41266E+08 .25287E+01 .52822E+00 .52684E+00 .41176E+01 .23705E+01 .33492E+01
 .64995E+01 .28813E+06 .22979E+05 .88498E+00 .59569E+00 .18402E+00 .16344E+00 .52032E+01 .15064E+09 .82174E+00 .27417E+01 .25411E+01 .24147E+01 .24558E+01 .20173E+01
 .15370E+02 .66872E+06 .78193E+05 .14676E+00 .16018E+00 .54681E-01 .10226E+00 .23299E-01 .87447E+08 .13339E+01 .31556E+00 .16330E+01 .59187E+01 .42718E+01 .32460E+01
 .11000E+02 .37601E+06 .22583E+06 .86570E-02 .87024E+00 .22072E+00 .16498E+00 .39702E+01 .22400E+08 .24289E+01 .37912E+01 .15926E+01 .62122E+01 .60904E+01 .58460E+01
 .96641E+01 .34514E+06 .23731E+05 .13743E+00 .37856E+00 .10394E+00 .15776E+00 .55862E+01 .65496E+08 .21332E+01 .21435E+01 .16013E+01 .24448E+01 .30170E+01 .35610E+01
 .95998E+01 .25028E+06 .75103E+04 .90503E+00 .34376E+00 .13736E+00 .17324E+00 .54479E+01 .28359E+07 .50606E+00 .17640E+00 .11061E+01 .12048E+01 .72358E+00 .26066E+01
 .54255E+01 .19096E+06 .19702E+05 .34328E+00 .67863E+00 .22707E+00 .13588E+00 .41406E+01 .82604E+08 .12193E+01 .24777E+01 .24959E+01 .58167E+01 .45032E+01 .19389E+01
 .15215E+02 .10966E+06 .11207E+05 .11965E+00 .96793E+00 .26029E+00 .16784E+00 .27767E+01 .94227E+08 .22780E+01 .54656E+01 .86802E+00 .98400E+00 .28688E+01 .65521E+00
 .13650E+02 .43453E+05 .16891E+05 .62671E+00 .41363E+00 .78493E-01 .78612E-01 .61462E+01 .12212E+09 .67715E+00 .16143E+01 .20462E+00 .12716E+01 .41513E+01 .26340E-01
 .78613E+01 .12076E+05 .19434E+04 .27319E+00 .98260E+00 .13841E+00 .15523E+00 .86823E+00 .64710E+08 .12920E+01 .19755E+00 .15109E+01 .41786E+00 .38305E+01 .30911E+01
 .10373E+02 .78090E+05 .49077E+05 .64707E+00 .41141E+00 .21341E+00 .17430E+00 .12686E+01 .57341E+08 .16335E+01 .53852E+01 .84470E+00 .26578E+01 .58681E+01 .18513E+01
 .67910E+01 .12246E+06 .10806E+05 .15683E+00 .99800E+00 .21847E+00 .74862E-01 .21379E+01 .58249E+08 .23203E+01 .57346E+01 .16180E+01 .57970E+01 .77872E+00 .42367E+01
 .86095E+01 .61350E+05 .29716E+05 .54829E+00 .75033E+00 .23609E+00 .97702E-01 .34379E+01 .79750E+08 .14457E+01 .37762E+01 .19853E+01 .19013E+01 .56601E+01 .17008E+01
 .95447E+01 .46453E+05 .35134E+05 .40300E+00 .88685E+00 .28443E-01 .14354E+00 .24374E+00 .13308E+09 .12199E+01 .39589E+01 .20800E+01 .40295E+01 .19937E+00 .23466E+01
 .63561E+01 .10438E+06 .69291E+05 .99800E+00 .22451E+00 .26613E+00 .14741E+00 .39486E+01 .11703E+09 .10200E+01 .78566E+00 .23190E+01 .20280E+00 .35865E+01 .36239E+01
 .13381E+02 .12645E+06 .39180E+04 .63965E+00 .41922E+00 .61890E-01 .93982E-01 .56774E+01 .14693E+09 .16187E+01 .22927E+01 .78414E+00 .46740E+01 .53393E+00 .47440E+01
 .10216E+02 .87341E+05 .28431E+04 .32410E+00 .96879E+00 .71720E-01 .67115E-01 .62845E+00 .10753E+09 .27309E+01 .60323E+00 .79279E+00 .18063E+01 .19690E+01 .36393E+01
 .13641E+02 .44753E+06 .18864E+06 .38848E+00 .62486E+00 .21408E+00 .11926E+00 .25556E+01 .64274E+06 .63125E+00 .19092E+01 .11216E+01 .42480E+01 .17572E+00 .47102E+01
 .18530E+02 .47336E+05 .54211E+04 .82815E+00 .91956E+00 .24609E+00 .11086E+00 .21600E+01 .11460E+09 .13679E+01 .26839E+01 .22030E+01 .54725E+01 .50302E+01 .58967E+01
 .11825E+02 .71076E+05 .81720E+04 .90601E-01 .96429E+00 .23263E+00 .17348E+00 .16057E+01 .12365E+09 .19321E+01 .47219E+01 .21477E+01 .44989E+01 .29200E+01 .29076E+01
 .16429E+02 .23653E+06 .27964E+05 .51912E+00 .83157E+00 .81941E-01 .17573E+00 .58336E+01 .57067E+08 .50427E+00 .80057E+00 .12920E+01 .43935E+01 .45094E+01 .83759E+00
 .19195E+01 .91169E+05 .10973E+06 .13399E+00 .49987E+00 .57338E-01 .11397E+00 .61972E+01 .13662E+09 .10172E+01 .13764E+01 .11559E+01 .57399E+01 .12815E+01 .10330E+01
 .10068E+02 .42130E+06 .27831E+06 .72601E+00 .64269E+00 .41669E-01 .14976E+00 .59221E+01 .66404E+08 .20756E+01 .56259E+01 .15387E+01 .11765E+01 .41443E+01 .33415E+01
 .12496E+02 .50579E+06 .87681E+05 .10957E+00 .24298E+00 .29224E+00 .14666E+00 .25545E+01 .14696E+09 .29139E+00 .24661E+01 .18932E+01 .37190E+01 .40070E+01 .22842E+01
 .85094E+01 .26106E+06 .41861E+05 .53633E-01 .99598E+00 .92634E-01 .41880E-01 .44098E+01 .14778E+09 .35334E+00 .21233E+01 .15889E+01 .38045E+01 .17808E+01 .11740E+01
 .52734E+01 .23636E+06 .27321E+05 .99800E+00 .75767E+00 .13041E+00 .93969E-01 .50207E+01 .84883E+08 .64400E+00 .13567E+01 .43327E+00 .38941E-01 .32999E+01 .12964E+01
 .81392E+01 .72534E+06 .43204E+05 .54249E+00 .20643E+00 .12659E+00 .17118E+00 .52716E+01 .88283E+08 .27109E+01 .59675E+01 .22536E+01 .47312E+01 .59146E+01 .15458E+01
 .72141E+01 .31510E+06 .15797E+05 .23946E+00 .98665E+00 .74264E-01 .10223E+00 .19656E+00 .83461E+08 .10745E+01 .22843E+01 .19855E+01 .32007E+01 .26645E+01 .51298E+01
 .17442E+02 .35811E+06 .20636E+06 .11723E+00 .21347E+00 .94256E-01 .14534E+00 .72694E+00 .12747E+09 .20973E+01 .38571E+01 .80019E+00 .59150E+01 .22488E+01 .53881E+01
 .30237E+01 .65476E+05 .53724E+04 .96530E+00 .64721E+00 .22599E+00 .16625E+00 .20501E+01 .45403E+08 .62335E+00 .42994E+01 .16676E+01 .57343E+01 .67471E+00 .13677E+01
 .56561E+01 .29414E+05 .10113E+05 .44437E+00 .98112E+00 .16095E+00 .12889E+00 .50266E+01 .14479E+09 .15012E+01 .80463E+00 .68120E+00 .19395E+01 .43033E+01 .50605E+01
 .82552E+01 .14118E+06 .88351E+04 .12963E+00 .35785E+00 .18482E+00 .50508E-01 .45902E+01 .87822E+08 .11736E+01 .36652E+01 .22080E+01 .24465E+01 .27157E+01 .17301E+01
 .37458E+01 .39371E+05 .59700E+04 .51350E-01 .29565E+00 .60159E-01 .13991E+00 .59115E+01 .44055E+07 .19501E+01 .11842E+01 .13019E+01 .13103E+01 .30220E+01 .57002E+00
 .38468E+01 .37381E+05 .85886E+04 .49206E-01 .30162E+00 .83028E-01 .14106E+00 .59055E+01 .85592E+08 .24763E+00 .23803E+00 .10300E+01 .24188E+01 .61573E+01 .50762E+01
 .21240E+01 .77854E+03 .11719E+04 .85106E+00 .86950E+00 .12077E+00 .82085E-01 .70444E+00 .63985E+08 .16274E+01 .60774E+01 .13573E+01 .59380E+01 .57518E+01 .45792E+01
 .10573E+02 .76328E+05 .14072E+05 .69973E+00 .43607E+00 .17756E+00 .15815E+00 .32176E+01 .10443E+09 .67575E+00 .28704E+01 .20679E+01 .52629E+01 .53165E+01 .31905E+01
 .10316E+02 .51470E+05 .16096E+05 .69686E+00 .44257E+00 .17156E+00 .17308E+00 .32020E+01 .90986E+08 .59681E+00 .39793E+01 .29911E+01 .53717E+01 .41109E+01 .32285E+01
 .11078E+02 .31047E+05 .15010E+05 .74418E+00 .31532E+00 .22193E+00 .15705E+00 .41626E+01 .82036E+08 .14120E+01 .53407E+01 .16926E+01 .21062E+01 .35003E+01 .12512E+01
 .11286E+02 .39614E+05 .15966E+05 .73596E+00 .33399E+00 .21215E+00 .15525E+00 .41844E+01 .47088E+08 .11210E+01 .54027E+01 .55557E+00 .23139E+01 .48287E+01 .58046E+00
 .77527E+01 .94100E+05 .16245E+04 .70527E-01 .50572E+00 .18990E+00 .15435E+00 .19688E+01 .12680E+08 .17859E+01 .47774E+01 .28692E+01 .45016E+01 .41187E+01 .60804E+01
 .12763E+02 .16329E+06 .21235E+05 .84277E+00 .16191E+00 .11726E+00 .13793E+00 .78724E+00 .61154E+08 .20437E+01 .29337E+01 .14538E+01 .21139E+01 .62804E+01 .10940E+01
 .99196E+01 .45234E+05 .11399E+05 .42788E+00 .80064E+00 .18769E+00 .15160E+00 .12411E+01 .12446E+09 .97385E+00 .52179E+01 .21249E+01 .55742E+01 .21442E+01 .28698E+01
 .37121E+01 .18573E+06 .16213E+06 .99800E+00 .99800E+00 .19041E+01 .52531E+00 .51745E+01 .85159E+08 .10761E+01 .43356E+01 .17268E+01 .26239E+01 .28621E+01 .55261E+01
 .13130E+02 .38820E+06 .49835E+05 .52708E+00 .25523E+00 .10108E+00 .13799E+00 .55995E+01 .33381E+07 .15006E+01 .30782E+01 .19407E+01 .44307E+01 .45680E+01 .47572E+01
 .80349E+01 .43695E+04 .56011E+04 .55816E+00 .38315E+00 .19376E+00 .93772E-01 .28399E+01 .63009E+08 .13794E+01 .12026E+01 .10796E+01 .27447E+00 .48392E+01 .19664E+01
 .47212E+01 .26785E+05 .27890E+05 .80807E+00 .54944E+00 .22737E+00 .10027E+00 .32839E+01 .88070E+08 .21870E+01 .22322E+00 .27997E+01 .60449E+01 .13913E+01 .60777E+01
 .12631E+02 .54698E+05 .14572E+05 .20819E+00 .70356E+00 .58950E-01 .41734E-01 .60570E+01 .20763E+08 .10599E+01 .22744E+01 .23236E+01 .44890E+01 .10842E+01 .30558E+01
 .12861E+02 .59608E+05 .11141E+05 .22262E+00 .71374E+00 .76058E-01 .44231E-01 .60416E+01 .50785E+08 .15499E+01 .45320E+00 .12934E+01 .29967E+01 .16173E+01 .62210E+01
 .37756E+01 .50081E+05 .26154E+05 .48780E+00 .78745E-01 .15643E+01 .17659E+01 .14415E+01 .71142E+08 .13760E+01 .37995E+01 .15013E+01 .53091E+01 .20180E+01 .41991E+01
 .10703E+02 .12308E+06 .11394E+06 .74370E+00 .65896E-01 .99999E-01 .15373E+00 .55775E+01 .12305E+09 .12737E+01 .49923E+01 .10059E+01 .30116E+01 .62752E+01 .41627E+01
 .10225E+02 .16370E+06 .22975E+06 .73904E+00 .62958E-01 .10418E+00 .16259E+00 .55717E+01 .13931E+09 .12826E+01 .11180E+01 .28935E+01 .16519E+01 .36274E+01 .35002E+01
 .96421E+01 .61083E+05 .38521E+05 .15676E+00 .83312E+00 .17842E+00 .68112E-01 .16755E+01 .96467E+08 .74242E+00 .41678E+01 .14260E+01 .27517E+01 .61154E+01 .28617E+01
 .51169E+01 .31179E+06 .74659E+04 .86345E+00 .95944E-01 .18626E+00 .76290E-01 .38654E+01 .13412E+09 .54498E+00 .48393E+01 .15744E+01 .89287E+00 .51499E+01 .46613E+01
 .43149E+01 .10381E+06 .46819E+05 .31394E+00 .43977E+00 .98723E-01 .92537E-01 .48274E+01 .44968E+08 .95233E+00 .25856E+01 .16742E+01 .17555E+01 .58338E+01 .80051E+00
 .44348E+01 .11601E+06 .58440E+05 .31202E+00 .43450E+00 .94205E-01 .77407E-01 .48272E+01 .10163E+09 .22263E+01 .41458E+01 .29765E+01 .96639E+00 .58009E+01 .37127E+01
 .57840E+01 .14014E+05 .33885E+04 .15888E+00 .74874E+00 .54145E-01 .34961E-01 .54136E+01 .31940E+08 .11690E+01 .22997E+01 .10617E+01 .43820E+01 .17492E+01 .40543E+01
 .21536E+01 .18982E+05 .12286E+05 .72366E+00 .71943E+00 .25322E+00 .16276E+00 .42906E+01 .14377E+09 .22198E+01 .60260E+01 .11909E+01 .57997E+01 .21353E+01 .39581E+01
 .55333E+01 .14259E+06 .14715E+05 .72834E+00 .99800E+00 .14049E+00 .26809E-01 .32813E+01 .15129E+09 .14150E+01 .22647E+01 .28417E+01 .29824E+01 .25799E+01 .35059E+01
 .16605E+02 .25803E+06 .29664E+05 .80113E+00 .92292E+00 .17267E+00 .19126E+00 .12195E+01 .13579E+09 .20685E+01 .39991E+01 .20239E+01 .40522E+01 .48972E+01 .24418E+01
 .14265E+02 .10993E+05 .10814E+04 .33812E+00 .76931E+00 .20493E+00 .10109E+00 .43293E+01 .12363E+09 .20059E+01 .32759E+01 .15213E+01 .54248E+01 .48401E+01 .39433E+00
 .18651E+01 .32792E+05 .10913E+05 .92186E+00 .99800E+00 .19143E+01 .82932E+00 .77875E+00 .95566E+08 .17729E+01 .10809E+00 .18810E+01 .19890E+01 .43282E+01 .59400E+01
 .75760E+01 .62387E+06 .28936E+05 .88822E+00 .88211E+00 .45637E-01 .15656E+00 .60766E+01 .42999E+07 .28258E+01 .42266E+01 .16985E+01 .55481E+01 .27457E+01 .35520E+01
 .14219E+02 .51692E+06 .13557E+05 .53925E+00 .11406E+00 .28916E+00 .14560E+00 .27018E+01 .54003E+08 .15424E+01 .41964E+01 .12039E+01 .44313E+01 .88064E+00 .42371E+01
 .86496E+01 .44311E+05 .35286E+05 .34150E-01 .77525E+00 .11589E+00 .15310E+00 .54416E+01 .12986E+09 .16862E+01 .48727E+01 .26840E+01 .61812E+01 .25132E+01 .29671E+01
 .66291E+01 .12894E+06 .12490E+05 .71225E+00 .75060E+00 .60472E-01 .16684E+00 .60656E+01 .82930E+08 .29477E+01 .28004E+00 .29233E+01 .49989E+01 .18714E+01 .57308E+00
 .73178E+01 .10092E+06 .72217E+04 .69005E+00 .57301E+00 .19698E+00 .11797E+00 .35995E+01 .37234E+08 .14625E+01 .26032E+00 .20864E+01 .20488E+01 .39139E+01 .17665E+01
 .27452E+01 .16498E+08 .47407E+06 .44334E+00 .99800E+00 .20956E+00 .13990E+00 .45821E+01 .86693E+08 .24589E+01 .43236E+01 .15651E+01 .27002E+01 .45106E+01 .28620E+01
 .12731E+02 .29239E+06 .90577E+05 .16405E+00 .89822E+00 .15014E+00 .16065E+00 .45818E+01 .45674E+08 .41666E+00 .13202E+00 .22338E+01 .17982E+01 .54851E+01 .29314E+01
 .51594E+01 .17705E+06 .96445E+05 .44871E+00 .59453E+00 .50215E-01 .32679E-01 .59146E+00 .11071E+08 .83348E+00 .12221E+00 .10954E+01 .89918E-02 .13554E+01 .17584E+01
 .10602E+02 .40632E+06 .10333E+06 .28315E+00 .40704E+00 .31116E+00 .16144E+00 .25911E+01 .19807E+08 .29455E+00 .24360E+01 .15773E+01 .35651E+01 .19144E+00 .15517E+01
 .17049E+02 .14490E+06 .46394E+05 .76889E+00 .88975E+00 .16193E+00 .15208E+00 .50529E+01 .13591E+09 .13307E+01 .57350E+01 .34853E+00 .84718E+00 .17833E+00 .34379E+01
 .12399E+02 .96434E+05 .89511E+04 .66516E+00 .36340E+00 .30499E+00 .14508E+00 .38192E+01 .56909E+08 .22611E+01 .10323E+00 .14573E+01 .17934E+01 .54542E+01 .39506E+01
 .13969E+02 .56424E+05 .24534E+04 .80221E+00 .15460E+00 .16860E+00 .12387E+00 .51413E+01 .74805E+08 .18415E+01 .94158E+00 .18905E+01 .44402E+01 .52771E+01 .95324E+00
 .96397E+01 .28385E+06 .91952E+05 .18799E+00 .96233E+00 .12401E+00 .15613E+00 .50148E+01 .82557E+08 .15995E+01 .50920E+01 .15288E+01 .21591E+01 .53710E+01 .54595E+01
 .14784E+02 .53987E+05 .74620E+03 .18446E-01 .56617E+00 .24085E+00 .15050E+00 .42918E+01 .26917E+08 .93880E+00 .17530E+01 .20721E+01 .62681E+01 .34720E+01 .45588E+01
 .52664E+01 .33536E+06 .12784E+05 .87771E+00 .76327E+00 .51518E-01 .14716E+00 .56724E+01 .81701E+08 .26076E+01 .23387E+01 .22984E+01 .20596E+01 .41291E+00 .44942E+01
 .84400E+01 .39959E+05 .15355E+05 .69431E+00 .26413E+00 .19434E+00 .12881E+00 .47535E+01 .35178E+08 .18563E+01 .39019E+01 .29699E+01 .39216E+01 .25178E+01 .27383E+01
 .61927E+01 .44834E+06 .76157E+04 .35007E+00 .78062E+00 .55136E-01 .64762E-01 .25521E+00 .32327E+08 .14449E+01 .12126E+01 .13788E+01 .61321E+01 .28008E+01 .55985E+01
 .46374E+01 .26058E+06 .20128E+06 .24509E+00 .66725E+00 .26589E-01 .13795E+00 .23843E+00 .87609E+08 .20424E+01 .87404E+00 .19959E+01 .13738E+01 .28101E+01 .11228E+01
 .97486E+01 .23084E+06 .41011E+05 .47844E+00 .50327E+00 .18618E+00 .67696E-01 .35744E+01 .87227E+07 .13674E+01 .28863E+01 .15693E+01 .54098E+01 .19506E+01 .15575E+01
 .64347E+01 .64217E+05 .15319E+05 .55294E+00 .62597E+00 .24991E+00 .58111E-01 .36706E+01 .15391E+09 .96447E+00 .43290E+01 .15998E+01 .53477E+01 .36628E+01 .22100E+01
 .61946E+01 .22855E+06 .23523E+05 .73692E+00 .99796E+00 .11702E+00 .13107E+00 .56726E+01 .14730E+09 .94150E+00 .57810E+01 .23923E+01 .35413E+01 .61671E+01 .42586E+01
 .13833E+02 .55297E+04 .38153E+04 .94090E+00 .89471E-01 .12371E+00 .62058E-01 .48749E+01 .12746E+09 .18557E+01 .23156E+01 .10072E+01 .11313E+01 .62155E+01 .46536E+01
 .10613E+02 .16235E+06 .20452E+05 .40395E+00 .61942E+00 .12851E+00 .38820E-01 .34286E+01 .12271E+09 .24175E+01 .56429E+01 .10894E+01 .14222E+01 .17706E+01 .60553E+01
 .79461E+01 .35814E+06 .12831E+06 .18323E+00 .21167E+00 .17676E+00 .65759E-01 .45497E+01 .15580E+09 .15019E+01 .26496E+01 .13526E+01 .54055E+01 .33069E+01 .18495E+01
 .20300E+01 .77583E+06 .71145E+06 .78314E+00 .99800E+00 .22773E+00 .12868E+00 .27244E+01 .26794E+08 .29126E+01 .33969E+01 .16778E+01 .55396E+01 .56601E+00 .27343E+01
 .73194E+01 .22259E+06 .17861E+06 .31662E+00 .70936E+00 .14220E+00 .12227E+00 .99725E+00 .96799E+08 .76614E+00 .12313E+01 .15544E+01 .21717E+01 .37774E+01 .13739E+01
 .51404E+01 .12948E+06 .74416E+04 .97235E+00 .26860E+00 .11845E+00 .15184E+00 .10268E+01 .12771E+09 .21163E+01 .40436E+01 .12886E+01 .47608E+01 .12969E+01 .10852E+01
 .11343E+02 .56724E+05 .48842E+05 .28782E+00 .51659E+00 .12739E+00 .91430E-01 .27056E+01 .89481E+08 .14131E+01 .48993E+01 .20002E+01 .22447E+00 .29609E+01 .56340E-01
 .11159E+02 .51782E+05 .52245E+05 .15953E+00 .11655E+00 .10802E+00 .10911E+00 .75640E+00 .11823E+09 .16710E+01 .41058E+01 .14118E+01 .41549E+01 .21450E+00 .30052E+01
 .96765E+01 .82432E+05 .79993E+05 .31180E+00 .28042E+00 .24323E-01 .25754E-01 .60922E+01 .65110E+08 .18325E+01 .45934E+01 .25330E+01 .13971E+01 .24611E+01 .25404E+01
 .11920E+02 .40031E+06 .14162E+06 .97281E+00 .45864E+00 .47215E-01 .13313E+00 .60646E+01 .75270E+08 .14538E+01 .75509E-01 .12364E+01 .26824E+01 .52048E+00 .44975E+01
 .16556E+02 .41418E+05 .35875E+05 .21835E+00 .84037E-01 .16124E+00 .13623E+00 .43615E+01 .10436E+09 .25151E+01 .23104E+01 .55559E+00 .26596E+01 .40478E+01 .14708E+01
 .17963E+02 .79596E+05 .10097E+05 .63701E+00 .38385E+00 .10013E+00 .15399E+00 .56933E+01 .13243E+09 .23835E+01 .50803E+01 .18787E+01 .62170E+01 .26479E+01 .19900E+01
 .11185E+02 .48814E+06 .57681E+05 .23508E+00 .84087E+00 .11513E+00 .14383E+00 .84811E+00 .15045E+09 .20885E+01 .34135E+01 .50738E+00 .54275E+01 .14879E+01 .46969E+00
 .14150E+02 .11949E+06 .69466E+05 .66482E+00 .48789E+00 .24805E+00 .11135E+00 .27646E+01 .14789E+09 .13779E+01 .52209E+01 .75282E+00 .37478E+01 .23848E+01 .37610E+01
 .12491E+02 .52893E+06 .20396E+06 .24147E+00 .59573E+00 .21804E+00 .10987E+00 .44024E+01 .15697E+09 .53255E+00 .53977E+01 .20504E+01 .39165E+00 .14291E+01 .35132E+01
 .27857E+01 .22755E+05 .36816E+04 .10574E+00 .39776E+00 .99500E+00 .18082E+01 .41069E+00 .54830E+08 .22897E+01 .31316E+01 .50707E+00 .23874E+01 .40246E+01 .41481E+01
 .13378E+02 .49645E+05 .30713E+05 .33050E+00 .81790E+00 .54407E-01 .47218E-01 .49906E-01 .40003E+08 .28293E+01 .66474E+00 .25688E+01 .52534E+01 .61335E+01 .13314E+01
 .54504E+01 .15370E+06 .25766E+05 .31712E+00 .17036E+00 .17546E+00 .17606E+00 .12798E+01 .72882E+07 .17969E+01 .50388E+01 .12582E+01 .48808E+01 .33629E+01 .26491E+01
 .34852E+01 .41042E+04 .16876E+04 .99800E+00 .98662E+00 .19552E+00 .15699E+00 .13410E+01 .14440E+09 .23662E+01 .25804E+01 .19799E+01 .26624E+01 .36398E+01 .46447E+01
 .16392E+01 .75223E+05 .53400E+04 .95850E-01 .19633E+00 .22203E+00 .15733E+00 .19064E+01 .64100E+08 .12633E+01 .28729E+01 .19806E+01 .60263E+01 .51699E+01 .35617E+01
 .39818E+01 .22511E+06 .23090E+05 .25893E+00 .35025E+00 .20658E+00 .52268E-01 .38382E+01 .13547E+09 .14897E+01 .14002E+01 .60733E+00 .61029E+01 .19947E+01 .50715E+01
 .85122E+00 .19026E+06 .20930E+05 .50064E+00 .90340E+00 .22788E+00 .15761E+00 .14040E+01 .50478E+08 .96767E+00 .14158E+01 .10300E+01 .37136E+01 .14798E+00 .49624E+01
 .31371E+01 .27150E+05 .15814E+05 .24502E+00 .29863E+00 .89812E-01 .55077E-01 .50530E+01 .12523E+09 .35838E+00 .15202E+01 .42114E+00 .10939E+01 .21252E+01 .34770E+01
 .12576E+02 .52011E+05 .14577E+05 .91183E+00 .73631E+00 .81364E-01 .69626E-01 .15242E+01 .77215E+08 .18617E+01 .96152E+00 .17881E+01 .56718E+01 .39044E+01 .55926E+01
 .16332E+01 .67434E+06 .31297E+04 .99800E+00 .22167E+00 .14247E+00 .69269E-01 .23666E+01 .26174E+08 .16523E+01 .53552E+01 .91197E+00 .44525E+01 .49015E+01 .62092E+01
 .46152E+01 .30279E+05 .20816E+05 .68834E+00 .99800E+00 .17995E+01 .26508E+01 .14966E+01 .11994E+09 .12160E+01 .32433E+01 .14004E+01 .24602E+01 .35455E+01 .11253E+01
 .15869E+01 .18375E+06 .13310E+04 .55388E+00 .68983E+00 .16518E+00 .13950E+00 .16649E+01 .10756E+09 .12926E+01 .11664E+01 .37139E+00 .34673E+01 .53177E+01 .58552E+01
 .46418E+01 .31734E+05 .17052E+05 .64176E+00 .21806E+00 .17847E+00 .16445E+00 .46638E+01 .44121E+08 .19015E+01 .33254E+01 .29130E+01 .60308E+01 .60589E+01 .13050E+01
 .33203E+01 .46995E+05 .17121E+05 .50251E+00 .70050E+00 .19905E+00 .81962E-01 .16188E+01 .14159E+09 .16003E+01 .29850E+01 .91155E+00 .21496E+01 .43748E+01 .51953E+01
 .52825E+01 .26904E+06 .54839E+05 .31795E-02 .41403E+00 .15123E+00 .17471E+00 .96894E+00 .11818E+09 .18689E+01 .29441E+01 .89540E+00 .34522E+01 .19357E+01 .68710E+00
 .18066E+02 .21200E+05 .57201E+04 .26402E+00 .72657E+00 .59431E-01 .10714E+00 .53986E+01 .42266E+08 .19242E+01 .43444E+01 .24400E+01 .13581E+01 .59596E+01 .13770E+01
 .97531E+01 .11297E+05 .95714E+04 .31502E+00 .33309E+00 .83670E-01 .63293E-01 .58114E+01 .12330E+09 .21450E+01 .86714E-01 .41198E+00 .35990E+01 .11602E+01 .44899E+01
 .10061E+02 .34133E+06 .78205E+05 .66588E+00 .20340E+00 .88695E-01 .16007E+00 .47504E+00 .20235E+08 .17889E+01 .88516E-01 .40591E+00 .30689E+01 .25539E+00 .10361E+01
 .11976E+02 .84297E+05 .32429E+05 .30386E+00 .56949E-01 .93775E-01 .99170E-01 .11162E+01 .35586E+08 .39900E+00 .24785E+01 .24047E+01 .16692E+01 .45808E+00 .19996E+01
 .14173E+02 .31130E+05 .29859E+04 .21801E+00 .92945E+00 .28117E+00 .17883E+00 .39769E+01 .48489E+08 .13081E+01 .16527E+01 .13693E+01 .72040E+00 .47736E+01 .12311E+01
 .11464E+02 .18397E+06 .36819E+05 .82051E+00 .72816E+00 .25714E+00 .12649E+00 .24495E+01 .10254E+09 .14126E+01 .43232E+01 .86987E+00 .47306E+00 .47669E+01 .43486E+01
 .11210E+02 .21653E+06 .27221E+05 .81986E+00 .73258E+00 .25698E+00 .12905E+00 .24430E+01 .66731E+08 .23047E+01 .26905E+01 .13532E+01 .36056E+01 .36868E+01 .22613E+01
 .83181E+01 .39855E+06 .34445E+05 .41444E+00 .69291E+00 .85472E-01 .41617E-01 .39956E+01 .46946E+08 .20790E+01 .39742E+00 .77841E+00 .38193E+01 .41373E+01 .34485E+01
 .10486E+02 .19659E+05 .20889E+05 .98595E+00 .69424E-01 .11142E+00 .92682E-01 .55013E+01 .12025E+09 .11813E+01 .60774E+01 .24872E+01 .87431E+00 .44643E+01 .48293E+01
 .16163E+02 .33070E+05 .52900E+04 .71657E+00 .16427E+00 .17078E+00 .61607E-01 .22242E+01 .41940E+08 .10652E+01 .21307E+01 .21898E+01 .12433E+01 .38505E+01 .34496E+01
 .11047E+02 .21406E+06 .30634E+05 .83760E+00 .25510E-01 .23361E+00 .17448E+00 .34341E+01 .13855E+09 .18489E+01 .37833E+01 .10854E+01 .39953E+01 .44079E-01 .23755E+00
 .10744E+02 .12799E+06 .81335E+05 .32687E+00 .68474E-01 .14257E+00 .10436E+00 .41316E+01 .82514E+07 .21883E+01 .45231E+01 .14570E+01 .42864E+01 .15793E+01 .13789E+01
 .88549E+01 .22999E+06 .50364E+05 .16960E+00 .39591E+00 .28644E+00 .14838E+00 .35512E+01 .63203E+08 .10378E+01 .36922E+01 .74496E+00 .39613E+01 .46210E+01 .36094E+01
 .64225E+01 .18530E+06 .59395E+05 .99800E+00 .68088E+00 .13202E+00 .79952E-01 .21322E+01 .28288E+08 .28391E+01 .68261E+00 .21768E+01 .38174E+01 .35207E+01 .57500E+01
 .98253E+01 .29583E+05 .17247E+05 .50537E+00 .63609E+00 .23870E+00 .12172E+00 .42382E+01 .11836E+09 .19328E+01 .37845E+01 .20335E+01 .48643E+01 .45900E+01 .47948E+01
 .70908E+01 .12531E+06 .17457E+05 .92362E+00 .59558E+00 .11633E+00 .14857E+00 .53554E+01 .40086E+08 .13732E+01 .84309E-01 .19998E+01 .51759E+01 .46720E+01 .42159E+01
 .14505E+02 .17476E+06 .51922E+04 .35407E+00 .41900E+00 .92808E-01 .12395E+00 .56160E+01 .57615E+08 .11913E+01 .18017E+00 .18246E+01 .50255E+01 .51729E+01 .20615E+01
 .11806E+02 .38039E+06 .41894E+05 .50197E+00 .22850E+00 .19029E+00 .88758E-01 .37376E+01 .13404E+09 .30982E+01 .12610E+01 .44755E+00 .38928E+01 .45031E+01 .42256E+01
 .69992E+01 .16101E+06 .14319E+06 .73529E+00 .19102E+00 .12243E+00 .10481E+00 .13810E+01 .36711E+08 .15159E+01 .14000E+01 .25993E+01 .31973E+01 .91647E-01 .67999E+00
 .74200E+01 .15174E+06 .22492E+04 .85382E+00 .91787E+00 .63460E-01 .13825E+00 .57607E+01 .45157E+08 .16917E+01 .55942E+01 .25142E+01 .54672E+00 .55014E+01 .11575E+01
 .17864E+02 .92265E+05 .16922E+05 .83773E+00 .80066E+00 .10103E+00 .68382E-01 .49835E+01 .15433E+09 .99650E+00 .18373E+01 .29109E+01 .40428E+01 .25810E+01 .95594E+00
 .10066E+02 .25698E+06 .14580E+06 .15089E-01 .50044E+00 .12639E+00 .13387E+00 .53057E+01 .53124E+08 .22557E+01 .35712E+01 .12702E+01 .28588E+00 .30060E+01 .33993E+01
 .13563E+02 .18295E+06 .44671E+05 .64602E+00 .42415E+00 .28450E+00 .14864E+00 .36599E+01 .82375E+08 .17103E+01 .24577E+01 .80878E+00 .57246E+00 .61287E+01 .14294E+01
 .13474E+02 .83751E+06 .56635E+05 .69231E+00 .51613E+00 .26691E+00 .14961E+00 .21683E+01 .68070E+08 .20123E+01 .60212E+01 .21735E+01 .57229E+01 .31408E+01 .22831E+01
 .76111E+01 .76413E+06 .14987E+06 .57137E+00 .93932E+00 .12342E+00 .11044E+00 .12918E+01 .10725E+09 .15827E+01 .51686E+01 .12692E+01 .36459E+00 .59080E+01 .46741E+01
 .66044E+01 .16941E+06 .56841E+05 .29072E+00 .14255E+00 .25650E+00 .17174E+00 .21555E+01 .98525E+08 .22150E+01 .50182E+00 .15461E+01 .19981E+01 .37777E+01 .13948E+01
 .88226E+01 .21771E+06 .71185E+05 .37955E+00 .18493E-02 .21837E+00 .93365E-01 .30438E+01 .46982E+08 .17159E+01 .39293E+01 .24553E+01 .32986E+01 .15050E+01 .30125E+01
 .35933E+01 .25273E+06 .13347E+06 .87921E+00 .99800E+00 .72953E+00 .27040E+01 .28710E+01 .14750E+09 .51527E+00 .30952E+01 .28079E+01 .16132E+01 .57135E+01 .22089E+01
 .40507E+01 .54649E+06 .15630E+06 .40662E-01 .83520E+00 .18762E-01 .88685E-01 .88886E-01 .35219E+08 .16714E+01 .12987E+01 .22527E+01 .41704E+01 .37271E+01 .33296E+01
 .13727E+02 .20267E+06 .46499E+05 .66329E+00 .93844E+00 .76560E-01 .19517E+00 .42402E+00 .17559E+08 .22373E+01 .11234E+01 .18003E+01 .30724E+01 .11964E+01 .24359E+01
 .95334E+01 .81527E+06 .30370E+06 .33514E+00 .79568E+00 .17134E+00 .99687E-01 .43939E+01 .92947E+07 .82646E+00 .16458E+01 .16602E+01 .32975E+01 .22026E+01 .31858E+01
 .60696E+01 .58179E+05 .72680E+05 .32329E+00 .50251E+00 .14289E+00 .41563E-01 .92459E+00 .11847E+09 .73961E+00 .37792E+00 .28765E+01 .21935E+00 .26666E+01 .20095E+01
 .54052E+01 .39615E+06 .13152E+05 .79067E+00 .21875E+00 .20989E+00 .36999E-01 .23488E+01 .14800E+09 .13852E+01 .44241E+01 .17174E+01 .20949E+00 .88288E+00 .32785E+01
 .13502E+02 .23373E+06 .15973E+05 .87814E+00 .23431E+00 .17256E+00 .69430E-01 .22921E+01 .59148E+08 .13024E+01 .28417E+01 .18813E+01 .28004E+01 .30675E+01 .14219E+01
 .73855E+01 .24957E+05 .15209E+04 .48485E+00 .58892E+00 .24341E-01 .16467E+00 .17923E+00 .28086E+08 .13400E+01 .28147E+01 .17613E+01 .34582E+01 .54155E+01 .19705E+01
 .72277E+01 .15349E+05 .10114E+04 .49262E+00 .58991E+00 .24531E-01 .16943E+00 .18791E+00 .58642E+08 .10346E+01 .14353E+01 .11413E+01 .40981E+01 .45188E+01 .12729E+01
 .61344E+01 .93755E+05 .58552E+04 .78500E+00 .85626E+00 .60068E-01 .10288E+00 .62358E+01 .54158E+08 .76832E+00 .16883E+01 .13998E+01 .35852E+01 .58101E+01 .57844E+00
 .96015E+01 .13500E+06 .10530E+06 .42322E+00 .13431E+00 .11517E+00 .10010E+00 .53129E+01 .52177E+08 .10687E+01 .52868E+01 .17429E+01 .56925E+01 .44448E+01 .56632E+01
 .88958E+01 .21113E+06 .97154E+04 .44973E+00 .90838E-01 .26461E+00 .11717E+00 .36304E+01 .78048E+08 .84984E+00 .54304E+01 .28436E+01 .49108E+01 .45114E+01 .35305E+01
 .12059E+02 .46810E+05 .23504E+05 .37792E+00 .18767E+00 .13499E+00 .10485E+00 .47211E+01 .12387E+09 .27035E+01 .33986E+01 .22015E+01 .79657E+00 .29198E+01 .59075E+01
 .11867E+02 .49560E+05 .21118E+05 .39799E+00 .18574E+00 .12262E+00 .97915E-01 .47264E+01 .49431E+08 .14442E+01 .12806E+01 .67701E+00 .44074E+01 .45385E+01 .25120E+00
 .62205E+01 .47216E+05 .55461E+04 .73695E+00 .66727E-01 .24101E+00 .15331E+00 .31532E+01 .15105E+09 .55175E+00 .25651E+01 .74989E+00 .60530E+01 .51218E+01 .18375E+01
 .57663E+01 .80814E+04 .12817E+04 .53096E+00 .65454E+00 .66513E-01 .16100E+00 .58340E+01 .14954E+09 .23501E+01 .29411E+01 .13465E+01 .24624E+00 .62343E+01 .83798E+00
 .81074E+01 .18053E+06 .15974E+05 .52686E+00 .24126E+00 .27243E-01 .14014E+00 .61105E+01 .65051E+08 .64458E+00 .16341E+01 .17883E+01 .27081E+00 .15469E+01 .24374E+01
 .33481E+01 .62103E+05 .13584E+05 .26825E+00 .99800E+00 .11266E+00 .45508E-03 .17030E+01 .86698E+08 .15541E+01 .52219E+01 .24596E+01 .12191E+01 .12929E+01 .59196E+01
 .65664E+01 .60757E+05 .20348E+05 .20407E+00 .34243E-01 .29752E+00 .16588E+00 .25048E+01 .28782E+08 .19745E+01 .76648E+00 .11515E+01 .10906E+01 .12959E+00 .15453E+01
 .77972E+01 .29728E+06 .70856E+05 .17241E+00 .67641E+00 .17777E+00 .15440E+00 .43125E+01 .62135E+08 .14019E+01 .13549E+01 .10786E+01 .47360E+01 .69041E+00 .50748E+01
 .65580E+01 .59425E+05 .34004E+05 .52667E+00 .58265E-02 .89201E-01 .55831E-01 .15551E+01 .10684E+09 .13024E+01 .62184E+01 .27579E+01 .18218E+01 .10902E+01 .42972E+01
 .60028E+01 .14356E+06 .41113E+05 .84504E-02 .15915E+00 .27767E-02 .15364E+00 .16636E-02 .63992E+08 .20386E+01 .23533E+01 .17346E+01 .23145E+01 .66117E-01 .59554E+01
 .10528E+02 .17862E+06 .34421E+04 .99228E+00 .22183E+00 .17482E+00 .14374E+00 .50572E+01 .12143E+09 .10748E+01 .38697E+01 .30372E+01 .21353E+01 .59660E+01 .66563E-01
 .10716E+02 .13393E+06 .53516E+05 .25273E+00 .29590E+00 .18310E+00 .76563E-01 .46126E+01 .40542E+08 .48202E+00 .22829E+01 .93047E+00 .22370E+01 .17202E+01 .49025E+01
 .68555E+01 .30248E+06 .34016E+05 .32412E+00 .40254E+00 .22844E+00 .13136E+00 .37625E+01 .12963E+09 .54446E+00 .15938E+01 .17833E+01 .33258E+01 .19557E+01 .47793E+01
 .16622E+02 .19226E+06 .49889E+05 .85832E+00 .78693E-01 .12785E+00 .13192E+00 .13125E+01 .81722E+08 .62921E+00 .54613E+00 .26399E+01 .35102E+01 .55589E+01 .45104E+01
 .74471E+01 .67209E+05 .47735E+05 .63318E+00 .51255E+00 .22289E+00 .96875E-01 .41034E+01 .23459E+08 .17322E+01 .53820E+01 .12629E+01 .36719E+01 .18053E+01 .22567E+01
 .75561E+01 .11797E+05 .10586E+05 .49067E+00 .93424E+00 .10722E+00 .82500E-01 .57146E+01 .81705E+08 .10481E+01 .37598E+01 .14510E+01 .35875E+01 .56792E+01 .35462E+01
 .43785E+01 .39802E+05 .18967E+05 .89711E-01 .78199E+00 .12347E+00 .14310E+00 .51649E+01 .10017E+09 .13568E+01 .52514E+01 .19046E+01 .36432E+01 .46801E+01 .88453E+00
 .67252E+01 .52099E+05 .10475E+05 .28212E+00 .91326E+00 .16219E+00 .12663E+00 .15283E+01 .59847E+08 .26762E+01 .32876E+01 .63504E+00 .27451E+01 .54404E+01 .43291E+01
 .65102E+01 .13175E+05 .78064E+04 .68751E+00 .43826E+00 .95100E-01 .37897E-01 .15851E+00 .62480E+08 .26033E+01 .19572E+01 .20390E+01 .17118E+00 .50703E+01 .14550E+00
 .12677E+02 .18529E+06 .14707E+05 .47322E+00 .84366E+00 .14119E+00 .11115E+00 .52654E+01 .26603E+08 .16777E+01 .38293E+01 .19651E+01 .54894E+01 .57390E+01 .52063E+01
 .54350E+01 .44849E+05 .25748E+05 .92323E+00 .34525E+00 .13359E-01 .13008E+00 .17196E+00 .10719E+09 .11376E+01 .31249E+01 .11952E+01 .17207E+01 .19727E+01 .44927E+01
 .13792E+02 .16927E+05 .61402E+04 .67240E+00 .77973E+00 .17397E+00 .60549E-01 .32851E+01 .11313E+09 .38905E+00 .48497E+01 .17857E+01 .23570E+01 .27779E+01 .36491E+01
 .15530E+02 .14014E+06 .10924E+06 .92388E+00 .60327E+00 .64781E-01 .96516E-01 .43169E+00 .14775E+09 .79669E+00 .29651E+01 .12301E+01 .32896E+01 .24373E+01 .15275E+01
 .74909E+01 .47789E+06 .90162E+05 .39242E+00 .43642E-01 .29942E+00 .17228E+00 .23092E+01 .14607E+09 .12028E+01 .60592E+01 .26946E+01 .62745E+01 .33521E+01 .35722E+01
 .10850E+02 .61519E+06 .10311E+06 .23759E+00 .55341E-01 .46004E-01 .13941E+00 .62659E+01 .69405E+08 .19230E+01 .51663E+01 .17294E+01 .21579E+01 .25790E+00 .55949E+01
 .11227E+02 .25263E+06 .84712E+05 .64972E+00 .77314E+00 .73279E-01 .10786E+00 .84803E+00 .12315E+09 .10622E+01 .44049E+01 .19156E+01 .23987E+01 .28810E+01 .18774E+01
 .11189E+02 .22494E+06 .80948E+05 .65643E+00 .76743E+00 .75191E-01 .11057E+00 .86959E+00 .27192E+08 .19741E+01 .54056E+01 .22310E+01 .23046E+01 .58961E+01 .58522E+01
 .81193E+01 .17627E+06 .12179E+05 .59955E+00 .47720E+00 .24808E+00 .14892E+00 .44084E+01 .49575E+08 .10742E+01 .52148E+01 .23273E+01 .18404E+00 .36412E+01 .30862E+01
 .78136E+01 .49790E+06 .54653E+05 .28579E+00 .15694E+00 .18016E+00 .87474E-01 .36854E+01 .98430E+08 .19930E+01 .60390E+01 .75152E+00 .19124E+01 .61981E+01 .47740E+01
 .80509E+01 .21720E+06 .99440E+05 .75692E+00 .90160E+00 .13998E+00 .35371E-01 .41840E+01 .15525E+09 .10772E+01 .56219E+01 .12609E+01 .10104E+01 .40520E+01 .39532E+00
 .16165E+02 .82239E+05 .62666E+05 .50904E-01 .78406E+00 .21832E+00 .11440E+00 .15275E+01 .11602E+09 .25845E+01 .20521E+01 .10498E+01 .12704E+01 .59095E+01 .22122E+01
 .13471E+02 .31177E+06 .16490E+05 .99409E+00 .75910E+00 .22426E+00 .11992E+00 .23493E+01 .48100E+08 .30578E+01 .20262E+01 .17740E+01 .21309E+01 .36811E+01 .15255E+01
 .99188E+01 .22640E+06 .65550E+05 .96913E-01 .75332E+00 .22962E+00 .17656E+00 .26751E+01 .33658E+08 .16385E+01 .28790E+01 .30631E+01 .32530E+01 .21463E+01 .57903E+01
 .98166E+01 .45705E+06 .10140E+06 .22825E+00 .43609E+00 .29164E+00 .11937E+00 .24644E+01 .10197E+09 .21491E+01 .41198E+01 .92690E+00 .28065E+01 .33547E+01 .38444E+01
 .32602E+01 .14909E+06 .12022E+06 .99800E+00 .55412E+00 .19538E+01 .36519E+00 .55952E-01 .50606E+08 .15720E+01 .48794E+01 .27285E+01 .87780E+00 .54905E+01 .42615E+01
 .15546E+02 .10317E+06 .59236E+05 .66453E+00 .78480E+00 .28386E+00 .12766E+00 .28807E+01 .75120E+08 .19386E+01 .86036E+00 .10419E+01 .22931E+01 .15999E+01 .82442E+00
 .13041E+02 .89043E+05 .71046E+05 .32392E+00 .21625E+00 .19105E+00 .94115E-01 .18441E+01 .10181E+08 .25902E+01 .31065E+01 .15402E+01 .59223E+01 .50326E+01 .36075E+01
 .75092E+01 .34880E+06 .55674E+05 .55458E+00 .64369E+00 .30004E+00 .17363E+00 .40236E+01 .23730E+08 .18925E+01 .32869E+01 .21331E+01 .43326E+01 .15108E+01 .44682E+01
 .59833E+01 .99666E+05 .31928E+05 .99800E+00 .99800E+00 .24646E+01 .40062E+00 .14711E+01 .15746E+09 .29569E+01 .20622E+01 .23166E+01 .30817E+01 .52006E+01 .36239E+01
 .42757E+01 .34412E+06 .11365E+06 .99800E+00 .86673E+00 .12576E+00 .11433E+00 .51759E+01 .83999E+08 .17612E+01 .14953E+01 .18776E+01 .52166E+01 .17998E+01 .90794E+00
 .85356E+01 .55384E+06 .97732E+05 .81244E+00 .14406E+00 .14825E+00 .99604E-01 .82956E+00 .14862E+09 .71140E+00 .12148E+01 .24702E+01 .36381E+01 .11449E+01 .49022E+00
 .68692E+01 .34935E+05 .28744E+05 .94265E+00 .82579E+00 .15739E+00 .14918E+00 .52158E+01 .50714E+08 .29215E+01 .41231E+01 .20744E+01 .58942E+01 .13000E+01 .13922E+01
 .12559E+02 .27787E+06 .53508E+06 .73788E+00 .97230E+00 .25514E+00 .98971E-01 .25764E+01 .89137E+08 .81320E+00 .36351E-01 .13171E+01 .54693E+01 .33269E+01 .71120E+00
 .13689E+02 .58436E+06 .16728E+06 .57326E+00 .62832E+00 .13749E+00 .15537E+00 .85367E+00 .90192E+08 .21450E+01 .54700E+01 .12190E+01 .53067E+00 .10233E+01 .11863E+01
 .10996E+02 .28166E+05 .22325E+05 .61610E-01 .96019E+00 .19463E+00 .15961E+00 .15452E+01 .35295E+08 .21033E+01 .37777E+01 .21792E+01 .26303E+01 .28219E+01 .11509E+01
 .10624E+02 .16084E+06 .24166E+06 .77974E+00 .48291E+00 .26725E+00 .13134E+00 .25066E+01 .45861E+08 .20190E+01 .56231E+01 .13458E+01 .45665E+01 .56972E+01 .38179E+01
 .16193E+02 .58041E+06 .22404E+06 .62768E+00 .30789E+00 .80175E-01 .40322E-01 .25199E+01 .90623E+08 .22999E+01 .44343E+01 .90317E+00 .24417E+01 .50056E+01 .73981E+00
 .10548E+02 .58824E+06 .37546E+06 .46152E-01 .34383E+00 .18868E+00 .13575E+00 .43435E+01 .39637E+08 .50961E+00 .25187E+01 .23972E+01 .61062E+01 .15133E+01 .58425E+01
 .11136E+02 .37708E+06 .67882E+05 .22141E+00 .57660E+00 .24430E+00 .12110E+00 .40409E+01 .83391E+07 .22457E+01 .56073E+01 .14048E+01 .28946E+01 .61895E+01 .54654E+01
 .16300E+02 .28703E+06 .32146E+05 .58264E+00 .16898E+00 .11771E+00 .10231E+00 .10400E+01 .12658E+09 .14176E+01 .17677E+01 .21893E+01 .56355E+01 .31822E+00 .26092E+01
 .22566E+01 .31905E+06 .37802E+05 .92601E+00 .79807E+00 .12356E+00 .15434E+00 .82786E+00 .51581E+08 .19194E+01 .95668E+00 .25642E+01 .42769E+01 .44663E+01 .50115E+01
 .23404E+01 .40834E+06 .36957E+05 .94810E+00 .79696E+00 .14871E+00 .13970E+00 .82101E+00 .14890E+09 .20156E+01 .32306E+01 .12312E+01 .26167E+01 .60232E+01 .28595E+01
 .91914E+01 .26570E+06 .19262E+05 .88626E+00 .95518E+00 .23634E-01 .16322E+00 .21742E-01 .15153E+09 .13550E+01 .31398E+01 .17250E+01 .52423E+01 .53512E+01 .46218E+01
 .47246E+01 .13803E+06 .39801E+04 .29190E+00 .65890E-01 .25276E+00 .16135E+00 .21148E+01 .11040E+08 .10884E+01 .20310E+01 .80885E+00 .40875E+01 .27067E+01 .74021E+00
 .31345E+01 .40835E+04 .89526E+03 .39000E+00 .68055E+00 .42075E-01 .10274E+00 .27800E+00 .27249E+08 .14185E+01 .42719E+00 .18267E+01 .32977E+01 .78780E+00 .55021E+01
 .36489E+01 .42573E+05 .31295E+05 .19589E+00 .41439E+00 .16418E+00 .80520E-01 .39699E+01 .14263E+09 .14889E+01 .37993E+01 .11108E+01 .59232E+01 .30327E+01 .52393E+01
 .27312E+01 .58075E+05 .81347E+03 .97132E+00 .49182E+00 .11584E+01 .17195E+01 .52394E+01 .14672E+09 .11421E+01 .53866E+01 .22512E+01 .29744E+01 .10086E+01 .31768E+01
 .30508E+01 .13532E+06 .49925E+05 .59829E-01 .80830E+00 .16489E+00 .17642E+00 .12158E+01 .12874E+09 .25256E+01 .40441E+01 .21409E+01 .56749E+01 .16148E+00 .19730E+01
 .61845E+01 .47921E+05 .41757E+05 .33370E+00 .96146E+00 .60206E-01 .22365E-01 .67994E+00 .13293E+09 .14654E+01 .27586E+01 .36025E+00 .38226E+01 .23453E+01 .49452E+01
 .35614E+01 .24007E+06 .18369E+06 .21965E+00 .66019E+00 .16632E+00 .12588E+00 .39119E+01 .10560E+09 .15031E+01 .46004E+01 .14470E+01 .15849E+01 .47892E-01 .28800E+01
 .51182E+01 .68350E+04 .34302E+04 .67718E+00 .18639E+00 .18640E+00 .26877E+01 .41138E+00 .21163E+07 .19343E+01 .94554E+00 .45060E+00 .61267E+01 .46927E+01 .28188E+01
 .14817E+01 .18414E+06 .14573E+06 .99800E+00 .70048E+00 .35055E-01 .86169E-01 .70531E+00 .93359E+08 .20181E+01 .21904E+01 .23469E+01 .45899E+01 .20247E+01 .12256E+01
 .18306E+02 .10514E+06 .62417E+05 .86235E+00 .37471E+00 .33512E-01 .12836E+00 .62493E+01 .14802E+09 .13917E+01 .48045E+01 .20237E+01 .68849E+00 .72861E+00 .28081E+01
 .11851E+02 .14840E+06 .35688E+05 .56244E+00 .38353E+00 .18165E+00 .11107E+00 .40761E+01 .10633E+09 .83648E+00 .58209E+01 .45373E+00 .18533E+01 .57001E+01 .29058E+01
 .69622E+01 .19718E+06 .35185E+05 .77512E+00 .70589E-01 .23234E+00 .13966E+00 .44647E+01 .15179E+09 .65568E+00 .37568E-01 .66562E+00 .52144E+01 .62831E+01 .22648E+01
 .51018E+01 .35508E+05 .36515E+05 .67069E+00 .10529E+00 .17708E+00 .14620E+00 .13103E+01 .16480E+08 .13410E+01 .61894E+01 .91750E+00 .32472E+01 .33807E+01 .52572E+01
 .33220E+01 .64633E+06 .41373E+05 .99800E+00 .39460E+00 .69831E-01 .10232E+00 .29634E+00 .13680E+09 .10567E+01 .35987E+01 .13210E+01 .55107E+01 .55447E+01 .17454E+00
 .87530E+01 .76573E+05 .40433E+05 .84136E+00 .11094E+00 .13718E+00 .39126E-01 .60468E+01 .28900E+08 .88406E+00 .53095E+01 .20612E+01 .40508E+01 .47201E+01 .44726E+01
 .42023E+01 .12519E+06 .23032E+05 .22049E-01 .63117E+00 .30482E+00 .15498E+00 .33768E+01 .10528E+09 .14755E+01 .27887E+01 .44726E+00 .10846E+01 .16053E+01 .59873E+01
 .89150E+01 .35533E+05 .17809E+05 .97169E+00 .95778E+00 .18324E+00 .10460E+00 .41555E+01 .42883E+08 .19749E+01 .38608E+01 .15958E+01 .36843E+01 .31180E+01 .19332E+01
 .12411E+02 .18523E+06 .32132E+05 .40678E+00 .29056E+00 .21901E+00 .15978E+00 .42763E+01 .22554E+08 .33727E+00 .27567E+01 .24011E+01 .42549E+01 .49312E+01 .31472E+01
 .11401E+02 .71608E+06 .63003E+05 .16734E+00 .93316E+00 .44554E-01 .87197E-01 .39592E+00 .50170E+08 .23505E+01 .51730E+01 .76865E-02 .48071E+00 .58532E+01 .61137E+01
 .13454E+02 .12758E+06 .56326E+05 .31674E+00 .73021E+00 .61378E-01 .14912E+00 .47314E+00 .14998E+09 .54701E+00 .35416E+01 .14751E+01 .56279E+01 .57143E+01 .23049E+01
 .95341E+01 .13324E+06 .29278E+05 .57171E-01 .82864E+00 .75810E-01 .16236E+00 .57743E+01 .57360E+08 .87193E+00 .41234E+01 .29277E+01 .44296E+01 .29114E+01 .30093E+01
 .10015E+02 .44062E+05 .16581E+05 .85507E+00 .28299E+00 .20951E-01 .16008E+00 .48014E-01 .84139E+08 .20712E+01 .19913E+01 .27902E+01 .61887E+01 .58101E+01 .24560E+01
 .42068E+01 .37940E+06 .12116E+05 .35428E+00 .16220E+00 .18987E+00 .11601E+00 .48770E+01 .14607E+09 .28197E+01 .19081E+01 .15179E+01 .14203E+01 .19954E+01 .19175E+01
 .11954E+02 .16151E+06 .10284E+06 .83768E+00 .83198E+00 .12378E+00 .65214E-01 .14051E+01 .93893E+07 .43679E+00 .46485E+01 .39195E+00 .60139E+01 .20594E+01 .30269E+01
 .41842E+01 .10301E+06 .14636E+05 .40383E+00 .46393E+00 .61220E-01 .16603E+00 .22290E+00 .10853E+09 .94465E+00 .22888E+01 .18078E+01 .18627E+01 .36633E+01 .17021E+01
 .25547E+01 .19134E+06 .72536E+04 .60801E+00 .40888E+00 .27206E+00 .15705E+00 .38786E+01 .54352E+08 .91884E+00 .13156E+01 .16117E+01 .42644E+01 .50571E+01 .55576E+01
 .14934E+02 .11505E+06 .55034E+05 .11761E+00 .20265E+00 .12969E+00 .32067E-01 .19396E+01 .99955E+08 .18367E+01 .49208E+01 .22625E+01 .28346E+01 .36913E+01 .23963E+01
 .15006E+02 .75675E+05 .73277E+05 .10892E+00 .18868E+00 .11382E+00 .28913E-01 .19230E+01 .59569E+08 .68725E+00 .51539E+01 .20802E+01 .62477E+01 .20296E+01 .42214E+01
 .11161E+02 .19338E+05 .58970E+04 .87340E+00 .74624E+00 .23025E+00 .13269E+00 .39336E+01 .53150E+08 .19668E+01 .61539E+01 .26403E+01 .34249E+01 .35678E+01 .37450E+00
 .81215E+01 .14309E+06 .13965E+05 .88875E-01 .20681E+00 .19821E+00 .10415E+00 .37003E+01 .45263E+08 .57950E+00 .38067E+01 .19899E+01 .37397E+01 .51959E+01 .61686E+01
 .95767E+00 .75069E+06 .53625E+05 .99800E+00 .80806E+00 .26377E+01 .20217E+01 .28907E+01 .11580E+09 .93913E+00 .18228E+01 .22145E+01 .59689E+01 .59358E+01 .34447E+01
 .40798E+01 .52612E+06 .11120E+04 .50225E+00 .23718E+00 .19174E+00 .11623E+00 .32667E+01 .12386E+09 .71686E+00 .61685E+01 .10759E+01 .39281E+01 .34417E+01 .44636E+01
 .26869E+01 .43964E+05 .58161E+05 .20167E+00 .30326E+00 .13018E+00 .17406E+00 .88001E+00 .61161E+08 .22166E+01 .62580E+01 .23586E+01 .39364E+01 .33815E+01 .83113E+00
 .17366E+02 .23313E+06 .16270E+06 .74693E-01 .93199E+00 .64763E-01 .81716E-01 .33192E+00 .13836E+09 .15670E+01 .58242E+00 .32271E+00 .54461E+01 .51936E+01 .11847E+01
 .16701E+02 .19920E+06 .34367E+05 .90175E+00 .53562E+00 .21471E+00 .15661E+00 .19163E+01 .15553E+09 .12514E+01 .36116E+01 .25054E+01 .45804E+01 .31385E+01 .13112E+01
 .24120E+01 .18093E+05 .92988E+04 .99800E+00 .16035E+00 .16766E+00 .12211E+00 .14037E+01 .42267E+08 .11272E+01 .41342E+01 .20941E+01 .53140E+01 .39921E+01 .62340E+01
 .97464E+01 .12684E+06 .31043E+05 .72549E-01 .49126E+00 .20499E+00 .17724E+00 .17739E+01 .58559E+08 .26535E+01 .52288E+01 .20215E+01 .57172E+01 .36763E+01 .52666E+01
 .99200E+01 .13314E+05 .14196E+05 .25225E+00 .48613E+00 .24430E+00 .14746E+00 .38859E+01 .99230E+08 .32070E+00 .72398E+00 .13877E+01 .52267E+01 .56359E+01 .34396E+01
 .87203E+01 .26109E+06 .93809E+05 .47056E+00 .21394E+00 .26380E+00 .13818E+00 .41068E+01 .12104E+09 .19043E+01 .34414E+01 .13729E+01 .54570E+01 .28459E+01 .45146E+01
 .25785E+01 .17861E+06 .89282E+04 .96335E+00 .74124E+00 .21051E+01 .69180E+00 .11758E+01 .50212E+08 .14341E+01 .26891E+01 .14615E+01 .17070E+01 .29352E+01 .56212E+01
 .19697E+01 .22151E+06 .53173E+05 .95861E+00 .94612E+00 .62721E-01 .10552E+00 .56592E+01 .43317E+08 .22470E+01 .51166E+01 .15826E+01 .42947E+01 .65460E+00 .58522E+01
 .63503E+01 .39809E+06 .19027E+05 .16830E+00 .99800E+00 .19856E+00 .93894E-01 .41537E+01 .68893E+08 .23822E+01 .59220E+01 .30812E+00 .59609E+01 .28435E+01 .30978E+01
 .15375E+02 .11702E+06 .34174E+05 .85124E+00 .14763E+00 .17785E+00 .76253E-01 .36216E+01 .14862E+09 .90921E+00 .12789E+01 .22444E+01 .51570E+01 .40756E+01 .16345E+01
 .94338E+01 .21393E+06 .67721E+05 .34793E+00 .15255E+00 .14028E+00 .15040E+00 .10205E+01 .71587E+08 .24516E+01 .31836E+01 .21724E+01 .16163E+01 .58261E+01 .68479E+00
 .10659E+02 .17701E+05 .22112E+05 .58696E+00 .34216E+00 .27137E+00 .15661E+00 .27971E+01 .26878E+08 .17278E+01 .50174E+01 .21409E+01 .59191E+01 .15286E+01 .18836E+01
 .65711E+01 .17388E+06 .14086E+06 .41006E+00 .40868E-01 .26048E+00 .10115E+00 .22831E+01 .10674E+09 .95006E+00 .29395E+01 .12648E+01 .93945E+00 .51430E+01 .27777E+01
 .18102E+02 .59931E+05 .74746E+05 .87064E+00 .41738E+00 .17036E+00 .37462E-01 .40615E+01 .26603E+08 .25751E+01 .45899E+01 .17603E+01 .45818E+01 .28274E+01 .46241E+01
 .13490E+02 .10854E+06 .70501E+05 .10503E+00 .53433E+00 .25393E+00 .10954E+00 .31532E+01 .12785E+09 .14769E+01 .25469E+01 .28659E+01 .55332E+01 .51814E+01 .25754E+01
 .42292E+01 .70580E+06 .93738E+05 .99800E+00 .99800E+00 .18514E+00 .94781E-01 .45351E+01 .21592E+07 .22221E+01 .13135E+01 .19724E+01 .60413E+01 .34289E+01 .24460E+01
 .75278E+01 .36014E+06 .94310E+05 .55630E+00 .33952E+00 .14705E+00 .26637E-01 .42042E+01 .87350E+08 .24813E+01 .56559E+01 .12501E+01 .22982E+01 .24607E+01 .33143E+00
 .15647E+02 .37368E+06 .40051E+05 .67457E+00 .55332E+00 .15310E+00 .13501E+00 .11468E+01 .45263E+08 .26300E+01 .24094E+01 .12577E+01 .53823E+01 .28368E+01 .43495E+01
 .44236E+01 .28442E+06 .71094E+04 .49744E+00 .99800E+00 .20876E+00 .16360E+00 .18274E+01 .22872E+08 .91741E+00 .54482E+01 .21271E+01 .31909E+01 .29931E+01 .49214E+01
 .10501E+02 .60480E+05 .12535E+05 .79309E+00 .90941E-01 .20050E+00 .60948E-01 .18595E+01 .11524E+09 .18777E+01 .68688E+00 .27368E+01 .44850E+01 .91720E+00 .19768E+01
 .72428E+01 .12392E+06 .32411E+05 .80408E+00 .31507E+00 .17297E+00 .74760E-01 .12193E+01 .12637E+09 .16060E+01 .26721E+01 .22342E+01 .13904E+01 .52752E+01 .40645E+01
 .47145E+01 .54571E+06 .83313E+04 .51545E+00 .74660E+00 .16782E+00 .10197E+00 .34225E+01 .36355E+08 .22356E+01 .15428E+01 .60471E+00 .12291E+01 .73481E+00 .38433E+01
 .11228E+02 .19183E+06 .19704E+06 .40258E+00 .33923E+00 .10733E+00 .73838E-01 .42497E+00 .10171E+09 .45250E+00 .16528E+01 .19467E+01 .81736E+00 .26374E+01 .41213E+01
 .88177E+01 .66997E+06 .46981E+05 .14043E+00 .94642E+00 .23903E+00 .10941E+00 .25563E+01 .60165E+08 .11456E+01 .25924E+00 .24369E+01 .52654E+01 .39305E+01 .58608E+01
 .98137E+01 .62248E+05 .11728E+05 .58164E+00 .70171E+00 .10188E+00 .99413E-01 .11411E+01 .17202E+08 .25370E+01 .13773E+01 .28009E+01 .23439E+01 .39586E+01 .11073E+01
 .17925E+02 .67643E+06 .48812E+06 .76455E-01 .56953E+00 .30926E+00 .15200E+00 .27598E+01 .49710E+08 .16923E+01 .15407E+01 .10114E+01 .51166E+00 .41911E+01 .25092E+01
 .16009E+02 .19698E+06 .96714E+05 .99889E-01 .48228E+00 .10097E+00 .75757E-01 .11702E+01 .13304E+09 .13206E+01 .23147E+01 .20299E+01 .21048E+01 .19813E+01 .15883E+01
 .50398E+01 .27384E+06 .18213E+05 .20481E+00 .70482E+00 .11234E+00 .14166E+00 .53392E+01 .56531E+07 .67830E+00 .16678E+01 .27132E+01 .48770E+01 .35695E+01 .34723E+01
 .55842E+01 .17683E+06 .54347E+05 .17738E+00 .18814E+00 .21488E+00 .50805E-01 .20362E+01 .31924E+08 .14421E+01 .21249E+01 .98554E+00 .60686E+01 .55202E+01 .62615E+01
 .17352E+02 .29468E+04 .14116E+04 .25338E+00 .16873E+00 .15395E+00 .11079E+00 .50086E+01 .24985E+08 .22167E+01 .43313E+01 .18828E+01 .52017E+01 .49349E+01 .51358E+01
 .44456E+01 .40952E+06 .47034E+05 .47964E+00 .84171E+00 .18489E+00 .86100E-01 .15114E+01 .13053E+09 .27606E+01 .13190E+01 .98383E+00 .35184E+01 .34606E+01 .33912E+01
 .13323E+02 .26227E+05 .16318E+05 .46203E+00 .96335E+00 .69557E-01 .12891E+00 .35617E+00 .64421E+08 .14910E+01 .43984E+01 .18212E+01 .70037E+00 .50862E+01 .54754E+01
 .13286E+02 .25731E+05 .16150E+05 .46600E+00 .97198E+00 .70058E-01 .13380E+00 .35878E+00 .85365E+07 .50003E+00 .21706E+01 .17854E+01 .37681E+01 .26466E+01 .16661E+01
 .13681E+02 .34952E+05 .17813E+05 .47214E+00 .98735E+00 .75151E-01 .12251E+00 .37028E+00 .14441E+09 .18203E+01 .54890E+01 .18358E+01 .32211E+01 .56167E+01 .46574E+01
 .56969E+01 .46394E+05 .22636E+05 .32217E+00 .16652E+00 .10485E+00 .12126E+00 .98173E+00 .66585E+08 .15974E+01 .50745E+01 .10796E+01 .24054E+01 .39227E+01 .18374E+01
 .22005E+01 .13902E+05 .37767E+04 .57053E+00 .99800E+00 .18646E+00 .50451E-01 .41368E+01 .65193E+08 .95486E+00 .34406E+01 .98702E+00 .48125E+01 .10531E+01 .61369E+01
 .67514E+01 .24204E+04 .13251E+04 .68464E+00 .27984E+00 .70925E-01 .16254E+00 .59229E+01 .44564E+08 .19872E+01 .62758E+01 .79813E+00 .30261E+01 .40495E+01 .45861E+00
 .67221E+01 .25888E+04 .13826E+04 .67283E+00 .28454E+00 .70452E-01 .17909E+00 .59302E+01 .10652E+09 .35770E+00 .34178E+01 .14904E+01 .42468E+01 .45096E+01 .25189E+01
 .15417E+02 .64575E+05 .13061E+05 .27225E+00 .27411E+00 .19792E+00 .15017E+00 .49574E+01 .22292E+08 .14688E+01 .35010E+01 .19922E+01 .41222E+01 .14431E+01 .47450E+01
 .91108E+01 .56541E+05 .98459E+04 .25299E+00 .14324E-01 .20775E+00 .15172E+00 .47771E+01 .13036E+08 .80183E+00 .33209E+01 .61959E+00 .51982E+01 .46670E+01 .36768E+01
 .58651E+01 .37248E+05 .12844E+04 .80208E+00 .21531E-01 .16839E+00 .67395E-01 .47542E+01 .85646E+08 .56359E+00 .42120E-01 .13795E+01 .51913E+01 .41073E-01 .19479E+01
 .43473E+01 .26505E+06 .30905E+05 .25906E-01 .30031E+00 .18336E+00 .16969E+00 .31402E+01 .13385E+09 .12376E+01 .48728E+01 .46764E+00 .24282E+01 .51983E+01 .42927E+01
 .38099E+01 .51385E+04 .30797E+04 .36214E+00 .11866E+00 .77348E-01 .11521E+00 .61313E+01 .15329E+09 .21883E+01 .56459E+01 .14593E+01 .39406E+01 .44116E+00 .10013E+01
 .27923E+01 .11150E+06 .28342E+04 .41261E+00 .73970E+00 .23954E+00 .11981E+00 .19932E+01 .14913E+09 .28300E+01 .12053E+01 .72151E+00 .62038E+01 .82542E+00 .75099E+00
 .18151E+02 .11435E+06 .14387E+05 .16961E+00 .51684E+00 .79493E-01 .16828E+00 .62456E+00 .10062E+09 .79097E+00 .46932E+01 .19123E+01 .14475E+01 .11574E+01 .24269E+01
 .36383E+01 .23976E+05 .16053E+05 .94047E-01 .92824E+00 .16961E+01 .67941E+00 .42799E+01 .31642E+08 .17622E+00 .32506E+01 .97085E+00 .15234E+01 .39613E+00 .11647E+01
 .83962E+01 .75384E+06 .22402E+06 .22879E-01 .98113E+00 .84937E-01 .12147E+00 .59142E+01 .25313E+08 .88412E+00 .51568E+01 .64118E+00 .93118E+00 .42806E+00 .23594E+01
 .58481E+01 .21082E+05 .11015E+04 .26763E-01 .60311E-01 .47679E-01 .11135E+00 .60835E+01 .94079E+08 .95766E+00 .83838E+00 .23058E+01 .10334E+01 .39247E+01 .11100E+00
 .14375E+02 .11839E+06 .52590E+04 .71492E-01 .48858E+00 .21544E+00 .15857E+00 .15404E+01 .43412E+08 .15411E+01 .71482E-01 .27315E+01 .49670E+01 .22365E+01 .99806E+00
 .45266E+01 .43422E+05 .47778E+05 .63179E+00 .15255E+00 .37030E-01 .88200E-01 .52840E+00 .68603E+07 .59520E+00 .14175E+01 .10724E+01 .29835E+01 .15805E+00 .18196E+01
 .13339E+02 .32342E+04 .14457E+04 .11472E+00 .59310E+00 .18265E+00 .12980E+00 .35147E+01 .95303E+08 .21711E+01 .17920E+01 .25901E+01 .53454E+01 .39819E+01 .39952E+01
 .91138E+01 .17645E+06 .38975E+05 .77765E+00 .93924E+00 .24920E+00 .63660E-01 .28753E+01 .11319E+09 .18739E+01 .56879E+01 .17541E+01 .42677E+01 .59470E+01 .22486E+01
 .12021E+01 .27050E+06 .42234E+05 .79714E+00 .40700E+00 .10309E+00 .45146E-01 .53333E+01 .74351E+08 .57745E+00 .60053E+01 .18222E+01 .59082E+01 .28689E+01 .67387E+00
 .16074E+02 .33834E+05 .13465E+04 .62535E-01 .74398E+00 .87327E-01 .15552E+00 .57953E+01 .11724E+09 .82681E+00 .11391E+01 .14869E+00 .61313E+01 .12378E+01 .57253E+01
 .53394E+01 .53423E+05 .23116E+05 .22371E+00 .31200E+00 .42273E-01 .15018E+00 .13465E+00 .96134E+08 .18134E+01 .32712E+01 .26378E+01 .15900E+01 .33969E+01 .89320E+00
 .10012E+02 .54275E+05 .18135E+05 .66991E+00 .64657E+00 .19790E+00 .11958E+00 .25226E+01 .43194E+08 .10165E+01 .51424E+01 .25792E+01 .15714E+01 .30392E+01 .32027E+00
 .95708E+01 .47023E+05 .42215E+05 .42120E+00 .35756E+00 .18357E+00 .56566E-01 .22428E+01 .68482E+08 .47743E+00 .53597E+01 .16962E+01 .99709E+00 .24398E+01 .39869E+01
 .12050E+02 .48874E+05 .35755E+04 .92561E+00 .41774E+00 .19629E+00 .92170E-01 .43359E+01 .11620E+09 .68921E+00 .48424E+01 .13029E+01 .41646E+01 .32059E+00 .44052E+01
 .12220E+02 .38290E+05 .35696E+04 .36653E+00 .10257E+00 .13063E+00 .18278E+00 .87772E+00 .89325E+08 .14913E+01 .31332E+01 .28270E+01 .34773E+01 .56610E+01 .24071E+01
 .80450E+01 .15495E+06 .71602E+05 .45052E+00 .79529E+00 .24908E+00 .96431E-01 .31742E+01 .13326E+09 .16019E+01 .21536E+01 .19613E+01 .34240E+01 .25946E+01 .55379E+01
 .10329E+02 .13411E+06 .22032E+04 .68293E+00 .75068E+00 .14550E+00 .46004E-01 .37552E+01 .93917E+07 .73049E+00 .13559E+01 .18626E+01 .14752E+00 .29080E+00 .37775E+01
 .15348E+02 .11545E+06 .97268E+05 .27754E+00 .85706E+00 .13983E+00 .14984E+00 .54436E+01 .12193E+09 .22631E+01 .16132E+01 .22058E+01 .32129E+01 .26534E+01 .54117E+01
 .12792E+02 .50226E+06 .30232E+05 .76577E-01 .97103E+00 .50823E-01 .13658E+00 .58713E+01 .99395E+08 .11150E+01 .94450E+00 .21662E+01 .10261E+01 .35562E+01 .27332E+00
 .94717E+01 .12468E+06 .67976E+05 .49623E+00 .38671E+00 .87959E-01 .35413E-01 .77488E+00 .91086E+08 .15925E+01 .31641E+01 .17602E+01 .47289E+00 .38885E+01 .25559E+01
 .29792E+01 .49455E+06 .64447E+05 .79489E+00 .20943E+00 .19042E+00 .55175E-01 .17784E+01 .11607E+08 .50555E+00 .11255E+01 .20427E+01 .46969E+01 .83948E+00 .35891E+01
 .11420E+02 .79822E+05 .88289E+04 .41610E+00 .27915E+00 .15445E+00 .28800E-01 .30609E+01 .85350E+07 .10862E+01 .34044E+01 .30112E+01 .58875E+01 .41182E+01 .43639E+01
 .13579E+02 .22639E+06 .31418E+05 .18595E+00 .59059E+00 .11042E+00 .14312E+00 .54106E+01 .12573E+09 .21405E+01 .29020E+01 .35584E+00 .25045E+01 .39715E+00 .52325E+01
 .89717E+01 .19236E+06 .12281E+06 .48311E-01 .44312E+00 .17322E+00 .15340E+00 .48242E+01 .12967E+09 .11618E+01 .44831E+01 .93910E+00 .53023E+01 .59293E+01 .18681E+01
 .76191E+01 .11155E+06 .43105E+04 .74363E+00 .99800E+00 .17487E+00 .93533E-01 .35407E+01 .13750E+09 .12165E+01 .52494E+01 .21014E+01 .10228E+01 .30417E+01 .38135E+00
 .33153E+01 .21623E+06 .64641E+04 .99800E+00 .49249E+00 .22039E+01 .13768E+01 .24618E+01 .12642E+09 .73418E+00 .74274E+00 .10729E+01 .22317E+01 .44966E+01 .41863E+00
 .34939E+01 .60926E+06 .20100E+06 .99800E+00 .92683E+00 .23024E+00 .13054E+00 .24710E+01 .14563E+09 .24300E+01 .24340E+01 .22908E+01 .51266E+01 .28410E+01 .47489E+01
 .83726E+01 .60196E+06 .13743E+05 .13970E+00 .40867E+00 .26642E+00 .11174E+00 .36605E+01 .37433E+08 .27208E+01 .40340E+01 .25047E+01 .38619E+01 .59491E+01 .95335E+00
 .99114E+01 .22579E+06 .70409E+05 .86637E+00 .71499E+00 .20033E+00 .16576E+00 .17456E+01 .27147E+08 .21752E+01 .56107E+01 .18529E+01 .78332E+00 .17159E+01 .60560E+01
 .14314E+02 .98878E+05 .18309E+04 .69869E-01 .75963E+00 .11864E+00 .16051E+00 .82110E+00 .58945E+08 .28790E+01 .52949E+01 .18648E+01 .19102E+01 .43927E+01 .17872E+01
 .54611E+01 .32832E+05 .26061E+05 .27549E+00 .41657E+00 .24870E+00 .12844E+00 .21771E+01 .15083E+09 .82500E+00 .58347E+01 .75789E+00 .43484E+01 .27813E+01 .34769E+01
 .11329E+02 .54629E+06 .13908E+06 .78412E+00 .35263E+00 .21757E+00 .96779E-01 .22962E+01 .14039E+09 .19972E+01 .36514E+01 .14849E+01 .48823E+01 .14820E+01 .60468E+01
 .87839E+01 .70446E+05 .45423E+05 .81483E+00 .12424E+00 .21542E+00 .89550E-01 .44845E+01 .13694E+09 .19974E+01 .53011E+01 .14425E+01 .26274E+01 .45213E+01 .34259E+01
 .27263E+01 .22672E+07 .14777E+06 .99800E+00 .79909E+00 .19484E+01 .18079E+01 .27960E+01 .15398E+09 .12296E+01 .31774E+01 .19812E+01 .35185E+01 .20009E+01 .57033E+01
 .13823E+02 .32785E+05 .33206E+05 .56948E+00 .64898E+00 .22612E+00 .58761E-01 .28672E+01 .13200E+08 .18013E+01 .11786E+01 .69078E+00 .71462E-01 .64483E-01 .90459E-01
 .51474E+01 .80669E+06 .29475E+06 .98241E+00 .93092E+00 .20884E+00 .17277E+00 .17421E+01 .38517E+08 .21289E+01 .47052E+01 .24182E+01 .51319E+01 .52464E+01 .85859E+00
 .62458E+01 .12503E+06 .36625E+05 .96331E+00 .99800E+00 .67926E-01 .16427E+00 .33791E+00 .89616E+08 .10411E+01 .47232E+01 .45130E+00 .89349E+00 .31662E+01 .22326E+01
 .14507E+02 .17220E+06 .12903E+06 .23817E+00 .25076E+00 .18198E+00 .11365E+00 .44098E+01 .14039E+09 .21368E+01 .51227E+01 .22056E+01 .40457E+01 .13295E+01 .27455E+01
 .81025E+01 .20360E+06 .16508E+05 .97945E+00 .97690E+00 .42259E-01 .62412E-01 .49498E+00 .10393E+09 .24896E+01 .20076E+01 .26662E+01 .47821E+01 .19156E+01 .46348E+01
 .47601E+01 .84765E+06 .19420E+06 .99800E+00 .99800E+00 .13381E+00 .13041E+00 .53976E+01 .12674E+09 .19141E+01 .32623E+01 .17395E+01 .94167E+00 .43006E+01 .37949E+01
 .11253E+02 .17313E+06 .59870E+05 .42200E+00 .21089E+00 .49765E-01 .12436E+00 .77854E-01 .12740E+09 .97045E+00 .24974E+01 .16719E+01 .26242E+01 .68181E+00 .30228E+01
 .24038E+00 .77668E+05 .31351E+04 .20949E+00 .41982E-01 .24190E+01 .10970E+01 .27419E+01 .10347E+09 .20132E+01 .23667E+01 .19287E+01 .89703E+00 .10668E+01 .39193E+01
 .16162E+02 .79830E+04 .94028E+04 .51280E+00 .79346E+00 .26033E+00 .16330E+00 .24371E+01 .43778E+08 .26892E+01 .37997E+01 .83629E+00 .16724E+01 .37846E+01 .15510E+01
 .10817E+02 .26373E+05 .11290E+04 .65181E+00 .38292E+00 .19206E+00 .18919E+00 .45046E+01 .65922E+08 .30175E+01 .39080E+01 .20146E+01 .37708E+01 .83713E+00 .55148E+01
 .27428E+01 .37906E+06 .54222E+05 .58535E+00 .44121E+00 .17829E+00 .10453E+00 .43204E+01 .14940E+09 .85305E+00 .56550E+01 .19486E+01 .34824E+01 .40972E+01 .22417E+01
 .26770E+01 .22857E+04 .17320E+04 .89021E+00 .99800E+00 .32250E+00 .15800E+00 .26247E+01 .12332E+09 .60141E+00 .19969E+01 .12873E+01 .18226E+01 .36986E+01 .38568E+01
 .15250E+02 .21059E+06 .16163E+06 .80411E+00 .14017E+00 .18243E+00 .96984E-01 .16102E+01 .56635E+08 .22661E+01 .25896E+01 .13831E+01 .57302E+01 .49065E+01 .50520E+01
 .60904E+01 .25403E+06 .76173E+05 .47150E+00 .82070E+00 .23856E+00 .16561E+00 .27432E+01 .39003E+08 .20379E+01 .57314E+01 .10882E+01 .19646E+01 .31391E+01 .41874E+01
 .59482E+01 .47413E+05 .90748E+04 .93372E+00 .85544E+00 .14059E+00 .13801E+00 .49836E+01 .14246E+09 .24881E+01 .39892E+01 .74731E+00 .54384E+00 .48971E+01 .66767E-01
 .57622E+01 .47993E+05 .82375E+04 .94266E+00 .84438E+00 .15295E+00 .13231E+00 .49858E+01 .15405E+09 .16953E+01 .54568E+01 .85679E+00 .35858E+01 .13541E+01 .49300E+01
 .10347E+02 .85973E+05 .17631E+05 .84127E+00 .83635E+00 .19234E+00 .79174E-01 .21876E+01 .72037E+08 .14895E+01 .32226E+01 .22102E+01 .21850E+01 .20673E+01 .73324E+00
 .10704E+02 .11421E+06 .22419E+05 .84722E+00 .82761E+00 .18995E+00 .78756E-01 .22025E+01 .93825E+08 .68042E+00 .31380E+01 .17543E+01 .59615E+01 .30455E+01 .56624E+00
 .13496E+02 .19402E+05 .25025E+05 .14410E+00 .38542E+00 .68889E-01 .77473E-01 .12157E+01 .53864E+08 .73128E+00 .55364E+01 .22220E+01 .26742E+01 .36092E+01 .23410E+01
 .10550E+02 .90690E+05 .13832E+05 .42407E+00 .62640E+00 .58255E-01 .64990E-01 .16962E+00 .70678E+08 .36953E+00 .26613E+01 .54276E+00 .50155E+01 .21799E+01 .33283E+01
 .19982E+01 .26398E+06 .50264E+05 .83121E+00 .53445E+00 .19710E+00 .16131E+00 .12088E+01 .15400E+09 .17804E+01 .25870E+01 .21598E+01 .52603E+01 .39952E+01 .14984E+01
 .11871E+02 .23992E+06 .26963E+05 .44708E+00 .89052E+00 .15533E+00 .85862E-01 .23746E+01 .13523E+09 .12190E+01 .38105E+01 .14520E+01 .54254E+01 .47988E+01 .21630E+01
 .10340E+02 .12335E+06 .71195E+05 .98836E-01 .19070E+00 .21170E+00 .11721E+00 .39313E+01 .80549E+06 .66140E+00 .24226E+01 .22585E+01 .22311E+01 .54445E+01 .35601E+01
 .38014E+01 .30952E+06 .17091E+05 .25313E+00 .20845E-01 .17209E+00 .12962E+00 .17162E+01 .10811E+08 .75359E+00 .61360E+01 .15611E+01 .21452E+00 .41001E+01 .43357E+01
 .14072E+02 .35441E+06 .11428E+06 .32047E+00 .10914E+00 .23394E+00 .10526E+00 .40592E+01 .92889E+08 .25370E+01 .62274E+01 .23001E+01 .45327E+01 .51888E+01 .34978E+01
 .97121E+01 .20594E+05 .18792E+05 .67142E+00 .12215E+00 .81271E-01 .11125E+00 .55681E+01 .29164E+08 .27180E+01 .14567E+01 .64384E+00 .10007E+01 .12656E+01 .43073E+01
 .13263E+02 .57468E+05 .32540E+05 .79777E-01 .41135E+00 .76976E-01 .66567E-01 .12593E+01 .85337E+08 .14140E+01 .17256E+01 .20399E+01 .48887E+01 .25648E+01 .35892E+01
 .32167E+01 .40796E+06 .13314E+06 .74555E+00 .99800E+00 .15667E+00 .12646E+00 .22242E+01 .10030E+09 .22413E+01 .26390E+01 .18173E+01 .49203E+01 .36605E-02 .23971E+01
 .61730E+01 .68735E+05 .45940E+04 .48877E+00 .60330E+00 .15465E+00 .61666E-01 .36624E+01 .58447E+08 .17108E+01 .16852E+01 .54687E+00 .57263E+01 .21456E+01 .57668E+01
 .47438E+01 .25519E+05 .76425E+04 .13668E+00 .91258E+00 .28916E+00 .17096E+00 .28845E+01 .95101E+08 .12315E+01 .65680E+00 .12689E+01 .40189E+01 .39891E+01 .51232E+01
 .74531E+01 .18660E+05 .58350E+04 .14631E+00 .12111E-01 .53025E-01 .11530E+00 .26256E+00 .56834E+08 .22161E+01 .28392E+01 .25952E+01 .17654E+01 .10723E+01 .10492E+01
 .65610E+01 .17850E+06 .67112E+05 .98087E+00 .69729E+00 .16038E+00 .16160E+00 .98317E+00 .65939E+08 .15860E+01 .10723E+01 .12267E+01 .53744E-01 .89456E-02 .32566E+01
 .31402E+01 .74058E+05 .20156E+05 .89654E+00 .38474E+00 .12434E+00 .17707E+00 .79779E+00 .12138E+09 .27021E+01 .12393E+01 .13674E+01 .48128E+01 .20891E+01 .15878E+01
 .16301E+02 .35496E+05 .23312E+05 .50733E+00 .85172E-01 .43236E-01 .56284E-01 .62014E+01 .59153E+08 .16083E+01 .19605E+01 .93893E+00 .59977E+01 .16261E+01 .58109E+01
 .16111E+02 .28597E+05 .59890E+04 .50550E+00 .96033E-01 .76045E-01 .15177E+00 .59925E+01 .51581E+08 .21232E+01 .52818E+01 .21304E+01 .21785E+01 .45537E+00 .36634E+01
 .16241E+02 .18858E+06 .77785E+05 .93765E+00 .19602E+00 .48594E-01 .92288E-01 .54788E+01 .52651E+08 .61875E+00 .51069E+01 .10660E+01 .20580E+01 .35800E+01 .18503E+01
 .15229E+02 .61273E+05 .69707E+05 .22286E+00 .10784E+00 .67838E-01 .10909E+00 .62546E+01 .12465E+08 .15961E+01 .45146E+01 .21220E+01 .24293E+01 .48932E+00 .60226E+01
 .11794E+02 .56184E+06 .13586E+05 .21925E+00 .43395E+00 .74908E-01 .11806E+00 .47508E+00 .34074E+08 .15674E+01 .21101E+01 .74607E+00 .42922E+01 .50535E+01 .30359E+01
 .12335E+02 .17368E+06 .63348E+04 .78976E+00 .90855E+00 .25864E+00 .14027E+00 .27692E+01 .10327E+09 .18027E+01 .56256E+01 .63701E+00 .51995E+01 .60058E+01 .35736E+00
 .89445E+01 .24010E+05 .13993E+05 .16771E+00 .19157E+00 .12327E+00 .16436E+00 .10428E+01 .22813E+08 .11288E+01 .61937E+01 .21911E+01 .58609E-01 .35681E+01 .61307E+01
 .15415E+02 .39914E+05 .32824E+04 .72363E+00 .26531E+00 .20969E+00 .13670E+00 .44429E+01 .42529E+08 .22297E+01 .61934E+01 .73951E+00 .23082E+01 .37517E+01 .61859E+01
 .14716E+02 .30613E+06 .24803E+04 .88172E+00 .45292E+00 .69008E-01 .46559E-01 .29934E+01 .68609E+08 .59019E+00 .16317E+01 .11153E+01 .27904E+01 .11464E+01 .46250E+01
 .63727E+01 .12345E+06 .10412E+06 .31609E-01 .47177E+00 .12750E+00 .13776E+00 .54069E+01 .99435E+08 .27007E+01 .42289E+01 .13587E+01 .41308E+01 .31024E+01 .48634E+01
 .70283E+01 .25704E+05 .10485E+05 .16448E+00 .89561E+00 .21539E+00 .70638E-01 .33520E+01 .50799E+08 .24529E+01 .57766E+01 .27480E+01 .44121E+01 .49933E+01 .51417E-01
 .56527E+01 .10218E+06 .36057E+05 .62136E+00 .99800E+00 .21159E+00 .17562E+00 .15957E+01 .15145E+09 .20149E+01 .46954E+01 .11384E+01 .39452E+01 .16364E+01 .25592E+01
 .14181E+02 .73205E+06 .20452E+06 .41296E+00 .99265E+00 .12851E+00 .12742E-02 .14131E+01 .89400E+08 .20055E+01 .34983E+01 .24896E+01 .58532E+01 .17122E+01 .23917E+01
 .64897E+01 .25746E+06 .86160E+05 .15078E+00 .20807E+00 .22296E+00 .17163E+00 .16002E+01 .78375E+08 .24733E+01 .50494E+01 .22980E+01 .58484E+01 .30935E+01 .51605E+01
 .37373E+01 .77408E+05 .19290E+05 .89623E+00 .99800E+00 .34479E+00 .16571E+00 .29804E+01 .82839E+08 .74642E+00 .47811E+01 .23842E+00 .59972E+00 .15804E+01 .48802E+00
 .83332E+01 .11825E+06 .93554E+05 .18862E+00 .71910E+00 .18908E+00 .15947E+00 .16844E+01 .66011E+08 .15661E+00 .57189E+01 .95716E+00 .43479E+01 .16255E+01 .31795E+01
 .42536E+01 .22243E+06 .49873E+05 .99800E+00 .90946E+00 .77070E-01 .81201E-01 .57830E+01 .47696E+08 .18623E+01 .29149E+00 .54159E+00 .11033E+01 .34656E+01 .51367E+01
 .10934E+02 .50535E+06 .15871E+06 .97893E+00 .31554E+00 .13916E+00 .15133E+00 .44547E+01 .61538E+08 .16396E+01 .46095E+01 .17783E+01 .38043E+01 .22456E+01 .16154E+01
 .48720E+01 .63315E+05 .65630E+04 .31990E+00 .99800E+00 .78995E-01 .17221E+00 .58408E+01 .13496E+09 .16216E+01 .52694E+01 .15007E+01 .44354E+01 .51701E+01 .61145E+01
 .62072E+01 .35457E+06 .31918E+06 .49490E-01 .61305E+00 .21583E+00 .86709E-01 .23873E+01 .58329E+08 .13248E+01 .54034E+01 .15486E+01 .38718E+01 .40600E+01 .16017E+01
 .65139E+01 .11622E+06 .11096E+06 .38001E+00 .98828E+00 .16027E+00 .78605E-01 .19555E+01 .27000E+08 .78636E+00 .48277E+01 .27011E+01 .37814E+01 .79341E+00 .44096E+01
 .10312E+02 .43119E+06 .53609E+05 .66155E+00 .30166E-01 .55903E-01 .54263E-01 .17049E+00 .69610E+08 .55435E+00 .57970E+00 .23176E+01 .44839E+01 .29899E+01 .43196E-01
 .67761E+01 .15202E+06 .14603E+05 .93688E-01 .90695E+00 .28662E+00 .11661E+00 .33976E+01 .12944E+09 .20810E+01 .14009E+01 .29484E+01 .40632E+01 .45305E+01 .52259E+01
 .10249E+02 .92637E+06 .35405E+05 .45200E+00 .90273E+00 .62319E-01 .91615E-01 .55232E+00 .82016E+08 .19509E+01 .20676E+01 .31008E+00 .20980E+00 .32588E+01 .46758E-01
 .71564E+01 .38276E+06 .21236E+06 .66624E-01 .30188E+00 .26100E+00 .10731E+00 .37907E+01 .40291E+08 .59624E+00 .15167E+00 .32954E+00 .58780E+00 .50531E+00 .39696E+01
 .12054E+02 .17430E+06 .29194E+05 .62055E+00 .50913E+00 .13968E+00 .10848E+00 .28366E+01 .95457E+08 .11546E+01 .52364E+01 .27841E+01 .33144E+01 .38321E+01 .21407E+01
 .11458E+02 .15913E+06 .37574E+05 .62000E+00 .52970E+00 .12839E+00 .88314E-01 .28383E+01 .99087E+08 .25012E+01 .43792E+01 .19079E+01 .32563E+01 .49115E+01 .20102E+01
 .12322E+02 .18985E+05 .75301E+04 .45260E+00 .51767E+00 .98228E-01 .11821E+00 .56549E+01 .78032E+08 .74667E+00 .20118E+01 .15847E+01 .31283E+01 .49609E+01 .44401E+00
 .65185E+01 .52536E+05 .32915E+05 .62673E+00 .64832E+00 .27981E+00 .18477E+00 .18367E+01 .23972E+08 .95472E+00 .41477E+01 .22036E+01 .21630E+01 .24632E+01 .36475E+00
 .49932E+01 .49401E+06 .36193E+06 .85317E+00 .87535E+00 .27822E+00 .12139E+00 .31070E+01 .80584E+08 .22405E+00 .37855E+01 .15380E+01 .22865E+01 .46224E+01 .41898E+01
 .10876E+02 .35079E+05 .18143E+05 .68466E+00 .38701E+00 .20228E+00 .14206E+00 .14912E+01 .58380E+08 .13063E+01 .53038E+01 .25332E+01 .48436E+01 .52770E+01 .44134E+01
 .86857E+01 .63432E+04 .36478E+04 .67162E-02 .16192E+00 .23870E+00 .17130E+00 .47222E+01 .50020E+08 .15757E+01 .57791E+01 .45594E+00 .57013E+01 .23437E+01 .32822E+01
 .88986E+01 .62806E+04 .34648E+04 .42372E-02 .17199E+00 .24338E+00 .16087E+00 .47248E+01 .66312E+08 .19218E+01 .15820E+01 .47176E+00 .81857E+00 .27583E+01 .59372E+01
 .12183E+02 .40630E+05 .44297E+05 .87337E+00 .13734E+00 .10366E+00 .16867E+00 .76277E+00 .13387E+08 .24440E+01 .26894E+01 .12247E+01 .26457E+01 .27936E+01 .14205E+01
 .37735E+01 .43670E+05 .38015E+05 .15116E+00 .20713E+00 .47327E+00 .17317E+01 .47017E+00 .27653E+08 .60415E+00 .56260E+01 .17557E+01 .47941E+01 .20845E+01 .13318E+01
 .29103E+01 .81841E+05 .75224E+05 .87529E+00 .93576E+00 .86973E-01 .75445E-01 .32758E+00 .97899E+08 .20037E+01 .56403E+01 .18121E+01 .46785E+01 .19302E+01 .34333E+01
 .38691E+01 .36652E+06 .46307E+05 .61721E+00 .94109E+00 .54923E-01 .16890E+00 .60046E+01 .12050E+09 .14783E+01 .53236E+00 .23970E+01 .16297E+01 .21050E+01 .43480E+01
 .80342E+01 .57322E+05 .12291E+04 .82879E+00 .82686E+00 .17013E+00 .14089E+00 .49865E+01 .12072E+09 .21613E+01 .10252E+01 .15294E+01 .18567E+01 .37614E+00 .22330E+01
 .14354E+02 .88464E+04 .44668E+04 .64119E+00 .55365E+00 .21352E+00 .11569E+00 .16891E+01 .12400E+09 .14702E+01 .46806E+01 .19333E+01 .61768E+01 .12533E+01 .10712E+01
 .50394E+01 .44779E+05 .44864E+04 .35863E+00 .38273E+00 .11358E+00 .15037E+00 .29648E+00 .95462E+07 .11086E+01 .25519E+01 .70135E+00 .47690E+01 .54373E+01 .54030E+01
 .31938E+01 .19391E+06 .15918E+05 .17183E+00 .26073E+00 .55493E-01 .31033E-01 .58278E+01 .13438E+09 .20493E+01 .37652E+01 .19263E+01 .45180E+01 .83341E+00 .32480E+01
 .44221E+01 .15500E+06 .47875E+05 .36210E+00 .27339E+00 .17206E+00 .11517E+00 .26317E+01 .10201E+09 .91619E+00 .35947E+01 .13470E+01 .71287E+00 .40917E+01 .56988E+01
 .11592E+02 .11000E+06 .37764E+05 .87584E+00 .23949E+00 .17563E+00 .60359E-01 .39508E+01 .71556E+08 .29804E+01 .37031E+01 .30131E+00 .20907E+01 .30264E+01 .61366E+01
 .72453E+01 .64482E+04 .96336E+03 .42619E+00 .12559E-01 .48439E-01 .16527E+00 .26696E+00 .11196E+09 .18790E+01 .57515E+01 .94824E+00 .35527E+01 .49444E+01 .57910E+01
 .42581E+01 .18024E+05 .80175E+04 .45662E+00 .53112E-01 .17669E+00 .18886E+00 .47934E+01 .43793E+08 .28024E+01 .54912E+01 .16030E+01 .18660E+01 .37109E+01 .29656E+01
 .60883E+01 .56110E+05 .43703E+05 .89131E+00 .76522E+00 .17808E+00 .12253E+00 .23402E+01 .12454E+09 .16592E+01 .22332E+00 .12248E+01 .52681E+01 .57969E+01 .49114E+01
 .40011E+01 .49635E+06 .28419E+04 .99800E+00 .30096E+00 .47114E-01 .44087E-01 .59524E+01 .41956E+08 .12788E+01 .27591E+01 .19785E+01 .17871E+01 .14506E+01 .32517E+01
 .11235E+02 .10769E+06 .23215E+05 .19320E-01 .59600E-01 .10208E+00 .99194E-01 .55061E+01 .52608E+08 .20348E+01 .35764E+01 .16716E+01 .94480E+00 .50208E+01 .52821E+01
 .75440E+01 .23679E+06 .14031E+05 .30017E-01 .56186E+00 .24055E+00 .12536E+00 .18758E+01 .28743E+06 .21755E+01 .44186E+00 .12840E+01 .32820E+01 .14878E+01 .40899E+00
 .37958E+01 .96717E+05 .17928E+04 .48775E+00 .69981E+00 .76456E-01 .11464E+00 .62022E+01 .13681E+09 .27274E+01 .28397E+01 .19519E+01 .55106E+01 .23648E+01 .20114E+01
 .13792E+02 .38351E+06 .13156E+04 .15015E+00 .66752E-01 .31918E+00 .17686E+00 .27015E+01 .13021E+09 .10132E+01 .35285E+01 .20796E+01 .82376E+00 .58253E+01 .33950E+01
 .14240E+02 .36202E+06 .16818E+04 .16821E+00 .42387E-01 .30540E+00 .17249E+00 .27026E+01 .22547E+08 .10425E+01 .37643E+01 .14370E+00 .89126E-01 .62822E+01 .34915E+01
 .97756E+01 .14984E+06 .15513E+06 .80085E+00 .57878E+00 .13114E+00 .66034E-01 .43861E+01 .51051E+08 .82218E+00 .29268E+01 .12010E+01 .54154E+01 .16588E+01 .42504E+01
 .11132E+02 .17586E+06 .21384E+06 .38234E-01 .95616E+00 .14579E+00 .10153E+00 .21529E+01 .23357E+08 .18420E+01 .16699E+00 .33807E+00 .16603E+01 .50574E+01 .51292E+01
 .76035E+01 .13474E+06 .67233E+04 .85642E+00 .21951E+00 .92365E-01 .88117E-01 .50178E+01 .12355E+08 .26007E+01 .22451E+01 .75670E+00 .39807E+01 .30426E+01 .19516E+01
 .49773E+01 .54703E+06 .33454E+06 .24778E+00 .18136E+00 .12076E+00 .15494E+00 .81765E+00 .14781E+09 .20779E+01 .57657E+01 .20926E+01 .45378E+01 .23744E+01 .50340E+01
 .52807E+01 .11334E+06 .19634E+05 .93056E+00 .16276E+00 .10746E+00 .16138E+00 .75648E+00 .38107E+08 .16659E+01 .14174E+01 .20684E+01 .26574E+01 .39700E+01 .57894E+01
 .13048E+02 .24712E+06 .22182E+05 .89374E+00 .25524E+00 .27790E+00 .10191E+00 .24274E+01 .18865E+08 .95480E+00 .34293E+01 .16669E+01 .31570E+01 .36602E+01 .61385E+00
 .11910E+02 .12475E+06 .28643E+05 .85955E+00 .89860E+00 .22485E+00 .10573E+00 .28396E+01 .47496E+08 .40601E+00 .35492E+00 .12288E+01 .25968E+01 .58075E+01 .56491E+01
 .97305E+01 .58315E+04 .40340E+04 .84590E+00 .57086E+00 .24692E+00 .88019E-01 .32710E+01 .12697E+09 .19841E+01 .31174E+01 .15834E+01 .45889E+01 .54789E+01 .54680E+01
 .14908E+02 .86547E+05 .17397E+05 .75393E+00 .37009E+00 .48621E-01 .80988E-01 .57484E+01 .17824E+08 .10882E+01 .21947E+01 .26047E+01 .58945E+01 .46629E+01 .38441E+01
 .13491E+02 .60632E+05 .31657E+05 .52119E+00 .66785E+00 .73049E-02 .13956E+00 .81552E-02 .12037E+09 .17045E+01 .52386E+01 .65162E+00 .39628E+00 .35379E+01 .61479E+01
 .42710E+01 .42967E+06 .27434E+05 .54745E+00 .85940E-01 .86090E-01 .94092E-01 .53517E+01 .18325E+08 .14148E+01 .48427E+01 .23150E+01 .13902E+01 .56331E+00 .59656E+01
 .11718E+02 .16332E+06 .37315E+05 .33620E+00 .86279E+00 .27074E+00 .14497E+00 .26847E+01 .11412E+08 .20443E+01 .42274E+01 .43586E+00 .14547E+01 .41268E+01 .40093E+01
 .79522E+01 .22613E+05 .18780E+05 .50052E+00 .99800E+00 .13748E+00 .70799E-01 .38700E+01 .72618E+08 .25714E+01 .35037E+01 .67529E+00 .33714E+01 .37392E+01 .20201E+01
 .83052E+01 .24523E+05 .18110E+05 .49725E+00 .99800E+00 .14842E+00 .60190E-01 .38738E+01 .12662E+09 .26265E+01 .35996E+01 .16439E+01 .81956E+00 .48036E+01 .12639E+01
 .10058E+02 .62171E+06 .62865E+04 .54894E+00 .99800E+00 .10831E+00 .15952E+00 .80242E+00 .35644E+08 .74600E+00 .25433E+01 .15677E+01 .17683E+01 .30799E+01 .39557E+01
 .98377E+01 .55545E+06 .73435E+04 .53679E+00 .99800E+00 .10946E+00 .15506E+00 .79183E+00 .18872E+08 .27130E+01 .21531E+01 .93311E+00 .20574E+01 .40138E+00 .46792E+01
 .25240E+01 .19580E+06 .17737E+05 .96320E+00 .99800E+00 .20173E+00 .85976E-01 .40038E+01 .15333E+09 .68461E+00 .15640E+01 .24634E+01 .79372E+00 .43158E+01 .17871E+01
 .17242E+01 .34731E+06 .45550E+06 .75452E+00 .63975E+00 .20211E+00 .17482E+00 .50159E+01 .12557E+08 .38153E+00 .34430E+01 .12687E+01 .24103E+01 .32529E+01 .57911E+01
 .11977E+02 .21662E+06 .16217E+06 .34438E+00 .15241E+00 .59951E-01 .18107E-01 .64101E+00 .11446E+09 .21523E+01 .46192E+01 .14398E+01 .22328E+01 .40884E+01 .50335E+01
 .13495E+02 .10428E+05 .12286E+04 .61114E+00 .40744E+00 .16407E+00 .11512E+00 .49255E+01 .14422E+09 .16519E+01 .26879E+01 .78826E+00 .77195E+00 .23154E+01 .29203E+01
 .87594E+01 .15808E+06 .10088E+06 .59803E+00 .72793E+00 .84922E-01 .21152E-01 .54630E+01 .55985E+07 .15787E+01 .54596E+01 .13988E+01 .16817E+01 .42333E+01 .31492E+01
 .54585E+01 .12474E+06 .12096E+05 .62295E-01 .84856E+00 .83353E-01 .14707E+00 .56405E+00 .12385E+09 .21266E+01 .29468E+01 .10992E+01 .39397E+01 .42560E+01 .20949E+01
 .61111E+01 .97204E+05 .12330E+06 .88250E+00 .99800E+00 .19442E+00 .11091E+00 .37233E+01 .11041E+08 .24600E+01 .44714E+01 .94984E+00 .49220E+01 .47145E+00 .40363E+01
 .88406E+01 .11489E+06 .19722E+05 .69001E+00 .69803E+00 .70910E-01 .11842E+00 .58508E+01 .53831E+08 .23771E+01 .46818E+01 .11422E+01 .15848E+00 .58793E+01 .50989E+01
 .11879E+02 .48941E+05 .31854E+05 .49675E+00 .88510E-01 .30223E+00 .15944E+00 .24281E+01 .20129E+08 .16905E+01 .33046E+01 .10144E+01 .45106E+01 .42170E+00 .39695E+00
 .15444E+02 .12964E+06 .39467E+04 .99440E+00 .36744E-01 .72967E-01 .16472E+00 .58493E+01 .77865E+08 .95110E+00 .45488E+01 .13427E+01 .46603E+00 .56598E+01 .80279E+00
 .86738E+01 .60084E+06 .15802E+06 .25606E+00 .40714E+00 .15123E+00 .99605E-01 .43517E+01 .38824E+08 .11988E+01 .52431E+01 .14276E+01 .43938E+01 .35984E+00 .48553E+01
 .13746E+02 .38688E+06 .62937E+05 .55871E+00 .14845E+00 .10025E+00 .11241E+00 .53846E+01 .93545E+08 .40842E+00 .55305E+01 .20727E+01 .48400E+01 .29279E+01 .44890E+01
 .11024E+02 .95219E+05 .41357E+05 .60319E+00 .14615E+00 .66947E-01 .67467E-01 .45639E+00 .58252E+08 .27859E+01 .31315E+01 .21959E+00 .31618E+01 .24746E+01 .47448E+00
 .31179E+01 .32818E+07 .11969E+06 .67621E+00 .99800E+00 .16637E+01 .22357E+01 .40656E+00 .79113E+08 .11089E+01 .23465E+01 .60721E+00 .15173E+01 .31868E+01 .54656E+01
 .30191E+01 .78119E+06 .35027E+06 .48155E+00 .99800E+00 .19206E+00 .17134E+00 .21594E+01 .44505E+08 .16941E+01 .11384E+01 .55928E+00 .28148E+01 .61115E+01 .11864E+01
 .18347E+02 .20373E+06 .20381E+05 .74481E+00 .81563E+00 .12312E+00 .56766E-01 .47724E+01 .17031E+08 .11554E+01 .37593E+01 .25298E+01 .51737E+01 .34243E+01 .60873E+01
 .19967E+02 .33348E+06 .45944E+05 .12283E+00 .60666E+00 .46829E-01 .15167E+00 .61354E+01 .15478E+09 .14863E+01 .33074E+01 .25889E+01 .40763E+01 .60941E+01 .78216E+00
 .76687E+01 .75368E+06 .15209E+06 .98399E+00 .66972E+00 .51928E-01 .16255E+00 .29260E+00 .67508E+08 .25404E+01 .34466E+01 .82013E+00 .60836E+01 .50131E+01 .18396E+01
 .61207E+01 .28966E+05 .11647E+04 .62499E+00 .33460E+00 .86501E-01 .13784E+00 .56586E+01 .42265E+08 .23369E+01 .14985E+01 .16111E+01 .35638E+01 .22871E+01 .57394E+01
 .66224E+01 .45598E+05 .32832E+05 .32372E+00 .19948E+00 .31407E+00 .15570E+00 .32265E+01 .15473E+09 .22010E+00 .31820E+01 .25286E+01 .49401E+01 .22668E+01 .93124E+00
 .69239E+01 .37407E+05 .28614E+05 .34319E+00 .20753E+00 .32370E+00 .15602E+00 .32243E+01 .14794E+09 .43103E-01 .16904E+00 .18737E+00 .10475E+01 .83615E+00 .15746E+01
 .52744E+01 .17546E+05 .13359E+05 .69667E+00 .45184E+00 .40241E-01 .96115E-01 .61520E+01 .73798E+07 .22340E+01 .97924E+00 .15904E+01 .20642E+01 .16899E+00 .52068E+01
 .91040E+01 .12380E+06 .45789E+05 .56501E+00 .97183E+00 .13972E+00 .10120E+00 .30974E+01 .12861E+09 .17307E+01 .39260E+01 .75692E+00 .18979E+01 .60448E+01 .50974E+01
 .92654E+01 .51849E+05 .18864E+05 .50755E+00 .52170E+00 .78222E-01 .70256E-01 .86211E+00 .10412E+09 .19284E+00 .55160E+01 .16002E+01 .28745E+01 .53970E+01 .52596E+01
 .10128E+02 .96658E+06 .32952E+05 .66241E-01 .18790E+00 .82412E-01 .63184E-01 .64278E+00 .10001E+09 .71816E+00 .58015E+01 .81841E+00 .54107E+01 .62688E+01 .27481E+00
 .96460E+00 .77284E+05 .65424E+05 .74382E+00 .99800E+00 .94652E+00 .19293E+01 .54791E+01 .25125E+08 .22724E+01 .18348E+01 .22136E+01 .36862E+01 .10425E+01 .84675E+00
 .61407E+01 .99093E+05 .46918E+05 .91254E+00 .66883E+00 .58493E-01 .46261E-01 .18516E+01 .13933E+09 .16405E+01 .42673E+01 .14012E+01 .39778E+01 .34838E+01 .17063E+01
 .98647E+01 .58678E+06 .17349E+06 .36383E+00 .87688E+00 .46714E-01 .67150E-01 .10400E+00 .15086E+09 .18942E+01 .91316E+00 .19554E+01 .28928E+01 .34734E+01 .21849E+00
 .41683E+01 .15354E+06 .18597E+06 .69294E+00 .51961E+00 .32318E+00 .17239E+00 .33947E+01 .43585E+08 .51467E+00 .44369E+01 .12407E+01 .62632E+01 .33808E+01 .11276E+01
 .43258E+01 .12515E+06 .35712E+04 .58768E+00 .23210E+00 .78798E-01 .11113E+00 .58574E+01 .25784E+08 .13026E+01 .57340E+01 .22553E+01 .36615E+01 .41909E+01 .60874E+01
 .54196E+01 .42899E+05 .15804E+04 .32461E+00 .68252E+00 .19581E+00 .13071E+00 .24051E+01 .55573E+08 .22075E+01 .31037E+01 .92728E+00 .56193E+01 .49725E+01 .39088E+01
 .10820E+02 .64572E+06 .25960E+06 .91743E+00 .42031E+00 .82073E-01 .92580E-01 .88162E+00 .15017E+08 .17844E+01 .21069E+01 .20578E+01 .23893E+01 .35804E+01 .23682E+01
 .98431E+01 .78328E+05 .17145E+05 .66928E+00 .79058E+00 .89882E-01 .16330E+00 .62444E+01 .42304E+08 .13555E+01 .58560E+01 .21119E+00 .16506E+01 .77049E+00 .12261E+01
 .14561E+02 .23239E+05 .16790E+05 .65299E+00 .46300E+00 .18929E+00 .14637E+00 .50131E+01 .13785E+09 .17672E+01 .89273E-01 .24734E+01 .36318E+01 .34290E+01 .54891E+01
 .58875E+01 .73229E+05 .27570E+05 .65082E+00 .48409E+00 .19711E+00 .96542E-01 .28582E+01 .22283E+08 .15867E+01 .44850E+01 .70078E+00 .35859E+01 .17667E+01 .15191E+01
 .42024E+01 .66512E+06 .19253E+04 .41591E+00 .25020E+00 .92695E-01 .12884E+00 .55014E+01 .91970E+08 .21924E+01 .50485E+01 .11184E+01 .28900E+01 .31904E+01 .14291E+01
 .39991E+01 .29545E+06 .20223E+06 .58479E+00 .69814E+00 .25117E+00 .11420E+00 .35733E+01 .67949E+08 .21003E+01 .57938E+01 .11864E+01 .20958E+01 .22499E+01 .13070E+01
 .11346E+02 .12305E+06 .63097E+05 .42675E+00 .86799E+00 .26743E-01 .12318E+00 .60873E+01 .14807E+09 .18149E+01 .46503E+01 .85978E+00 .15558E+01 .59721E+01 .15052E+01
 .84500E+01 .16405E+06 .62157E+05 .61278E+00 .32363E+00 .15778E+00 .13507E+00 .18089E+01 .10725E+09 .17163E+01 .34878E+01 .66928E+00 .50648E+01 .35504E+01 .21325E+01
 .13478E+02 .72215E+06 .33365E+05 .66306E+00 .44935E-01 .29097E+00 .13299E+00 .34210E+01 .37911E+07 .99324E+00 .61081E+01 .86116E+00 .12316E+01 .38129E+01 .28060E+01
 .10945E+02 .92242E+05 .12289E+04 .15801E+00 .46102E+00 .73031E-01 .56405E-01 .19955E+00 .12811E+09 .12753E+01 .18547E+01 .12756E+01 .29662E+01 .56521E+01 .33114E+01
 .66992E+01 .58297E+05 .56035E+04 .81740E+00 .97437E+00 .29942E+00 .15568E+00 .40316E+01 .14421E+09 .18982E+01 .89916E+00 .20461E+01 .21375E+01 .41604E+01 .54011E+01
 .11242E+02 .31864E+05 .13401E+05 .67952E+00 .23693E+00 .82153E-01 .11519E+00 .68933E+00 .80979E+08 .26690E+01 .54680E+01 .88256E+00 .66657E+00 .28207E+01 .76273E+00
 .14370E+02 .33124E+05 .10810E+04 .78967E+00 .45111E+00 .17721E+00 .18012E+00 .12536E+01 .97136E+08 .91447E+00 .54633E+01 .27319E+01 .49412E+01 .59701E+01 .40739E+01
 .13682E+02 .10478E+06 .34756E+04 .79605E+00 .14110E+00 .10232E+00 .15631E+00 .55510E+01 .14947E+09 .20029E+01 .57583E+01 .16176E+01 .37803E+01 .20883E+01 .14782E+01
 .10460E+02 .25580E+06 .99473E+05 .44086E+00 .47054E+00 .23085E+00 .81623E-01 .33503E+01 .67563E+08 .16856E+01 .57897E+00 .13496E+01 .60880E+01 .55814E+01 .37647E+01
 .86345E+01 .19455E+06 .38567E+05 .62852E+00 .62218E+00 .17226E+00 .16437E+00 .47026E+01 .97898E+08 .28664E+01 .58540E+01 .12291E+01 .25800E+01 .39583E+01 .25715E+01
 .65663E+01 .40541E+05 .25589E+04 .99800E+00 .92984E+00 .16636E+01 .14381E+01 .48258E+01 .12676E+09 .10692E+01 .13192E+01 .26081E+01 .54536E+01 .57922E+01 .53707E+01
 .91846E+01 .24183E+05 .18310E+04 .81329E+00 .83343E+00 .22738E-01 .15662E+00 .62608E+01 .32391E+08 .14440E+01 .34959E+00 .10130E+01 .39040E+01 .50720E+01 .95576E+00
 .69268E+01 .23054E+06 .24559E+05 .20752E+00 .36304E+00 .72781E-01 .79685E-01 .16119E+01 .96224E+08 .73983E+00 .39582E+01 .97327E+00 .32795E+01 .62159E+01 .14148E+01
 .16897E+02 .28064E+06 .33031E+05 .50110E+00 .16245E+00 .12386E+00 .75088E-01 .54661E+01 .33351E+08 .94410E+00 .53116E+01 .18789E+01 .16457E+01 .21440E+01 .49273E+00
 .76143E+01 .22383E+06 .51243E+05 .24752E+00 .73373E+00 .16193E+00 .40955E-01 .22960E+01 .50498E+07 .14347E+01 .26730E+01 .10997E+01 .50942E+01 .17784E+01 .41559E+01
 .47537E+01 .51938E+05 .23356E+05 .72274E+00 .97859E+00 .15020E+00 .12340E+00 .40191E+01 .76920E+08 .76208E+00 .26080E+01 .71847E+00 .94373E+00 .35441E+01 .39654E+01
 .33069E+01 .56157E+06 .24000E+05 .99800E+00 .71471E+00 .13718E+00 .44933E-01 .26907E+01 .13717E+06 .26013E+01 .46651E+01 .25996E+01 .50764E+01 .22879E+01 .44233E+01
 .70359E+01 .10690E+06 .29713E+05 .33396E+00 .16820E+00 .19850E+00 .13304E+00 .22465E+01 .61313E+08 .22631E+01 .16656E+01 .19487E+01 .20056E+01 .50842E+01 .11517E+01
 .13044E+02 .21608E+06 .61495E+05 .64834E+00 .31866E+00 .11237E+00 .11699E+00 .19434E+01 .99638E+08 .60349E+00 .50755E+01 .25122E+01 .61295E+01 .53067E+01 .52787E+00
 .14899E+02 .51947E+05 .39154E+04 .24942E-01 .30631E-01 .20849E+00 .14344E+00 .44497E+01 .15008E+09 .83937E+00 .22947E+01 .21237E+01 .57117E+01 .31501E+01 .60414E+01
 .91369E+01 .70093E+05 .32453E+05 .87550E+00 .34433E+00 .14268E+00 .10327E+00 .99311E+00 .61340E+08 .13121E+01 .35669E+00 .10355E+01 .34704E+01 .29423E+01 .48614E+01
 .72993E+01 .20598E+06 .78241E+05 .15806E+00 .64792E-02 .13367E+00 .18027E+00 .94804E+00 .15600E+09 .22770E+01 .55719E+01 .25581E+00 .14898E+01 .49083E+01 .23335E+01
 .42786E+01 .13002E+06 .26948E+05 .77220E+00 .94268E+00 .11558E+00 .14666E+00 .54063E+00 .61675E+08 .17231E+01 .73692E+00 .21590E+01 .29514E-01 .58598E+01 .61982E+01
 .23342E+01 .23609E+05 .11308E+05 .46167E+00 .62365E-01 .16844E+01 .15629E+01 .46009E+01 .96063E+08 .18055E+01 .48781E+00 .15831E+01 .11738E+01 .62555E+01 .13020E+01
 .12040E+02 .17164E+05 .88610E+04 .79754E+00 .39980E+00 .12294E+00 .39811E-01 .15362E+01 .12438E+09 .13512E+01 .23715E+00 .40057E+00 .16713E+01 .58596E+01 .24372E+01
 .12381E+02 .65986E+05 .97289E+04 .69092E+00 .22709E+00 .14757E+00 .10601E+00 .38298E+01 .39129E+08 .17646E+01 .28173E+01 .14797E+01 .28661E+01 .60852E+01 .61202E+01
 .98411E+01 .59963E+06 .30004E+05 .76428E+00 .41079E+00 .17216E+00 .14458E+00 .13946E+01 .76120E+08 .89843E+00 .74514E+00 .47012E+00 .51908E+01 .48139E+01 .29682E+01
 .67489E+01 .10485E+06 .53587E+04 .52315E+00 .88075E+00 .94636E-01 .85653E-01 .56356E+01 .14778E+09 .45437E+00 .61936E+01 .12841E+01 .77174E+00 .24570E+01 .36148E+01
 .10105E+01 .21495E+07 .10248E+06 .95009E+00 .35900E-01 .26028E+00 .12909E+00 .36981E+01 .55612E+08 .26262E+01 .54387E+01 .12870E+01 .56656E+01 .62582E+01 .34345E+01
 .97258E+01 .52308E+05 .29642E+05 .25411E+00 .92107E+00 .91184E-01 .72903E-01 .68708E+00 .54134E+08 .12589E+01 .10986E+01 .14942E+01 .58583E+01 .52157E+01 .50785E+01
 .10368E+02 .32767E+06 .14626E+06 .63659E+00 .80925E+00 .85880E-01 .14753E+00 .55394E+01 .80593E+08 .88557E+00 .25542E+01 .22917E+01 .57803E+01 .49471E+00 .40084E+01
 .15287E+02 .37209E+06 .19213E+06 .48569E-01 .74982E+00 .46699E-01 .12996E-01 .12535E+01 .64855E+08 .24298E+01 .70399E+00 .24979E+01 .57572E+01 .53783E+01 .59446E+01
 .12578E+02 .44845E+06 .55612E+05 .37611E+00 .80297E+00 .21393E+00 .16697E+00 .13510E+01 .12562E+09 .43670E+00 .20081E+01 .18089E+01 .56726E-01 .30287E+01 .34300E+01
 .11890E+02 .21760E+06 .82957E+05 .50909E+00 .57765E+00 .12589E+00 .66344E-01 .36041E+01 .13816E+09 .77394E+00 .32480E+01 .28114E+01 .61805E+01 .44756E+01 .23399E+01
 .12313E+02 .37977E+05 .26397E+05 .67851E+00 .67637E+00 .19714E+00 .13669E+00 .15839E+01 .13460E+09 .12382E+01 .51359E+00 .22017E+01 .32881E+01 .15454E+01 .47219E+01
 .60157E+01 .20854E+06 .14026E+06 .16121E-01 .64966E+00 .12447E+00 .16357E+00 .54662E+01 .54173E+08 .26342E+01 .59382E+01 .26542E+01 .29466E+01 .31622E+01 .47749E+01
 .16024E+02 .10472E+06 .90515E+05 .18417E+00 .55721E+00 .23943E-01 .13081E+00 .27335E+00 .31798E+08 .19615E+01 .40711E+01 .22015E+01 .59730E+01 .57625E+01 .19696E+01
 .52874E+01 .48390E+05 .25070E+05 .95386E+00 .89942E+00 .23478E+00 .15196E+00 .24017E+01 .78292E+07 .14334E+01 .52883E+00 .24505E+01 .52090E+01 .47580E+01 .41486E+01
 .55787E+01 .77149E+06 .76033E+06 .98403E+00 .47266E+00 .18703E+00 .44513E-01 .20388E+01 .72917E+06 .17325E+01 .40029E+01 .12093E+01 .44756E+01 .50815E+01 .16010E+01
 .11030E+02 .11904E+06 .12232E+05 .35666E+00 .36974E+00 .45639E-01 .10584E+00 .61922E+01 .64837E+08 .49961E+00 .13957E+01 .17213E+01 .28122E+01 .50755E+01 .23643E+01
 .13983E+02 .10509E+06 .10393E+04 .50732E-01 .35347E-01 .13713E+00 .12028E+00 .13300E+01 .76529E+08 .14242E+01 .13362E+01 .12872E+01 .15197E+01 .27991E+01 .14310E+01
 .38485E+01 .48319E+05 .67095E+04 .99800E+00 .40419E+00 .17604E+00 .10293E+00 .31065E+01 .31068E+08 .24095E+01 .61344E+01 .18862E+01 .48244E+01 .53890E+01 .33484E+00
 .46899E+01 .10058E+05 .54692E+04 .92160E+00 .99800E+00 .10492E+00 .17085E+00 .88344E+00 .18121E+08 .27116E+01 .23949E+01 .90693E+00 .15743E+01 .30341E+01 .44252E+01
 .25364E+01 .44878E+05 .14922E+05 .99460E-01 .98570E+00 .13080E-01 .12195E+00 .42731E-01 .11184E+09 .25534E+01 .16825E+01 .22725E+01 .29609E+01 .49219E+01 .29663E+01
 .81206E+01 .11246E+06 .82502E+05 .99031E+00 .75873E+00 .21419E+00 .12727E+00 .15898E+01 .12611E+09 .37035E+00 .14316E+00 .17880E+01 .29958E+01 .43947E+01 .19811E+01
 .41334E+01 .16317E+06 .32114E+04 .16576E+00 .24308E-01 .17997E+00 .12662E+00 .52681E+01 .15646E+09 .30289E+01 .22611E+01 .15637E+01 .10507E+01 .49293E+01 .19524E-01
 .38384E+01 .11077E+05 .45020E+04 .26199E+00 .10695E+00 .85114E-01 .14993E+00 .43794E+00 .91498E+08 .13687E+01 .85771E+00 .20386E+01 .86967E+00 .52025E+01 .55583E+01
 .78924E+01 .43337E+05 .74162E+04 .96006E-01 .74645E+00 .11201E+00 .11805E+00 .49615E+01 .27915E+08 .27961E+00 .40643E+01 .53024E+00 .35128E+01 .38723E+01 .18339E+01
 .12622E+02 .32450E+05 .15172E+05 .44042E+00 .62015E+00 .20865E+00 .13800E+00 .29410E+01 .15088E+09 .86832E+00 .26331E+01 .30117E+00 .62394E+01 .18441E+00 .49654E+01
 .35530E+01 .96148E+05 .39958E+05 .62360E+00 .67799E+00 .12168E+00 .13893E+00 .51694E+01 .13208E+09 .24152E+01 .37406E+01 .13080E+01 .47340E+01 .50030E+01 .51384E-01
 .50175E+01 .11109E+06 .21793E+05 .87507E+00 .89115E+00 .21013E+00 .78108E-01 .23617E+01 .14710E+09 .10287E+01 .21826E+01 .94375E+00 .18770E+00 .25656E+01 .37759E+01
 .12754E+02 .91283E+05 .49109E+05 .80981E+00 .20065E+00 .16355E+00 .10827E+00 .44755E+01 .11275E+09 .61917E+00 .13233E+01 .67642E+00 .62519E+01 .28328E+01 .21385E+01
 .49659E+01 .43379E+06 .12376E+06 .67605E+00 .19268E-01 .16632E+00 .88242E-01 .49025E+01 .62232E+08 .21327E+01 .42014E+01 .61622E+00 .40089E+01 .15360E+01 .43977E+01
 .28331E+01 .15653E+06 .41869E+05 .51145E+00 .80041E+00 .24118E+00 .10809E+00 .36922E+01 .81474E+08 .15499E+01 .53542E+01 .18657E+01 .24219E+01 .35769E+01 .60943E+01
 .67214E+01 .16919E+06 .26660E+05 .17079E+00 .85409E+00 .21394E+00 .12363E+00 .15727E+01 .34025E+08 .73200E+00 .33879E+01 .61108E+00 .15312E+01 .26184E+01 .36652E+01
 .10022E+02 .21887E+04 .19286E+04 .44287E+00 .73122E+00 .17737E+00 .15937E+00 .49595E+01 .26514E+08 .16224E+00 .13043E+01 .19530E+01 .58285E+01 .23456E+01 .39502E+01
 .97833E+01 .15000E+06 .12045E+06 .71005E+00 .64230E+00 .18612E+00 .72385E-01 .40382E+01 .11389E+09 .26787E+01 .47494E+01 .18744E+01 .43445E+01 .59294E+01 .44061E+01
 .43870E+01 .63797E+05 .64175E+05 .28525E+00 .44026E+00 .20887E+00 .16979E+00 .31969E+01 .84391E+08 .23444E+01 .53613E+01 .20421E+01 .99397E+00 .62115E+01 .13438E+01
 .58880E+01 .19886E+06 .18187E+06 .91323E+00 .61667E+00 .20420E+00 .15194E+00 .42523E+01 .43635E+08 .15940E+01 .14652E+01 .20552E+01 .32743E+01 .24534E+01 .11504E+00
 .57527E+01 .23794E+06 .32833E+05 .77587E+00 .28728E+00 .53442E-01 .37810E-01 .76633E+00 .35112E+08 .12087E+01 .40357E+01 .71397E+00 .23670E+01 .22968E+01 .29016E+00
 .51342E+01 .42605E+05 .17190E+05 .35557E-01 .83462E+00 .22288E+00 .26633E+01 .58865E+01 .77530E+08 .29941E+00 .37501E+01 .14023E+01 .30905E+01 .50331E+01 .58489E+01
 .16791E+02 .27946E+06 .16344E+06 .82383E+00 .96705E+00 .89176E-01 .89897E-01 .12851E+01 .12409E+09 .10423E+01 .62322E+01 .26511E+01 .36162E+01 .35655E+01 .60849E+01
 .11379E+02 .25456E+06 .10685E+06 .63439E+00 .32262E+00 .68570E-01 .13484E+00 .56648E+01 .26374E+08 .16195E+01 .43768E+01 .22798E+01 .12121E+01 .14417E+01 .57495E+01
 .90496E+01 .12867E+06 .18048E+05 .65329E+00 .35145E-01 .66625E-01 .44630E-01 .10376E+01 .64009E+08 .14438E+01 .13867E+01 .15797E+01 .41104E+01 .79582E+00 .26590E+00
 .46501E+01 .42146E+06 .37115E+06 .38223E+00 .42182E+00 .16625E+00 .68087E-01 .37125E+01 .12636E+09 .13707E+01 .51295E+01 .15839E+01 .53192E+01 .38963E+00 .13335E+01
 .12484E+02 .14401E+06 .28337E+04 .38273E+00 .27251E+00 .88588E-01 .47427E-01 .33000E+00 .14444E+09 .21086E+01 .25429E+01 .28146E+01 .52014E+01 .17909E+01 .45691E+01
 .12050E+02 .15086E+05 .86457E+04 .57312E+00 .82395E+00 .17818E+00 .58242E-01 .25495E+01 .71464E+08 .95235E+00 .13287E+01 .15308E+01 .47769E+01 .10020E+01 .64095E+00
 .97255E+01 .22721E+06 .58603E+05 .87440E+00 .22606E+00 .11287E+00 .15762E+00 .68424E+00 .35535E+08 .61819E+00 .18320E+01 .25153E+01 .51207E+00 .93975E+00 .24693E+01
 .34623E+01 .21606E+06 .73315E+04 .99800E+00 .99800E+00 .31424E+00 .15948E+00 .28198E+01 .14709E+09 .22541E+01 .57202E+01 .90752E+00 .71527E+00 .26682E+01 .40344E+01
 .47749E+01 .97407E+05 .65798E+04 .45941E+00 .87244E-01 .52216E-01 .62900E-01 .59174E+01 .55420E+07 .17913E+01 .58112E+01 .19784E+01 .20026E+00 .77036E+00 .49347E+01
 .12551E+02 .45971E+06 .37407E+05 .25365E+00 .75872E+00 .97849E-01 .15344E+00 .62507E+01 .92212E+08 .62933E+00 .56948E+00 .16719E+01 .17410E+01 .27436E+01 .37632E+00
 .85127E+01 .36590E+06 .93870E+05 .60073E+00 .51686E+00 .11380E+00 .83671E-01 .93465E+00 .13510E+09 .74932E+00 .36306E+01 .11161E+01 .29867E+01 .40305E+01 .43552E+01
 .73872E+01 .22639E+06 .13402E+06 .22702E-01 .28934E+00 .19471E+00 .13610E+00 .23614E+01 .12920E+08 .17640E+01 .73531E+00 .10176E+01 .31892E+01 .81765E+00 .51086E+01
 .10895E+02 .64546E+05 .46202E+05 .56349E+00 .62687E+00 .78223E-01 .80684E-01 .50918E+01 .79526E+08 .34202E+00 .61601E+01 .18653E+01 .58785E+01 .89578E+00 .20236E+01
 .10807E+02 .37740E+06 .77527E+04 .16194E+00 .63895E+00 .51700E-01 .14677E+00 .37494E+00 .14679E+09 .71107E+00 .83446E+00 .20935E+01 .33713E+01 .29648E+01 .19096E+01
 .60136E+01 .49847E+06 .15803E+06 .61773E+00 .17376E+00 .22557E+00 .12446E+00 .22964E+01 .71735E+08 .18462E+01 .56156E+01 .13275E+01 .22857E+01 .60583E+01 .19523E+00
 .79611E+01 .75780E+06 .12618E+06 .51054E+00 .19252E+00 .22068E+00 .14866E+00 .23067E+01 .11496E+09 .18199E+01 .13547E+01 .16677E+01 .59523E+01 .55060E+01 .34169E+01
 .41876E+01 .50074E+06 .30075E+06 .64452E+00 .72277E+00 .22131E+00 .16461E+00 .16507E+01 .12468E+09 .64117E+00 .60422E+01 .23172E+01 .51024E+01 .20664E+01 .53802E+01
 .14146E+02 .35813E+05 .63438E+04 .90557E+00 .32724E+00 .16362E+00 .12834E+00 .47445E+01 .45762E+08 .12044E+01 .40324E+00 .23898E+01 .49730E+01 .71519E+00 .52445E+01
 .11945E+02 .87650E+05 .82656E+05 .81811E-02 .39581E+00 .70110E-01 .60923E-01 .75660E+00 .14594E+09 .12941E+01 .35976E+01 .16534E+01 .13905E+01 .16632E+01 .28882E+01
 .13982E+02 .53457E+06 .23460E+06 .54128E+00 .64856E+00 .18308E+00 .18121E+00 .12401E+01 .82330E+07 .96946E+00 .50966E+01 .15535E+01 .60821E+01 .78642E-01 .36472E+01
 .96209E+01 .30926E+05 .33157E+04 .51479E+00 .63240E+00 .13877E+00 .23576E-01 .40445E+01 .15181E+09 .10668E+00 .59618E+01 .20485E+01 .61789E+01 .14317E-01 .23512E+01
 .55943E+01 .10501E+07 .44032E+06 .99800E+00 .99800E+00 .14669E+00 .25287E-01 .24739E+01 .10580E+09 .61828E+00 .31233E+01 .90806E+00 .42794E+00 .58060E+01 .41390E+01
 .10873E+02 .76006E+05 .77999E+04 .19708E-01 .26004E-01 .76818E-01 .16557E+00 .48699E+00 .51257E+08 .83880E+00 .49132E+01 .21234E+01 .42566E+00 .46258E+01 .57313E+01
 .15764E+02 .31488E+06 .52580E+05 .62526E+00 .63773E+00 .30400E+00 .13177E+00 .31675E+01 .11243E+08 .15784E+01 .49611E+01 .28171E+01 .10505E+01 .60770E+01 .10306E+01
 .12373E+02 .12546E+06 .78913E+04 .18061E+00 .99800E+00 .16855E+00 .92574E-01 .41923E+01 .12004E+09 .20381E+01 .50266E+01 .10664E+01 .47005E+01 .56707E+01 .35129E+01
 .14059E+02 .41438E+06 .13411E+06 .95145E+00 .74100E+00 .15331E+00 .73912E-01 .17819E+01 .12747E+09 .19691E+01 .15808E+01 .20605E+01 .19329E+01 .46623E+01 .34407E+01
