 .44932E+01 .64904E+06 .19794E+06 .93676E+00 .89411E+00 .15888E+00 .15777E+00 .51904E+01 .13840E+09 .17430E+01 .30465E+01 .27182E+01 .28322E+01 .30967E+01 .37235E+01
 .16300E+01 .17490E+06 .19957E+06 .99800E+00 .63666E+00 .37769E-01 .92885E-01 .62122E+01 .29604E+08 .14631E+01 .54807E+01 .24130E+01 .59027E+01 .31212E+01 .36243E+00
 .49267E+01 .34597E+06 .28375E+06 .32758E+00 .44878E+00 .10481E+00 .60244E-01 .14463E+00 .39951E+08 .15804E+01 .17331E+01 .22110E+01 .53301E+01 .41936E+01 .41624E+01
 .37732E+01 .10375E+07 .50533E+06 .98663E+00 .80528E+00 .12051E+00 .12080E+00 .99278E+00 .46615E+08 .26711E+01 .20268E+00 .14557E+01 .44300E+01 .34321E+00 .36935E+01
 .45619E+01 .21571E+05 .35268E+04 .99800E+00 .94113E+00 .15731E+00 .11809E+00 .51265E+01 .94463E+07 .71148E+00 .19934E+01 .74446E+00 .59422E+01 .13694E+01 .37025E+01
 .73778E+01 .13771E+06 .19174E+05 .74097E+00 .99800E+00 .15333E+00 .15791E+00 .14515E+01 .59310E+08 .18041E+01 .60777E+00 .18652E+01 .51805E+00 .24692E+00 .23625E+01
 .40602E+01 .96871E+06 .79266E+06 .99800E+00 .99800E+00 .20636E+00 .15769E+00 .44587E+01 .50366E+08 .12950E+01 .31934E+01 .12040E+01 .11550E+01 .56284E+01 .34038E+01
 .19161E+01 .30751E+06 .60753E+05 .87474E+00 .99800E+00 .13170E+00 .45889E-01 .82009E+00 .30957E+08 .21825E+01 .13122E+01 .40590E+00 .47741E+01 .25131E+01 .49420E+01
 .68664E+01 .56374E+06 .42027E+06 .88868E+00 .83647E+00 .14367E+00 .97557E-01 .21434E+01 .13320E+09 .20215E+01 .27037E+01 .16352E+01 .11628E+01 .76365E+00 .20386E+01
 .10606E+01 .10366E+07 .69103E+06 .87667E+00 .92233E+00 .17043E+00 .17560E+00 .12916E+01 .49294E+08 .11249E+01 .53488E+01 .11849E+01 .16918E+01 .54122E+01 .15223E+01
 .16890E+01 .90287E+06 .87547E+06 .99799E+00 .99800E+00 .11119E+00 .83753E-01 .12940E+01 .40521E+08 .17311E+01 .26368E+01 .68927E+00 .55921E+01 .14789E+01 .16068E+00
 .38435E+01 .52267E+06 .27631E+06 .98147E+00 .99800E+00 .29566E+00 .11889E+00 .35013E+01 .13886E+09 .17033E+01 .61835E+01 .86474E+00 .11936E+01 .57270E+01 .48875E+01
 .17887E+01 .46592E+06 .20605E+06 .29821E+00 .69495E+00 .10827E+00 .47326E-01 .85464E-01 .48983E+08 .40032E+00 .14781E+01 .18040E+01 .26892E+01 .15575E+01 .67341E+00
 .47651E+01 .12373E+06 .78562E+05 .82577E+00 .90372E+00 .23337E+00 .16723E+00 .18049E+01 .85686E+08 .19170E+01 .54722E+01 .20396E+01 .55773E+01 .62479E+01 .26649E+01
 .15445E+01 .51150E+06 .33914E+06 .99302E+00 .99800E+00 .58697E-01 .16496E+00 .53644E+00 .46980E+08 .16268E+01 .60804E+00 .15648E+01 .37703E+01 .88440E+00 .43588E+01
 .56740E+01 .73319E+06 .65893E+06 .99798E+00 .99800E+00 .17455E+00 .10594E+00 .42138E+01 .15634E+09 .13049E+01 .23179E+00 .11911E+01 .21639E+01 .18667E+01 .54784E+01
 .55269E+00 .48643E+06 .23812E+06 .79747E+00 .90614E+00 .17341E+01 .30026E+01 .14505E+01 .73349E+08 .14291E+01 .56155E+01 .18442E+01 .13443E+01 .58793E+01 .40909E+01
 .24540E+01 .11325E+07 .31109E+06 .74277E+00 .99800E+00 .25106E+01 .19228E+01 .32022E+01 .10423E+09 .62879E+00 .87994E+00 .13302E+01 .24312E+01 .15383E+01 .12615E+01
 .50959E+01 .51684E+06 .29942E+06 .69614E+00 .59610E+00 .10168E+00 .13486E+00 .60553E+01 .12222E+07 .64609E+00 .36445E+01 .21586E+01 .41020E+01 .12464E+01 .86588E+00
 .44439E+01 .51903E+06 .29568E+06 .94918E+00 .98569E+00 .16932E+00 .15872E+00 .11519E+01 .55742E+08 .37313E+00 .11196E+01 .31585E+00 .19862E+00 .56375E+01 .13388E+01
 .69334E+01 .68072E+05 .16493E+05 .80583E+00 .89240E+00 .24031E+00 .15298E+00 .21578E+01 .15173E+09 .12169E+01 .27738E+01 .48090E+00 .13399E+01 .33742E+01 .85764E+00
 .25540E+01 .63881E+06 .49948E+06 .97122E+00 .98199E+00 .21774E+00 .14669E+00 .43079E+01 .14637E+09 .25560E+01 .59827E+01 .12972E+01 .25143E+01 .40733E+01 .73610E-01
 .63148E+01 .33739E+06 .11092E+06 .93481E+00 .97389E+00 .81197E-01 .49160E-01 .15036E-01 .12413E+09 .11271E+01 .52011E+01 .23374E+01 .45703E+01 .27769E+01 .26764E+01
 .39091E+01 .46986E+06 .40588E+06 .75516E+00 .76272E+00 .14217E+00 .15447E+00 .10992E+01 .32536E+08 .16191E+01 .35592E+01 .10398E+01 .78515E+00 .26771E+01 .61458E+01
 .53341E+01 .99716E+06 .65731E+06 .99800E+00 .99800E+00 .10579E+00 .29072E-01 .61998E+01 .23241E+08 .13540E+01 .52604E+01 .20030E+00 .30764E+01 .61760E+01 .53492E+01
 .12687E+01 .58460E+05 .13663E+05 .99800E+00 .99800E+00 .31724E+00 .14771E+00 .32470E+01 .28086E+08 .18250E+01 .25008E+01 .23535E+01 .53903E+01 .12844E+01 .46473E+01
 .37200E+01 .21548E+06 .17054E+06 .58776E+00 .74768E+00 .13399E+00 .12422E+00 .20738E+01 .15531E+09 .13170E+01 .83004E+00 .13896E+01 .44808E+01 .12850E+01 .10184E+01
 .61018E+01 .37687E+06 .11923E+06 .84637E+00 .66026E+00 .15517E+00 .11803E+00 .29241E+01 .66135E+08 .18912E+01 .29070E+01 .13275E+01 .45756E+01 .51180E+01 .58288E+00
 .26673E+01 .83139E+06 .43183E+06 .99800E+00 .87052E+00 .27512E+00 .15954E+00 .19960E+01 .52402E+07 .23493E+01 .48631E+01 .23374E+01 .26781E+01 .52214E+01 .52267E+01
 .44827E+01 .10470E+06 .16284E+05 .21876E+00 .95126E+00 .65730E-01 .11715E+00 .56588E+01 .10157E+09 .43358E+00 .11458E+01 .13277E+01 .52193E+01 .21009E+01 .39364E+01
 .44651E+01 .24681E+06 .66261E+06 .99800E+00 .73848E+00 .19432E+00 .93407E-01 .41550E+01 .15160E+09 .83096E+00 .58445E+00 .20835E+01 .18001E+01 .22537E+00 .25014E+01
 .52197E+01 .45719E+05 .25693E+05 .99800E+00 .68813E+00 .99505E-01 .16600E+00 .40010E+00 .10763E+09 .71969E+00 .33623E+01 .15505E+01 .56418E+01 .14382E+01 .10418E+01
 .63054E+01 .52127E+06 .10609E+06 .90971E+00 .92321E+00 .94056E-01 .76456E-01 .54180E+01 .78082E+08 .27707E+01 .46111E+01 .12966E+01 .23607E+01 .61732E+01 .59609E+01
 .48735E+01 .12351E+05 .69669E+04 .66461E+00 .99800E+00 .13585E+00 .39306E-01 .26593E+01 .43362E+08 .17182E+01 .60134E+01 .25892E+01 .19070E+01 .20230E+01 .61400E+01
 .47041E+01 .34448E+06 .21457E+06 .99800E+00 .94826E+00 .10803E+00 .70232E-01 .42179E+01 .55952E+08 .63935E+00 .51162E+01 .83673E+00 .41313E+01 .43204E+01 .65717E+00
 .28928E+01 .33044E+06 .18015E+06 .88161E+00 .97861E+00 .29139E+00 .13942E+00 .35808E+01 .12630E+09 .16977E+01 .52354E+01 .15566E+01 .21436E+01 .13182E+01 .64010E+00
 .66461E+01 .39575E+06 .12902E+06 .57960E+00 .72086E+00 .22209E+00 .16979E+00 .44934E+01 .10559E+09 .10110E+00 .24278E+01 .22856E+01 .30861E+01 .59888E+01 .13984E+00
 .29123E+01 .69255E+06 .32859E+06 .95713E+00 .99800E+00 .20322E+00 .14632E+00 .41325E+01 .15125E+09 .25144E+01 .31359E+01 .13367E+01 .28678E+01 .28161E+01 .20438E+01
