 .10860E+01 .86471E+05 .10650E+06 .93437E+00 .90638E+00 .19496E+00 .12991E+00 .33011E+01 .15034E+09 .21756E+01 .38064E+01 .28693E+00 .26091E+01 .11597E+01 .27352E+01
 .21837E+01 .53683E+06 .36083E+06 .96708E+00 .97762E+00 .22201E+00 .14683E+00 .32704E+01 .13328E+09 .50709E+00 .13865E+01 .19886E+01 .54246E+00 .24739E+01 .91332E+00
 .33878E+01 .64153E+06 .25996E+06 .91553E+00 .97738E+00 .94147E-01 .11108E+00 .43605E+00 .81322E+08 .74549E+00 .57800E+00 .12326E+01 .13655E+01 .53837E+01 .54882E+01
 .25417E+01 .53847E+06 .26490E+06 .99800E+00 .79827E+00 .91247E-01 .46605E-01 .28459E+01 .93911E+08 .22237E+01 .11089E+01 .19476E+00 .43737E+01 .38390E+01 .56713E+00
 .28350E+01 .20760E+06 .78564E+05 .81015E+00 .99800E+00 .33270E+00 .17556E+00 .39279E+01 .12476E+09 .21262E+01 .47009E+01 .33349E+00 .54363E+00 .11983E+01 .47406E+01
 .32290E+01 .24748E+07 .12088E+07 .98702E+00 .99800E+00 .85405E-02 .14784E+00 .61344E+01 .11052E+08 .17209E+01 .19666E+01 .16030E+00 .18384E+01 .53048E+01 .18553E+01
 .75960E+00 .34050E+08 .14007E+06 .32989E+00 .99800E+00 .15442E+01 .13692E+01 .25348E+00 .86983E+08 .29085E+00 .35708E+01 .11339E+01 .14424E+01 .27442E+01 .21484E+01
 .26240E+01 .51810E+06 .58773E+06 .77175E+00 .77516E+00 .10913E+00 .47832E-01 .21980E+01 .27055E+08 .96449E+00 .15858E+01 .25644E+01 .63050E-02 .35928E+01 .66696E+00
 .64941E+01 .19763E+06 .17713E+06 .81634E+00 .58073E+00 .12092E+00 .44607E-01 .57496E+01 .98239E+08 .24316E+01 .17080E+01 .73406E+00 .17659E+01 .62684E+01 .16249E+01
 .22450E+01 .90432E+04 .27249E+04 .94665E+00 .99800E+00 .98759E-01 .10774E+00 .54068E+01 .32064E+08 .70965E+00 .24243E+01 .64762E+00 .92243E+00 .55164E+01 .13942E+01
 .48749E+01 .46019E+05 .33163E+04 .30701E+00 .92999E+00 .32880E-01 .13990E+00 .11836E-01 .13761E+09 .19651E+01 .54074E+01 .12694E+01 .15073E+01 .30851E+01 .33514E+01
 .27615E+01 .20213E+06 .25914E+06 .54046E+00 .68901E+00 .20494E+00 .17810E+00 .22511E+01 .15512E+09 .74155E+00 .43302E+01 .21170E+01 .10560E+01 .91146E+00 .91800E+00
 .27806E+01 .19914E+06 .18882E+06 .55030E+00 .68394E+00 .21125E+00 .16321E+00 .22396E+01 .91043E+08 .85353E+00 .41743E+01 .19663E+01 .25949E+01 .43633E+01 .60121E+01
 .30846E+01 .85009E+05 .10381E+06 .84350E+00 .22889E+00 .16978E+00 .86781E-01 .16356E+01 .11458E+09 .14368E+01 .59521E+01 .13365E+01 .29981E+01 .27484E+01 .61329E+01
 .37347E+01 .59189E+06 .62177E+04 .99800E+00 .99800E+00 .16862E+00 .10935E+00 .44015E+01 .15650E+09 .21606E+01 .27572E+01 .29374E+01 .20038E+01 .14635E+01 .31334E+01
 .29518E+01 .98818E+06 .13721E+07 .83578E+00 .99800E+00 .85182E-01 .18331E+00 .58260E+01 .48566E+08 .16410E+01 .35394E+01 .18019E+01 .62040E+01 .16984E+01 .17455E+01
 .28898E+01 .90331E+06 .42165E+06 .31079E+00 .91626E+00 .24033E+01 .21156E+00 .38700E+01 .12245E+09 .20230E+01 .13487E+01 .14105E+01 .58696E+01 .22427E+01 .49528E+01
 .60684E+01 .22605E+06 .11543E+06 .99749E+00 .91844E+00 .12497E+00 .66182E-01 .42499E+01 .50093E+08 .10627E+01 .88165E+00 .11587E+01 .36698E+00 .52147E+01 .46054E+01
 .30736E+01 .15507E+06 .12121E+06 .95840E+00 .99800E+00 .20175E+00 .16479E+00 .44590E+01 .18848E+08 .18097E+01 .43608E+01 .17360E+01 .56586E+01 .32869E+01 .61391E+01
 .17732E+01 .28167E+06 .12142E+06 .97891E+00 .75645E+00 .19273E+00 .15452E+00 .13660E+01 .66972E+08 .17444E+01 .21291E+01 .21463E+01 .31185E+01 .30869E+01 .35917E+01
 .27727E+01 .13170E+06 .10616E+06 .99800E+00 .98139E+00 .14551E+00 .11274E+00 .51441E+01 .14722E+09 .27050E+01 .12766E+00 .10622E+01 .41830E+01 .38127E+01 .40299E+00
 .65085E+01 .58741E+06 .16791E+06 .82504E+00 .30755E+00 .15033E+00 .87019E-01 .21654E+01 .11120E+09 .12603E+01 .13695E+01 .19885E+01 .29373E+01 .43340E+01 .50022E+01
 .36958E+01 .61150E+06 .61552E+06 .26313E+00 .66783E+00 .96378E-01 .74861E-01 .33530E+01 .95925E+08 .28296E+01 .24790E+01 .14213E+01 .16644E+01 .35755E+00 .20406E+01
 .13427E+01 .39498E+09 .65306E+07 .56435E+00 .93712E+00 .15304E+01 .10334E+01 .46428E+01 .15417E+09 .10175E+01 .56339E+00 .18110E+01 .26267E+00 .16724E+01 .53224E+01
 .24274E+01 .11157E+07 .27430E+06 .74036E+00 .99800E+00 .24979E+01 .19316E+01 .31919E+01 .51448E+08 .25882E+01 .38170E+01 .20962E+00 .45541E+01 .49886E+01 .52127E+01
 .42465E+01 .28315E+06 .11613E+06 .95843E+00 .97767E+00 .58843E-01 .12417E+00 .60941E+01 .13316E+09 .18640E+01 .47313E+01 .22994E+01 .18096E+01 .38298E+01 .10621E+01
 .22776E+01 .76201E+06 .50818E+06 .99800E+00 .99800E+00 .12942E+00 .11384E+00 .46158E+01 .95579E+08 .21247E+01 .31372E+01 .18290E+01 .61793E+01 .12585E+01 .29460E+01
 .24746E+01 .31472E+05 .12384E+05 .95765E+00 .83084E+00 .22541E+00 .14617E+00 .18292E+01 .10937E+09 .17939E+01 .36417E+01 .16493E+01 .22269E+01 .15337E+01 .22603E+01
 .19910E+01 .13458E+07 .53272E+06 .99800E+00 .94443E+00 .12191E+00 .92378E-01 .38047E+01 .14430E+09 .21855E+01 .22908E+01 .17192E+01 .11261E+00 .92093E-02 .54604E+01
 .31971E+01 .15509E+06 .46459E+05 .99800E+00 .99800E+00 .82636E-01 .11860E+00 .56847E+01 .11228E+09 .17761E+01 .15238E+01 .15472E+01 .37375E+01 .34944E+01 .34032E+01
 .21859E+01 .67649E+06 .30059E+06 .99800E+00 .86580E+00 .10553E+00 .92016E-01 .65463E+00 .24111E+08 .70936E+00 .12632E+01 .12795E+01 .14760E+01 .52454E+00 .38847E+01
 .14371E+01 .74640E+06 .39660E+06 .85640E+00 .33125E+00 .12044E+00 .11905E+00 .49013E+01 .58475E+07 .22862E+01 .11218E+01 .17845E+01 .30191E+01 .44942E+01 .43663E+01
 .25610E+01 .10212E+07 .85035E+06 .77919E+00 .95274E+00 .13928E+00 .16612E+00 .54763E+01 .14175E+09 .56925E+00 .16694E+01 .22384E+01 .25910E+01 .33126E+01 .57945E+01
 .32347E+01 .58890E+06 .40425E+06 .94825E+00 .99587E+00 .21159E+00 .63583E-01 .35444E+01 .83159E+08 .15284E+01 .32728E+01 .14822E+01 .25941E+01 .22054E+01 .16014E+01
 .34855E+01 .10794E+06 .13019E+06 .99800E+00 .87127E+00 .28198E+00 .14730E+00 .32254E+01 .11579E+09 .28398E+01 .48267E+01 .21633E+01 .35322E+01 .24012E+01 .20997E+01
 .69500E+00 .23444E+05 .19193E+05 .62868E+00 .93366E+00 .16101E+00 .98993E-01 .19856E+01 .41883E+08 .13130E+01 .42828E+01 .16830E+01 .36096E+01 .56650E+01 .23534E+01
 .53487E+01 .55403E+05 .10473E+06 .60014E+00 .66078E+00 .26130E+00 .17134E+00 .38356E+01 .14403E+09 .13719E+01 .44342E+01 .23414E+01 .32361E-01 .62498E+01 .29960E+01
