 .51167E+01 .21267E+04 .13635E+04 .99800E+00 .29673E+00 .18666E+00 .89315E-01 .13554E+01 .10987E+09 .11346E+01 .11769E+01 .26622E+00 .14297E+01 .46139E+01 .56693E+00
 .12333E+01 .19174E+06 .11653E+06 .92547E+00 .94027E+00 .18292E-01 .42899E-01 .94530E-01 .11896E+09 .12626E+01 .27797E+01 .13933E+01 .49791E+01 .43274E+01 .28594E+01
 .89913E+01 .43441E+06 .32164E+06 .55327E+00 .20043E+00 .29082E+00 .17530E+00 .35125E+01 .69813E+07 .16981E+01 .59600E+01 .22151E+01 .27226E+01 .35382E+01 .40172E+00
 .51987E+01 .68953E+06 .61530E+06 .99800E+00 .31176E+00 .17517E+00 .17592E+00 .12125E+01 .13157E+09 .14144E+01 .19098E+01 .42369E+00 .90090E+00 .18566E+01 .23628E+01
 .39548E+01 .14068E+07 .71794E+06 .99800E+00 .99800E+00 .27336E+00 .12776E+00 .32778E+01 .85002E+08 .94778E+00 .14187E+00 .16157E+01 .24784E+01 .45896E+01 .48542E+00
 .39261E+01 .38665E+06 .24504E+06 .98663E+00 .99800E+00 .29934E+00 .13745E+00 .35366E+01 .47824E+08 .81395E+00 .62528E+01 .16115E+01 .13446E+01 .57353E+01 .18206E+01
 .19058E+01 .58977E+05 .26346E+04 .98509E+00 .99800E+00 .65118E-01 .79593E-01 .10136E+01 .27031E+08 .15897E+01 .59917E+01 .11292E+01 .11938E-01 .25340E+01 .51730E+01
 .47719E+01 .75214E+06 .10918E+06 .93064E+00 .99800E+00 .52748E-01 .39245E-01 .62662E+01 .12081E+09 .16948E+01 .14920E+01 .13798E+01 .30086E+01 .13733E+01 .56776E+01
 .36270E+01 .16695E+06 .17117E+06 .99798E+00 .14863E+00 .99898E-01 .15659E+00 .58433E+01 .45857E+08 .17916E+01 .24348E+01 .11143E+01 .50019E+01 .44398E+01 .22836E+01
 .34151E+01 .21980E+06 .21150E+06 .99800E+00 .98167E+00 .55583E-01 .11456E+00 .61186E+01 .32766E+08 .21937E+01 .34440E+00 .11835E+01 .71324E+00 .38762E+01 .19146E+00
 .65463E+01 .10453E+07 .60756E+06 .99800E+00 .99137E+00 .24051E+00 .16015E+00 .20417E+01 .25810E+08 .80401E+00 .11376E+01 .14040E+01 .19865E+01 .10732E+01 .35516E+01
 .25634E+01 .45141E+06 .23656E+06 .73376E+00 .94830E+00 .21586E+00 .12242E+00 .20867E+01 .36945E+08 .21761E+01 .24629E+01 .21158E+01 .15808E+01 .58653E+01 .39625E+01
 .12292E+01 .45394E+06 .41241E+06 .99800E+00 .52023E+00 .25294E+00 .17637E+00 .42653E+01 .76280E+08 .18511E+01 .47185E+01 .78503E-01 .44800E+01 .81092E+00 .21672E+01
 .24757E+01 .25818E+05 .49479E+04 .89899E+00 .97806E+00 .83086E-01 .11263E+00 .54248E+01 .10559E+09 .16459E+01 .31015E+01 .23545E+01 .32377E+01 .46012E+01 .43877E+01
 .49883E+01 .27960E+05 .32324E+05 .44940E+00 .50065E+00 .25817E+00 .14446E+00 .37204E+01 .19724E+08 .45177E+00 .25412E+01 .11954E+01 .10199E+01 .37346E+01 .44955E+00
 .67196E+01 .82209E+04 .13193E+05 .91967E+00 .57354E+00 .28722E+00 .13835E+00 .28200E+01 .15621E+09 .20662E+01 .32120E+01 .20707E+01 .19010E+01 .18776E+01 .23313E+01
 .31457E+01 .20564E+06 .20281E+06 .94743E+00 .95735E+00 .22778E+00 .17788E+00 .45093E+01 .66384E+08 .20305E+01 .22242E+01 .16194E+01 .46135E+01 .57056E+01 .46030E+01
 .49404E+01 .55017E+05 .17154E+05 .60500E+00 .99800E+00 .12951E+00 .12495E+00 .51486E+01 .10131E+09 .22784E+01 .25495E+01 .27154E+01 .19498E+01 .52201E+01 .37339E+01
 .10710E+01 .21874E+06 .14338E+06 .63852E+00 .46663E+00 .39894E-01 .11612E+00 .56759E+01 .97633E+08 .28293E+00 .33721E+01 .70193E+00 .10227E+00 .58112E+01 .37764E+01
 .49453E+01 .11931E+06 .75779E+05 .84528E+00 .90792E+00 .21978E+00 .16658E+00 .18027E+01 .36990E+08 .19953E+01 .43660E+01 .88001E+00 .46591E+01 .60156E+01 .85031E+00
 .22435E+01 .37185E+05 .44651E+05 .97481E+00 .92181E+00 .75910E-01 .13758E+00 .55766E+01 .96708E+08 .23948E+01 .37757E+01 .94260E+00 .37671E+01 .29959E+01 .49789E+01
 .19979E+01 .10830E+07 .88480E+06 .97570E+00 .99800E+00 .14559E+00 .96520E-01 .12914E+01 .14370E+09 .84906E+00 .29544E+01 .15187E+01 .59324E+01 .39624E+01 .41883E+01
 .87937E+01 .14355E+05 .91027E+04 .99800E+00 .51473E+00 .83100E-01 .53184E-01 .54758E+01 .85026E+08 .58756E+00 .20473E+01 .91152E+00 .35730E+01 .33511E+01 .34550E+01
 .43862E+01 .23357E+06 .13357E+06 .60529E+00 .98304E+00 .58912E-01 .12468E+00 .25533E+00 .13885E+09 .21148E+01 .68097E+00 .11433E+01 .24856E+00 .43869E+00 .24918E+01
 .53616E+01 .37408E+06 .43853E+05 .97141E+00 .99800E+00 .16299E+00 .50736E-01 .28637E+01 .12864E+09 .71683E+00 .67747E+00 .19630E+01 .19523E+00 .41576E+01 .15366E+00
 .77789E+01 .16440E+06 .44752E+05 .95272E+00 .94937E+00 .15428E+00 .15175E+00 .50135E+01 .42642E+08 .25195E+01 .19226E+00 .72622E+00 .39772E+01 .61598E+01 .21586E+01
 .45990E+01 .76702E+06 .49558E+06 .99800E+00 .99800E+00 .15799E+00 .26960E-01 .19091E+01 .67739E+08 .77190E+00 .53028E-01 .20435E+01 .38053E+01 .45987E+01 .10578E+01
 .29033E+01 .55655E+06 .28819E+06 .88043E+00 .99791E+00 .34553E-01 .13785E+00 .28560E+00 .93187E+08 .58266E+00 .31938E+01 .14927E+01 .40475E+01 .24207E+01 .61462E+00
 .12424E+01 .96699E+06 .48199E+06 .99800E+00 .99800E+00 .46542E-01 .12014E+00 .46574E+00 .18384E+08 .22639E+01 .52804E+01 .24831E+01 .20824E+01 .79787E+00 .62555E+01
 .25201E+01 .14644E+05 .12725E+05 .99769E+00 .99800E+00 .10292E+00 .10004E+00 .11586E+01 .13196E+08 .16134E+01 .18914E+01 .10214E+01 .17074E+00 .30709E+01 .62478E+01
 .57848E+01 .60575E+06 .45478E+06 .85679E+00 .63636E+00 .16300E+00 .60531E-01 .48548E+01 .14322E+09 .15332E+01 .48769E+01 .38356E+00 .43451E+01 .60752E+01 .32256E+01
 .11111E+01 .43271E+06 .35597E+06 .99400E+00 .68114E+00 .20081E+00 .95257E-01 .18578E+01 .12627E+09 .18451E+01 .18368E+01 .10539E+01 .24092E+01 .17570E+01 .24940E+01
 .57309E+01 .38615E+06 .18465E+06 .78048E+00 .62564E+00 .26379E+00 .11388E+00 .35485E+01 .24960E+08 .12781E+01 .35091E+01 .18554E+01 .19738E+01 .37741E+01 .35778E+01
 .44797E+01 .16137E+06 .12918E+06 .96722E+00 .96872E+00 .10945E+00 .70796E-01 .54588E+01 .11119E+09 .19481E+01 .60213E+01 .24894E+01 .57337E+00 .22364E+01 .27154E+01
 .73032E+01 .79494E+05 .17037E+05 .79588E+00 .89072E+00 .22345E+00 .17246E+00 .21632E+01 .13932E+09 .12051E+01 .30194E+01 .97750E+00 .18028E-01 .36097E+01 .10390E+01
 .54832E+01 .71192E+05 .27699E+05 .90959E+00 .99800E+00 .16841E+00 .66463E-01 .30362E+01 .95640E+08 .14953E+01 .98942E+00 .54142E+00 .18501E+01 .37969E+01 .48311E+01
 .42159E+01 .20565E+06 .85650E+05 .87546E+00 .99763E+00 .59076E-01 .16291E+00 .59926E+01 .85286E+08 .26991E+01 .35363E+01 .15788E+01 .28888E+01 .31059E+01 .40615E+01
 .22123E+01 .38438E+06 .21538E+06 .45315E+00 .55710E+00 .23004E+00 .94869E-01 .34257E+01 .61262E+08 .10361E+01 .40111E+01 .13660E+01 .39923E+01 .38609E+01 .38533E+01
 .26299E+01 .81798E+06 .35087E+06 .99800E+00 .98798E+00 .95261E-01 .63430E-01 .54551E+00 .10482E+09 .22494E+01 .19611E+00 .94637E+00 .54801E+01 .45458E+01 .10469E+01
 .64084E+01 .57770E+06 .11447E+06 .97645E+00 .91713E+00 .18003E+00 .78983E-01 .18689E+01 .83737E+08 .19554E+01 .37107E+01 .26712E+01 .74015E+00 .53525E+01 .12130E+01
 .57606E+01 .26965E+06 .11661E+06 .70820E+00 .99800E+00 .17898E+00 .81731E-01 .43417E+01 .69227E+08 .27640E+01 .40542E+01 .24562E+01 .58849E+01 .33541E+01 .24271E+01
 .24639E+01 .43667E+06 .31544E+06 .64434E+00 .78797E+00 .17264E-01 .12687E+00 .61119E+01 .44226E+08 .18659E+01 .59144E+01 .14532E+01 .12539E+01 .61740E+01 .27504E+01
 .42079E+01 .47135E+06 .31846E+06 .85966E+00 .83072E+00 .14454E+00 .13537E+00 .14959E+01 .16549E+08 .14068E+01 .53326E-01 .88712E+00 .62647E+01 .17665E+01 .10870E+01
 .37480E+01 .91583E+06 .38966E+06 .99800E+00 .99800E+00 .70782E-01 .15961E+00 .59017E+01 .13725E+09 .10669E+01 .40011E+01 .10431E+01 .37121E+00 .61212E+01 .50999E+01
 .61362E+01 .21598E+05 .12912E+04 .89543E+00 .65529E+00 .16498E+00 .99412E-01 .49387E+01 .67276E+08 .10305E+01 .37925E+01 .23911E+01 .41701E+01 .48891E+01 .34562E+01
 .60381E+01 .39422E+06 .28482E+06 .42235E+00 .88715E+00 .22240E+00 .17065E+00 .21470E+01 .14795E+09 .10031E+01 .34293E+01 .18173E+01 .57175E+01 .41673E+01 .83423E-01
 .42242E+01 .69183E+06 .39960E+06 .99800E+00 .90055E+00 .12477E+00 .61013E-01 .32096E+01 .67107E+08 .16813E+01 .26920E+01 .14452E+01 .63135E+00 .82598E+00 .30763E+01
 .62576E+00 .51394E+06 .43727E+06 .98341E+00 .70218E+00 .17634E+00 .11857E+00 .47188E+01 .70409E+08 .21358E+01 .35430E+01 .43175E+00 .45736E+01 .33548E+01 .37732E+01
 .22333E+01 .54034E+05 .72004E+04 .84639E+00 .99800E+00 .58243E-01 .21915E-01 .50498E+01 .11160E+09 .12708E+01 .31735E+01 .26973E+01 .61260E+01 .47781E+01 .17772E+00
