 .21357E+01 .16750E+06 .98817E+05 .97075E+00 .89114E+00 .13934E+00 .12331E+00 .21567E+01 .21047E+08 .95201E+00 .33647E+01 .19561E+01 .45707E+01 .13866E+01 .26322E+01
 .10066E+02 .54129E+06 .26868E+06 .41938E+00 .41272E+00 .19868E+00 .95834E-01 .23980E+01 .14591E+08 .20767E+01 .76793E-01 .15388E+01 .50736E+01 .82668E+00 .15795E+00
 .67648E+00 .26792E+09 .16068E+09 .70109E-01 .45565E-01 .63963E+00 .17122E+01 .60934E+01 .43524E+08 .11674E+01 .37147E+01 .73326E+00 .16231E+01 .61154E+01 .49528E+01
 .66316E+01 .14264E+06 .28522E+05 .81442E+00 .68368E+00 .84665E-01 .14446E+00 .57679E+01 .15030E+09 .24778E+01 .38227E+01 .66809E+00 .61556E+01 .39974E+01 .60752E+01
 .19018E+01 .10396E+06 .88127E+05 .88392E+00 .91024E+00 .20680E+00 .14825E+00 .27445E+01 .15588E+09 .13025E+01 .50609E+01 .13274E+01 .50661E+01 .36621E+01 .15785E+01
 .19288E+01 .56332E+05 .10058E+06 .88800E+00 .90663E+00 .21253E+00 .13515E+00 .27580E+01 .46339E+08 .48855E-01 .31520E+01 .42510E+00 .17374E+01 .89610E+00 .39362E+01
 .42700E+01 .13143E+06 .22454E+06 .98164E+00 .96980E+00 .17888E+00 .12922E+00 .27866E+01 .12781E+09 .24530E+01 .62326E+01 .19867E+01 .25461E+01 .57032E+01 .30797E+01
 .75694E+01 .14118E+06 .55000E+05 .98381E+00 .99800E+00 .23725E+00 .10397E+00 .22971E+01 .15548E+09 .25802E+01 .12883E+01 .19014E+01 .12303E+01 .57040E+01 .34424E+01
 .49734E+01 .88300E+06 .12167E+07 .96187E+00 .94978E+00 .88121E-01 .88841E-01 .37219E+00 .29018E+07 .22833E+01 .54958E+00 .13343E+01 .55672E+01 .20178E+01 .47572E-01
 .22552E+01 .69973E+04 .25578E+04 .95502E+00 .99800E+00 .94131E-01 .85620E-01 .54127E+01 .51182E+08 .25562E+01 .20858E+00 .10155E+01 .14976E+01 .35145E+01 .23069E+01
 .20300E+01 .36837E+06 .11421E+06 .99524E+00 .88916E+00 .18969E+00 .10662E+00 .26845E+01 .45251E+08 .15899E+01 .21018E+01 .13518E+01 .53724E+01 .22432E+01 .44872E+01
 .48769E+01 .34376E+06 .25030E+06 .92773E+00 .99144E+00 .43487E-01 .13089E+00 .60810E+01 .49269E+08 .24417E+01 .20574E+01 .16718E+01 .36660E+01 .34045E+01 .27761E+01
 .42854E+01 .30546E+06 .21977E+06 .62298E+00 .19126E+00 .20843E+01 .22818E+01 .39318E+01 .10591E+09 .30186E+01 .61427E+01 .89351E+00 .39094E+01 .14565E+01 .49076E+00
 .51495E+01 .83510E+06 .30023E+06 .92055E+00 .89553E+00 .16987E+00 .17998E+00 .46195E+01 .67889E+08 .21706E+01 .33821E+00 .99934E+00 .42981E+01 .52547E+01 .52372E-01
 .50572E+01 .39028E+06 .18431E+06 .43885E+00 .29048E+00 .26325E+01 .23685E+01 .29252E+01 .79936E+08 .24113E+01 .57272E+01 .21094E+01 .67343E+00 .57980E+01 .29402E+01
 .29013E+01 .11540E+06 .11521E+06 .80569E+00 .77246E+00 .26313E+00 .16209E+00 .39032E+01 .11012E+09 .68689E+00 .32042E+01 .19009E+01 .47000E+01 .38781E+01 .61833E+01
 .41496E+01 .10542E+06 .70525E+05 .99800E+00 .99800E+00 .20008E+00 .83712E-01 .39631E+01 .14305E+09 .24289E+01 .85910E+00 .22019E+01 .46423E+01 .49918E+01 .62109E+01
 .76744E+01 .17638E+06 .11022E+06 .98974E+00 .75884E+00 .11860E+00 .97265E-01 .43329E+01 .93246E+08 .17281E+01 .25445E+01 .62729E+00 .33977E+00 .58733E+01 .23010E+01
 .33845E+01 .19532E+07 .73858E+06 .99800E+00 .99800E+00 .18554E+00 .11874E+00 .38440E+01 .56397E+08 .23634E+01 .49641E+01 .26019E+01 .57822E+01 .48127E+01 .60246E+00
 .22987E+01 .87875E+06 .28866E+06 .74034E+00 .99800E+00 .25124E+01 .19535E+01 .31842E+01 .11743E+09 .19585E+01 .57969E+01 .10768E+01 .33223E+01 .30058E+01 .25175E-01
 .42173E+01 .22341E+05 .13611E+05 .95757E+00 .98287E+00 .19121E+00 .12385E+00 .15854E+01 .50148E+08 .20112E+01 .42607E+01 .19509E+01 .30814E+01 .55577E+01 .59106E+01
 .25326E+01 .18804E+06 .16747E+06 .19965E+00 .48630E+00 .98933E-01 .84922E-01 .13076E+01 .10881E+09 .13333E+01 .16325E+01 .24273E+01 .33049E+01 .32381E+01 .43049E+00
 .62229E+01 .45736E+06 .52680E+06 .36567E+00 .30078E+00 .22572E+00 .15707E+00 .28913E+01 .11500E+09 .16486E+01 .27435E+01 .19403E+01 .32108E+01 .26556E+01 .17323E+01
 .35531E+01 .54191E+06 .36235E+06 .86131E+00 .95469E+00 .57707E-01 .15302E+00 .41832E+00 .12777E+09 .87165E+00 .18619E+00 .61011E+00 .52452E+01 .13737E+01 .14449E+00
 .33636E+01 .24625E+06 .27919E+06 .33742E+00 .54620E+00 .22035E+00 .12241E+00 .30021E+01 .30710E+08 .21946E+01 .32196E+00 .18264E+01 .62260E+01 .29797E+01 .20090E+01
 .63320E+01 .32961E+06 .31160E+06 .99800E+00 .87575E+00 .10133E+00 .92564E-01 .11358E+01 .95450E+08 .16764E+01 .48942E+01 .16938E+01 .60242E+01 .92733E+00 .57621E+01
 .56723E+01 .21575E+06 .57655E+05 .87825E+00 .99800E+00 .21499E+00 .13779E+00 .23708E+01 .14695E+09 .17119E+01 .49615E+01 .22038E+01 .21013E+01 .16949E+01 .29546E+01
 .10651E+02 .26486E+06 .16109E+06 .80028E+00 .99800E+00 .14050E+00 .45895E-01 .12547E+01 .97798E+08 .12716E+01 .44866E+00 .16385E+01 .29205E+01 .35886E+01 .35381E+01
 .57459E+01 .30272E+06 .13023E+06 .29052E+00 .49488E+00 .18839E+00 .95391E-01 .26628E+01 .46039E+08 .41237E+00 .22446E+00 .19392E+01 .12533E+01 .28023E+01 .10226E+01
 .30354E+01 .15421E+06 .53659E+05 .69709E+00 .78264E+00 .12919E+00 .16231E+00 .53960E+01 .11353E+09 .25937E+01 .50573E+01 .17361E+01 .60646E+01 .32893E+01 .15292E+01
 .99034E+00 .10705E+06 .68179E+05 .95393E+00 .96882E+00 .29535E+00 .13850E+00 .31575E+01 .14278E+09 .10479E+01 .16011E+01 .37433E+00 .16333E+01 .57651E+01 .10534E+01
 .14632E+01 .10428E+07 .12351E+07 .99800E+00 .99800E+00 .15042E+00 .14525E+00 .46531E+01 .11601E+09 .15801E+01 .52859E+00 .16008E+01 .29877E+01 .52458E+01 .48886E+01
 .75681E+01 .83662E+05 .99107E+04 .35179E+00 .99799E+00 .48169E-01 .26142E-02 .15902E+01 .10758E+09 .61534E+00 .57367E+01 .17743E+01 .15237E+01 .55588E+00 .25492E+01
 .26573E+01 .20537E+05 .25055E+04 .99800E+00 .96850E+00 .14443E-01 .16387E+00 .61869E+01 .10455E+09 .23344E+01 .30083E+01 .13561E+01 .15424E+01 .43103E+01 .44915E+01
 .49816E+01 .84721E+04 .40336E+04 .64604E+00 .99800E+00 .15313E+00 .55728E-01 .26755E+01 .43575E+08 .15232E+01 .44913E+01 .21923E+01 .41990E+01 .27057E+01 .14111E+01
 .64515E+01 .26450E+06 .21427E+06 .98900E+00 .99800E+00 .23649E+00 .15825E+00 .24155E+01 .12108E+09 .27223E+01 .40079E+01 .46770E+00 .31576E+01 .26651E+01 .18195E+01
 .35632E+01 .29947E+06 .15297E+06 .96434E+00 .99431E+00 .76096E-01 .11828E+00 .57635E+01 .51510E+08 .12561E+01 .37920E+01 .73029E+00 .59217E+01 .18419E+01 .26528E+00
 .54187E+01 .55181E+07 .91575E+06 .92555E+00 .99800E+00 .16911E+01 .19556E+01 .25856E+01 .22476E+08 .20555E+01 .49563E+01 .49918E+00 .36662E+01 .45394E+01 .60797E+01
 .62946E+01 .87545E+06 .26572E+06 .93358E+00 .97523E+00 .62366E-01 .52257E-01 .58720E+01 .10469E+09 .14844E+01 .53726E-01 .12299E+01 .17837E+01 .10805E+01 .44103E+01
