 .39774E+01 .12167E+05 .42254E+04 .94430E+00 .99800E+00 .14198E+00 .16751E+00 .53156E+01 .31941E+08 .15584E+01 .18971E+01 .22402E+01 .29896E-01 .17118E+01 .30906E+01
 .71535E+01 .22757E+06 .14275E+06 .84227E+00 .59527E+00 .21653E+00 .64055E-01 .38741E+01 .90029E+07 .92358E+00 .20900E+01 .14258E+01 .50830E+01 .11935E+01 .31014E+01
 .82841E+01 .20402E+06 .15395E+06 .15937E+00 .47669E-02 .11193E+00 .14144E+00 .23613E+01 .15556E+09 .10906E+01 .47988E+01 .21391E+01 .15670E+01 .28592E+01 .53450E+01
 .47940E+01 .56802E+06 .72068E+06 .99800E+00 .97854E+00 .14419E+00 .13128E+00 .45621E+01 .10504E+09 .16149E+01 .18854E+01 .60217E+00 .84814E+00 .38597E+01 .24971E+01
 .33954E+01 .93916E+05 .54783E+05 .23971E+00 .97092E+00 .10481E+00 .31415E-01 .39967E+00 .11644E+08 .81474E+00 .32949E+01 .20144E+01 .34612E+01 .62411E+01 .26954E+01
 .11629E+01 .60886E+06 .30834E+06 .75627E+00 .90953E+00 .27023E+00 .15565E+00 .23639E+01 .36632E+08 .13844E+01 .40783E+01 .22212E+01 .95928E+00 .18521E+01 .53799E+01
 .41412E+01 .63775E+06 .49112E+06 .92147E+00 .99800E+00 .22449E+00 .89482E-01 .38161E+01 .15242E+09 .10464E+01 .55936E+01 .36652E+00 .15399E+01 .62175E+01 .12067E+01
 .41473E+01 .18897E+06 .18477E+06 .89707E+00 .71391E+00 .12910E+00 .10051E+00 .55415E+01 .13538E+09 .73253E+00 .12316E+01 .25667E+01 .32785E+01 .37364E+01 .60371E+01
 .30367E+01 .96219E+06 .62007E+06 .99172E+00 .97473E+00 .13109E+00 .10280E+00 .18284E+01 .85094E+08 .24454E+01 .29215E+01 .10239E+01 .26136E+01 .40752E+01 .47344E+01
 .61484E+01 .23467E+06 .99715E+05 .99800E+00 .99800E+00 .15390E+00 .27793E-01 .35241E+01 .35434E+08 .24715E+00 .14037E+01 .12177E+01 .34329E+01 .41215E+01 .13559E+01
 .16482E+01 .59884E+06 .31117E+06 .94735E+00 .98776E+00 .23875E+00 .76528E-01 .39270E+01 .85002E+08 .22823E+01 .14340E+01 .12091E+01 .16825E+01 .18493E+01 .44868E+01
 .25115E+01 .53779E+06 .46351E+06 .88594E+00 .37712E+00 .20261E+00 .11260E+00 .19742E+01 .66995E+08 .10000E+01 .14179E+01 .17483E+01 .17967E+01 .10925E+01 .29175E+01
 .15226E+01 .13578E+05 .61210E+04 .41724E+00 .36525E+00 .11325E+00 .11000E-01 .30050E+01 .93541E+08 .13471E+01 .61764E+01 .19163E+01 .21886E+01 .42879E+01 .44956E+01
 .23260E+01 .68183E+06 .35361E+06 .98792E+00 .99800E+00 .17469E+00 .97431E-01 .30199E+01 .12057E+09 .21030E+01 .57683E+01 .14209E+01 .23231E+01 .24408E+01 .17101E+01
 .72263E+01 .58144E+05 .45185E+05 .99757E+00 .90460E+00 .89931E-01 .22256E-01 .49887E+01 .20205E+08 .22250E+01 .53908E+01 .19565E+01 .24004E+01 .43514E+00 .11883E+01
 .61577E+01 .55460E+05 .21074E+05 .86514E+00 .92953E+00 .32123E+00 .16923E+00 .33267E+01 .10275E+08 .96082E+00 .37358E+01 .18007E+01 .12820E+01 .25492E+00 .54101E+01
 .66832E+01 .54654E+06 .28254E+06 .11230E+00 .58405E+00 .13422E+00 .84099E-01 .50990E+01 .82654E+08 .10966E+01 .67159E-02 .34428E+00 .10566E+01 .39466E+01 .14234E+01
 .23222E+01 .32786E+06 .58938E+05 .77884E+00 .67132E+00 .11824E+00 .60529E-01 .16332E+01 .57690E+08 .24102E+01 .16128E+01 .22652E+01 .60948E+01 .43036E+01 .52542E+01
 .48327E+01 .75264E+06 .36868E+06 .91562E+00 .99003E+00 .32754E-01 .13795E+00 .60893E+01 .10514E+09 .14682E+01 .55333E+01 .14072E+01 .18365E+01 .44764E+01 .15569E+01
 .49027E+01 .11162E+07 .39644E+06 .91718E+00 .99690E+00 .26566E-01 .13840E+00 .60941E+01 .10957E+09 .14868E+01 .16928E+01 .13778E+01 .56496E+01 .30376E+01 .46844E+00
 .10375E+02 .80950E+04 .35077E+04 .40564E+00 .41985E+00 .22803E+00 .13336E+00 .25913E+01 .88149E+08 .24169E+01 .42333E+01 .13471E+01 .77122E+00 .24621E+01 .50438E+00
 .63770E+01 .81857E+06 .48271E+06 .95156E+00 .98971E+00 .24993E+00 .14484E+00 .41677E+01 .22185E+08 .19303E+01 .57860E+01 .21832E+01 .73251E+00 .52254E+01 .28079E+01
 .22838E+01 .18009E+07 .23846E+06 .99800E+00 .98891E+00 .22970E+00 .14673E+00 .35051E+01 .53728E+08 .14571E+01 .60762E+01 .13991E+01 .37191E+01 .13175E+00 .27307E+01
 .38021E+01 .20573E+06 .11954E+06 .95121E+00 .99800E+00 .36303E-01 .98160E-01 .58876E+01 .10310E+09 .78306E+00 .35588E+00 .12905E+01 .41797E+01 .56441E+01 .60376E+01
 .56887E+01 .21778E+06 .10408E+06 .17189E+00 .70945E+00 .16746E+00 .12068E+00 .37482E+01 .53129E+08 .65782E+00 .45364E+01 .73254E+00 .11686E+01 .51750E-01 .51303E+01
 .71133E+01 .37864E+06 .32144E+06 .32999E+00 .92540E+00 .14404E+00 .78414E-01 .44624E+01 .55429E+08 .66443E+00 .11406E+01 .29938E+01 .29757E+00 .43582E+01 .23543E+01
 .11287E+01 .10318E+07 .21010E+06 .99800E+00 .99251E+00 .11747E+00 .93399E-01 .89883E+00 .61770E+08 .95758E+00 .50156E+01 .78496E+00 .33783E+01 .58858E+01 .57354E+01
 .51927E+01 .41416E+06 .79350E+06 .94389E+00 .99800E+00 .70687E-01 .15036E+00 .52387E+00 .88571E+08 .17919E+01 .44421E+01 .13351E+01 .68616E+00 .43899E+01 .54690E+01
 .22334E+01 .14776E+07 .86298E+06 .97401E+00 .99800E+00 .20308E+00 .15519E+00 .29600E+01 .13844E+09 .23780E+01 .34724E+01 .80467E+00 .25980E+01 .58689E+01 .47103E+01
 .26245E+01 .12460E+07 .35230E+06 .92080E+00 .98846E+00 .33820E-01 .12813E+00 .22048E+00 .98700E+08 .18136E+01 .42328E+01 .24049E+01 .14778E+01 .19810E+01 .18083E+01
 .39140E+01 .15499E+07 .81723E+06 .99800E+00 .99800E+00 .12246E+00 .14598E+00 .47346E+01 .13916E+09 .10560E+01 .39830E+01 .28044E+01 .42839E+01 .59576E+01 .39072E+01
 .22282E+01 .38743E+06 .24445E+06 .77794E+00 .95661E+00 .30919E+00 .15650E+00 .33945E+01 .12573E+09 .25266E+01 .45948E+01 .90568E+00 .40589E+01 .43204E+01 .55153E+01
 .64919E+01 .18269E+06 .11393E+06 .75785E+00 .98943E+00 .16114E+00 .97798E-01 .10856E+01 .18253E+08 .18240E+01 .23618E+01 .25751E+01 .23100E+01 .28177E+01 .35145E+01
 .82916E+01 .14393E+05 .15167E+05 .78171E+00 .58811E+00 .17962E+00 .93888E-01 .19990E+01 .33533E+08 .16593E+01 .18087E+01 .81655E+00 .13475E+01 .61650E+01 .52378E+01
 .98982E+00 .19673E+08 .68983E+07 .41033E+00 .59717E+00 .40154E+00 .10982E+01 .60558E+01 .20847E+08 .72138E+00 .29463E+01 .27876E+00 .39801E+01 .29919E+01 .42517E+01
 .28487E+01 .20350E+06 .16075E+06 .63537E-01 .68491E+00 .27972E+00 .89984E-01 .33585E+01 .10478E+09 .18334E+01 .29774E+00 .21251E+01 .26860E+01 .14314E+01 .57106E+01
 .65031E+01 .11045E+07 .13603E+06 .99799E+00 .99800E+00 .10280E+00 .94338E-01 .72863E+00 .42308E+08 .29597E+01 .74576E-01 .15830E+01 .49236E+01 .20358E+01 .42024E+01
 .31653E+01 .12918E+06 .92648E+05 .95376E+00 .48517E+00 .23023E+00 .49058E-01 .30378E+01 .29409E+08 .15313E+01 .46227E+01 .27923E+01 .10392E+01 .20729E+01 .51013E+01
 .23509E+01 .90600E+06 .52820E+06 .78234E+00 .94488E+00 .12017E+00 .16411E+00 .54804E+01 .12476E+08 .16441E+01 .28453E+01 .62803E+00 .56147E+01 .14020E+01 .35968E+01
 .51778E+01 .11633E+07 .35086E+06 .99800E+00 .99800E+00 .29032E+00 .13846E+00 .29853E+01 .43735E+08 .21185E+01 .21415E+00 .15473E+01 .59472E+01 .36695E+01 .58410E+01
 .54630E+01 .17697E+06 .75069E+05 .81037E+00 .81881E+00 .30996E+00 .14480E+00 .39909E+01 .32847E+07 .23040E+01 .36176E+01 .89889E+00 .35554E+00 .39823E+01 .14688E+01
 .46238E+01 .46584E+06 .55869E+06 .97125E+00 .89177E+00 .28418E+00 .16562E+00 .22636E+01 .15454E+09 .26074E+01 .12553E+01 .28540E+01 .60860E+01 .60396E+01 .45251E+01
 .65586E+01 .46946E+06 .26518E+06 .77061E+00 .68878E+00 .12743E+00 .91352E-01 .47854E+01 .11991E+09 .11986E+01 .25122E+01 .84366E+00 .27862E+00 .53672E+01 .90186E+00
