 .37055E+01 .20638E+06 .31824E+04 .93181E+00 .99800E+00 .21035E+00 .14779E+00 .17609E+01 .13856E+09 .13116E+01 .11668E+01 .12403E+01 .33813E+01 .43051E+01 .37865E+01
 .32505E+01 .12735E+06 .45490E+05 .24174E+00 .95992E+00 .86650E-01 .52640E-01 .40686E+00 .54160E+08 .18628E+01 .54002E+01 .15075E+01 .11217E+01 .20691E+01 .39673E+01
 .44550E+01 .24615E+06 .24104E+06 .83629E+00 .36963E+00 .10717E+00 .11530E+00 .10662E+01 .26883E+08 .21964E+01 .35366E+01 .49115E+00 .88236E+00 .40490E+01 .41146E+01
 .13437E+01 .39236E+06 .26533E+06 .86660E+00 .99800E+00 .27378E+00 .17476E+00 .25420E+01 .75113E+08 .17119E+01 .35316E+00 .12164E+01 .17045E+01 .50070E+01 .45708E+01
 .39152E+01 .60116E+06 .28616E+06 .50251E+00 .97937E+00 .27515E+00 .16139E+00 .40765E+01 .99244E+08 .11703E+01 .55351E+01 .17406E+01 .55638E+01 .15062E+01 .20122E+01
 .57883E+01 .63106E+06 .15205E+06 .99800E+00 .99685E+00 .15525E+00 .14865E+00 .41142E+01 .13096E+09 .13068E+01 .36390E+01 .25345E+01 .20413E+01 .58895E+01 .14213E+01
 .36559E+01 .40424E+06 .24306E+06 .95929E+00 .98873E+00 .28573E+00 .13269E+00 .35138E+01 .10444E+09 .30211E+01 .28709E+01 .17696E+01 .15000E+01 .13394E+01 .55680E+01
 .16791E+01 .38020E+06 .89108E+05 .77741E+00 .99043E+00 .23668E+00 .12516E+00 .21562E+01 .88703E+08 .22891E+01 .71351E+00 .31657E+00 .61554E+01 .23555E+00 .55606E+01
 .34073E+01 .69259E+06 .38003E+06 .98327E+00 .98470E+00 .95708E-01 .64006E-01 .55356E+01 .25234E+08 .26756E+01 .29248E+01 .83127E+00 .27670E+01 .21472E+01 .38639E+01
 .44697E+01 .12121E+07 .59864E+06 .99509E+00 .99800E+00 .73453E-01 .17052E+00 .53067E+00 .38540E+08 .13888E+01 .11824E+01 .14925E+01 .35731E+01 .56994E+01 .25199E+01
 .45118E+01 .47046E+06 .23952E+06 .96885E+00 .95533E+00 .53749E-01 .12687E+00 .60873E+01 .53771E+08 .17386E+01 .54110E+01 .22498E+01 .35455E+01 .25577E+01 .53113E+01
 .34931E+01 .51084E+06 .30230E+06 .61976E+00 .90597E+00 .93047E-01 .12270E+00 .56092E+01 .10634E+09 .21305E+01 .11805E+01 .26180E+01 .26818E+01 .41074E+01 .60373E+01
 .34798E+01 .40273E+06 .56204E+06 .99800E+00 .79790E+00 .18063E+00 .16074E+00 .11159E+01 .50386E+08 .33584E+00 .17077E+01 .11258E+01 .20825E+01 .46453E+01 .62587E+01
 .37840E+01 .43365E+06 .25510E+06 .59200E+00 .99457E+00 .16299E+01 .15861E+01 .18074E+01 .90420E+08 .64854E+00 .37617E+01 .23395E+01 .33888E+01 .40107E+01 .19811E+01
 .30631E+01 .71326E+06 .35239E+06 .99345E+00 .99800E+00 .28566E+00 .14670E+00 .19190E+01 .10057E+09 .59063E+00 .60855E+01 .17970E+01 .46318E+01 .19543E+01 .20274E+00
 .74398E+01 .93117E+06 .59973E+05 .86113E+00 .99800E+00 .10692E+00 .15544E+00 .54518E+01 .11896E+09 .17404E+01 .30420E+00 .25622E+01 .25658E+01 .14985E+01 .37742E+01
 .55861E+01 .52144E+05 .11372E+05 .99800E+00 .99800E+00 .18623E+00 .32935E-01 .42736E+01 .13981E+09 .93712E+00 .56330E+01 .19965E+01 .46698E+01 .15343E+01 .47292E+01
 .13704E+01 .10780E+07 .50551E+06 .97807E+00 .99406E+00 .13541E+00 .11998E+00 .20208E+01 .13974E+09 .22240E+01 .10928E+01 .19043E+01 .57505E+01 .73883E+00 .49174E+01
 .44572E+01 .11131E+07 .27865E+06 .99800E+00 .98710E+00 .20198E+00 .16714E+00 .12865E+01 .86108E+08 .21459E+01 .49328E+01 .73533E+00 .45893E+01 .14394E+01 .26749E+01
 .13091E+01 .71285E+09 .33554E+09 .39685E+00 .38077E+00 .17291E+01 .15340E+01 .43158E+01 .15555E+09 .13191E+01 .62820E+01 .49664E+00 .60769E+00 .40384E+01 .47392E+01
 .27024E+01 .81611E+05 .33962E+05 .92456E+00 .93163E+00 .17783E+00 .17510E+00 .10173E+01 .15619E+09 .19970E+01 .22634E+01 .25526E+01 .38023E+01 .28631E+00 .49477E+01
 .41645E+01 .42972E+06 .38091E+06 .63929E+00 .60580E+00 .20169E+00 .81980E-01 .28854E+01 .79246E+08 .19065E+01 .20604E+01 .19314E+01 .17849E+01 .49126E+01 .51634E+01
 .74154E+01 .13820E+06 .84975E+05 .22629E+00 .37133E+00 .22213E+00 .13047E+00 .20681E+01 .92006E+08 .10208E+01 .15571E+01 .96796E+00 .30888E+01 .49979E+01 .42514E+01
 .19417E+01 .46399E+06 .64916E+06 .99800E+00 .99451E+00 .79320E-01 .75502E-01 .17949E+01 .15688E+09 .27170E+01 .25349E+01 .18513E+01 .58446E+01 .54312E+01 .29100E+01
 .62648E+01 .42638E+06 .12790E+06 .83610E+00 .64854E+00 .15333E+00 .11485E+00 .29352E+01 .38257E+07 .22427E+01 .22727E+01 .59356E+00 .38738E+01 .53094E+01 .55665E+01
 .49986E+01 .44402E+06 .15309E+06 .99800E+00 .99800E+00 .12582E+00 .40462E-01 .22671E+01 .73013E+08 .23161E+01 .21349E+01 .12740E+01 .55561E+00 .59015E+01 .60558E+01
 .34819E+01 .45818E+06 .50612E+06 .52500E+00 .99800E+00 .14727E+00 .16549E+00 .88737E+00 .58924E+07 .18151E+01 .15245E+01 .17157E+01 .55110E+01 .10167E+01 .85385E+00
 .37645E+01 .76541E+06 .34210E+06 .99595E+00 .99800E+00 .10192E+00 .10737E+00 .11445E+01 .82624E+08 .11445E+01 .36273E+01 .20734E+01 .12021E+01 .35446E+01 .10681E+01
 .54533E+01 .70052E+05 .38086E+05 .72086E+00 .99534E+00 .21087E+00 .16867E+00 .14270E+01 .11122E+09 .21477E+01 .32708E+01 .99755E+00 .57328E+01 .22130E+01 .37628E+01
 .53873E+01 .17177E+06 .11334E+06 .82447E+00 .79608E+00 .20249E+00 .16862E+00 .48972E+01 .10354E+09 .27542E+01 .22752E+01 .12154E+01 .51133E+01 .14027E+01 .23379E+01
 .29630E+01 .54072E+06 .25244E+06 .55506E+00 .93268E+00 .11277E+00 .12072E+00 .52805E+01 .39798E+08 .93809E+00 .28237E+01 .20869E+01 .25120E+01 .17440E+01 .55669E+00
 .48460E+01 .19114E+06 .13118E+06 .58169E+00 .34851E+00 .11641E+00 .42630E-01 .58432E+01 .52773E+08 .19069E+01 .41093E+01 .60553E+00 .27795E+01 .23574E+01 .85489E+00
 .47657E+01 .19049E+06 .15442E+06 .57804E+00 .34534E+00 .10948E+00 .42793E-01 .58584E+01 .12992E+09 .23480E+01 .50614E+01 .93592E+00 .39633E+01 .30336E+01 .18253E+01
 .49339E+01 .80657E+06 .44064E+06 .99800E+00 .99800E+00 .28829E+00 .15712E+00 .29799E+01 .80840E+08 .14169E+01 .28332E+01 .37943E+00 .25473E+01 .49076E+01 .61094E+01
 .67691E+01 .42700E+06 .32461E+06 .99800E+00 .95238E+00 .10900E+00 .16961E+00 .75243E+00 .64454E+08 .89298E+00 .29584E+01 .18751E+01 .17103E+01 .40178E+01 .52162E+01
 .41798E+01 .10556E+06 .12441E+05 .18950E+00 .90869E+00 .27179E+00 .14499E+00 .35763E+01 .10217E+09 .15737E+01 .25441E+01 .68048E+00 .50614E+01 .78163E+00 .39750E+01
