 .39970E+01 .95228E+06 .59342E+06 .99791E+00 .99800E+00 .20075E+00 .17077E+00 .34674E+01 .45582E+08 .31184E+01 .66193E+00 .21188E+01 .63939E-01 .39347E+00 .48462E-01
 .53575E+01 .36964E+06 .50358E+06 .88982E+00 .79762E+00 .81251E-01 .74294E-01 .52838E+01 .15724E+09 .20389E+01 .28600E+01 .24206E+01 .60653E+00 .19216E+01 .59944E+01
 .70924E+01 .79578E+04 .33822E+04 .99800E+00 .99800E+00 .27776E-01 .10138E+00 .34203E-01 .36340E+08 .20505E+01 .14409E+01 .27944E+01 .25370E+01 .29254E+01 .13352E+01
 .12984E+01 .13675E+07 .55492E+06 .99800E+00 .97399E+00 .15580E+00 .14342E+00 .53293E+01 .14527E+09 .18783E+01 .60147E+01 .70797E+00 .56475E+01 .58327E+01 .57142E+01
 .65102E+01 .62449E+06 .52796E+06 .99800E+00 .99003E+00 .20073E+00 .12913E+00 .27469E+01 .12039E+09 .13330E+01 .39765E+01 .12332E+01 .56068E+01 .20145E+01 .53320E+01
 .36437E+01 .49999E+06 .15237E+06 .72579E+00 .24928E+00 .17097E+00 .17740E+00 .16911E+01 .37627E+08 .18902E+01 .59680E+01 .21943E+01 .13175E+01 .34406E+01 .40108E+01
 .57064E+01 .33215E+06 .37348E+06 .98688E+00 .98449E+00 .46513E-01 .13395E+00 .25336E+00 .33507E+08 .20821E+01 .62104E+01 .11177E+01 .36227E+00 .23552E+01 .43616E+01
 .57090E+01 .19334E+06 .92219E+05 .92375E+00 .81471E+00 .57768E-01 .12482E+00 .58438E+01 .71551E+08 .25429E+01 .40823E+01 .27996E+01 .34491E+01 .59991E+01 .59662E+01
 .16357E+01 .50383E+06 .24644E+06 .99464E+00 .99800E+00 .19407E+00 .16109E+00 .42684E+01 .13825E+09 .15206E+01 .59425E+01 .25778E+01 .49612E+00 .14523E+01 .47537E+01
 .38075E+01 .29112E+06 .10587E+06 .99800E+00 .99800E+00 .39644E-01 .12357E+00 .62641E+01 .38414E+07 .13546E+01 .52945E+01 .30068E+00 .38013E+01 .23862E+01 .17972E+01
 .62629E+01 .22231E+06 .87061E+05 .60287E+00 .70710E+00 .78319E-01 .10622E+00 .56736E+01 .67090E+08 .11948E+01 .96292E-01 .51777E+00 .23599E+00 .32169E+01 .56723E+01
 .88862E+00 .11662E+07 .37474E+06 .99800E+00 .99800E+00 .18697E+00 .37246E-01 .49214E+01 .73960E+08 .23569E+01 .21700E+01 .27335E+01 .33976E+01 .25635E+01 .46376E+01
 .61178E+01 .39392E+06 .40070E+05 .90392E+00 .95336E+00 .10850E+00 .11926E+00 .51834E+01 .25135E+08 .20964E+01 .11637E+01 .12498E+01 .44333E+01 .59674E+01 .21248E+01
 .26827E+01 .12515E+07 .26761E+06 .99800E+00 .99800E+00 .30988E+00 .16440E+00 .25086E+01 .93303E+08 .22692E+01 .41024E+01 .19019E+01 .19514E+00 .47604E+01 .11085E+01
 .52049E+01 .38732E+05 .62393E+04 .88491E+00 .98516E+00 .70222E-01 .10517E+00 .59806E+01 .14325E+09 .24473E+01 .28516E+01 .26878E+01 .23947E+01 .50905E+01 .57189E+01
 .32926E+01 .94327E+06 .36491E+05 .97462E+00 .99800E+00 .15790E+00 .22902E-01 .11580E+01 .11586E+09 .11814E+01 .15234E+01 .23227E+01 .11455E+01 .11242E+01 .19876E+01
 .69144E+01 .59804E+05 .23448E+05 .64971E+00 .50045E+00 .23938E+00 .16382E+00 .22088E+01 .15425E+09 .27998E+00 .16582E+01 .13181E+01 .49728E+01 .28202E+01 .51368E+01
 .62079E+01 .14127E+06 .51963E+04 .36870E+00 .95635E+00 .12328E+00 .64928E-01 .46470E+01 .16856E+08 .20081E+01 .44118E+01 .17816E+01 .39379E+01 .47008E+01 .94922E+00
 .10477E+01 .15997E+07 .33157E+06 .99800E+00 .99398E+00 .11428E+00 .10353E+00 .92172E+00 .22524E+08 .12544E+01 .44562E+01 .80118E+00 .28801E+01 .34983E+01 .49240E+01
 .48166E+01 .55732E+06 .12912E+06 .99800E+00 .99362E+00 .21124E+00 .14564E+00 .42301E+01 .14229E+09 .58886E+00 .41953E+01 .27515E+01 .33289E+01 .48590E+01 .23650E+01
 .80384E+01 .14296E+06 .35832E+05 .89754E+00 .99090E+00 .14707E+00 .16693E+00 .12593E+01 .10613E+09 .20677E+01 .51923E+01 .23179E+01 .47930E+01 .26364E+01 .35073E+01
 .80778E+01 .34086E+06 .14142E+06 .65874E+00 .99800E+00 .18149E+00 .13604E+00 .12196E+01 .14315E+09 .12283E+01 .45293E+01 .18439E+01 .24410E+01 .76051E+00 .21401E+01
 .80253E+01 .46640E+06 .77388E+06 .99800E+00 .96069E+00 .38155E-01 .79053E-01 .65435E-01 .14798E+09 .98858E+00 .50791E+01 .78653E+00 .18645E+01 .45740E+01 .56342E+01
 .27072E+01 .25507E+07 .12033E+07 .99800E+00 .99800E+00 .10562E+00 .14251E+00 .67514E+00 .78070E+08 .20617E+01 .10833E+01 .18700E+01 .29744E+01 .33479E+01 .48175E+01
 .30503E+01 .12500E+06 .46895E+05 .88901E+00 .98932E+00 .53636E-01 .17797E+00 .60420E+01 .11162E+09 .22891E+01 .44929E+01 .10471E+01 .55368E+01 .41289E+00 .41220E+01
 .41129E+01 .34768E+06 .25582E+06 .31728E+00 .87093E+00 .10451E+00 .14974E+00 .55787E+01 .12349E+09 .11749E+01 .27862E+01 .23771E+01 .13301E+01 .33623E+00 .58599E+01
 .48558E+01 .21189E+04 .20291E+04 .88952E+00 .17547E+00 .28701E+00 .15854E+00 .22353E+01 .13218E+09 .22612E+01 .59825E+01 .81809E+00 .41456E+01 .54139E+01 .19612E+01
 .68874E+01 .25872E+06 .13625E+06 .98361E+00 .88710E+00 .80990E-01 .56618E-01 .52329E+01 .62512E+08 .83863E+00 .47052E+01 .20247E+01 .33920E+01 .31146E+01 .51832E+01
 .19982E+01 .72162E+06 .60042E+05 .99800E+00 .99800E+00 .32683E+00 .14467E+00 .30064E+01 .20738E+08 .81053E+00 .13018E+01 .86276E+00 .55210E+01 .25442E+01 .38327E+01
 .56277E+01 .38761E+06 .17558E+06 .99800E+00 .94862E+00 .10826E+00 .66307E-01 .61116E+01 .86740E+08 .95700E+00 .12137E+01 .18399E+01 .28029E+01 .49280E+00 .12481E+01
 .47423E+01 .13271E+06 .13778E+05 .87817E+00 .94523E+00 .12135E+00 .13546E+00 .11504E+01 .15610E+09 .25734E+01 .16700E+01 .17496E+01 .12532E+01 .30925E-01 .19043E+01
 .27402E+01 .20045E+06 .17621E+06 .55137E+00 .55670E+00 .22204E+00 .17450E+00 .47725E+01 .75661E+08 .83800E+00 .60963E+00 .21845E+01 .15731E+01 .27069E+00 .14477E+00
 .58749E+01 .60242E+06 .54497E+06 .10217E+00 .45718E-01 .15049E+00 .12103E+00 .46953E+01 .37248E+08 .12432E+01 .69409E+00 .89110E+00 .17024E+00 .10523E+01 .62995E+00
 .32980E+01 .21533E+06 .35872E+05 .99800E+00 .89648E+00 .13592E+00 .16110E+00 .91495E+00 .86638E+08 .12307E+01 .53172E+01 .19918E+01 .44170E+01 .40800E+01 .46022E+00
 .76569E+01 .27414E+06 .28751E+06 .77821E+00 .26719E-01 .86465E-01 .10570E+00 .69073E+00 .14471E+09 .24699E+01 .57325E+01 .22665E+01 .33589E+00 .23747E+01 .13131E+01
