 .42918E+01 .91429E+06 .69716E+06 .98431E+00 .94388E+00 .78381E-01 .12796E+00 .71735E+00 .17847E+08 .18400E+01 .63997E+00 .21441E+01 .76417E-01 .34463E+01 .27491E+01
 .46671E+01 .17245E+06 .49530E+05 .90873E+00 .86393E+00 .68914E-01 .10411E+00 .58753E+01 .70808E+07 .25922E+01 .38430E+01 .64951E+00 .55144E+01 .15922E+01 .28405E+01
 .34023E+01 .86145E+05 .48014E+05 .22713E+00 .94441E+00 .79337E-01 .56888E-01 .41511E+00 .14753E+08 .21132E+01 .44812E+01 .93906E+00 .37496E+01 .71811E+00 .49461E+01
 .60095E+01 .69020E+06 .38346E+06 .86348E+00 .62700E+00 .28540E+00 .14987E+00 .40095E+01 .82230E+08 .23654E+01 .31127E+01 .19894E+01 .44773E+01 .21223E+01 .76015E+00
 .62545E+01 .70261E+06 .39323E+06 .85680E+00 .61850E+00 .28078E+00 .15240E+00 .40130E+01 .49408E+07 .10267E+01 .13149E+01 .30574E+00 .57832E+01 .56323E+00 .44449E+01
 .80648E+00 .52975E+06 .28438E+06 .93307E+00 .51392E+00 .28049E+00 .15085E+00 .27809E+01 .85951E+08 .13286E+01 .20179E+01 .10298E+01 .60377E+01 .16709E+01 .51150E+01
 .89176E+01 .23436E+06 .24038E+06 .31573E+00 .78868E+00 .29310E+00 .16609E+00 .36618E+01 .49109E+07 .19203E+01 .34914E+01 .22769E+01 .46610E+01 .38535E+01 .44922E+01
 .47275E+01 .87226E+06 .19016E+06 .90662E+00 .99800E+00 .43723E-01 .37993E-01 .62632E+01 .48986E+08 .12441E+01 .36711E+01 .27205E+01 .33973E+01 .22959E+01 .35941E+00
 .34079E+01 .24327E+06 .14627E+06 .54223E-01 .21937E-01 .46275E-01 .15299E+00 .60484E+01 .38572E+08 .65567E+00 .32567E+01 .16209E+01 .19817E+01 .32554E+01 .51961E+01
 .10744E+02 .19143E+06 .14843E+06 .51169E+00 .46727E+00 .54911E-01 .11937E+00 .58982E+01 .25579E+08 .26046E+01 .45378E+01 .15705E+01 .40493E+01 .34764E+01 .48052E+01
 .32138E+01 .30890E+06 .34306E+06 .95658E+00 .22114E-01 .14022E+00 .10343E+00 .92249E+00 .10753E+09 .15641E+01 .34250E+01 .59999E+00 .33430E+01 .88740E+00 .87039E+00
 .46934E+01 .15598E+06 .24099E+06 .97532E+00 .29352E+00 .33192E+00 .16341E+00 .32219E+01 .28869E+08 .20856E+01 .58072E+01 .12258E+01 .44816E+01 .14194E+01 .41115E+01
 .50567E+01 .19158E+07 .10931E+07 .99800E+00 .99800E+00 .25404E+00 .15344E+00 .41453E+01 .14432E+08 .11936E+01 .25332E+01 .74002E+00 .37966E+00 .56475E+01 .13150E+01
 .77364E+01 .19876E+06 .60188E+05 .79126E+00 .95541E+00 .10201E+00 .10968E+00 .58080E+01 .35414E+07 .27265E+01 .79358E+00 .13654E+01 .11380E+01 .16423E+01 .23803E+01
 .30078E+01 .12780E+06 .75396E+05 .85057E+00 .22563E+00 .18021E+00 .95116E-01 .16549E+01 .10484E+09 .12158E+01 .58313E+01 .15681E+01 .40679E+01 .62377E+01 .34581E+01
 .28754E+01 .51144E+06 .36419E+06 .66387E+00 .42004E+00 .15929E+00 .99578E-01 .35747E+01 .51489E+08 .24362E+01 .15558E+01 .13482E+01 .58640E+01 .28164E+01 .83068E-01
 .32873E+01 .65468E+06 .68370E+06 .98334E+00 .95370E+00 .17035E+00 .14484E+00 .50189E+01 .11146E+09 .14327E+01 .11797E+01 .34694E+00 .15857E+01 .11454E+01 .42163E+01
 .62643E+01 .37808E+06 .40454E+06 .94236E+00 .96534E+00 .11789E+00 .92350E-01 .48905E+01 .98501E+08 .27223E+01 .28923E+00 .16523E+01 .28663E+01 .43176E+00 .61831E+00
 .65853E+01 .21131E+06 .15261E+06 .99800E+00 .99800E+00 .36710E-01 .10941E+00 .19861E+00 .74193E+08 .11642E+01 .49158E+01 .18333E+01 .61429E+01 .39844E+01 .63081E+00
 .37766E+01 .25270E+06 .24258E+06 .98846E+00 .97056E+00 .70516E-01 .71915E-01 .54120E+01 .76914E+08 .26268E+00 .45475E+01 .48107E+00 .62491E+01 .56288E+00 .21188E+01
 .74409E+01 .14159E+06 .23837E+05 .79639E+00 .74936E+00 .12707E+00 .71377E-01 .41331E+01 .14148E+09 .14635E+01 .57178E+01 .13525E+01 .15424E+01 .36507E+01 .59569E+00
 .14560E+01 .23039E+07 .45440E+06 .99800E+00 .99800E+00 .23629E+00 .14131E+00 .19812E+01 .40215E+08 .69088E-01 .26178E+01 .18793E+01 .20533E+01 .13326E+01 .47418E+01
 .34909E+01 .27420E+06 .26278E+06 .94445E+00 .98515E+00 .10927E+00 .16774E+00 .76755E+00 .15361E+09 .43409E+00 .27331E+01 .19756E+01 .46138E+00 .91050E+00 .35517E+01
 .36032E+01 .52486E+06 .45712E+06 .88090E+00 .94160E+00 .15899E+00 .64088E-01 .39980E+01 .11289E+09 .54739E+00 .17228E+01 .15042E+01 .48726E+01 .77490E+00 .20350E+01
 .40883E+01 .34888E+06 .32888E+06 .80951E+00 .99800E+00 .59811E-01 .53964E-01 .84470E+00 .79968E+06 .10332E+01 .47325E+01 .21058E+01 .37900E+01 .18968E+01 .35664E+01
 .77706E+01 .25660E+06 .11300E+06 .99800E+00 .99800E+00 .12497E+00 .13261E+00 .53339E+01 .15737E+09 .11335E+01 .60608E+01 .11388E+01 .38064E+00 .40730E+01 .64926E+00
 .26019E+01 .46752E+05 .11247E+05 .95610E+00 .83786E+00 .22511E+00 .17132E+00 .18315E+01 .55725E+08 .16444E+01 .30891E+01 .53825E+00 .57747E+01 .25126E+01 .51936E+01
 .62397E+01 .11270E+05 .23349E+04 .35687E+00 .83106E+00 .30773E+00 .16771E+00 .26702E+01 .21946E+07 .14555E+01 .21029E+01 .18312E+01 .31498E+01 .55103E+01 .23171E+01
 .10361E+01 .41729E+05 .13120E+05 .47261E+00 .91300E+00 .16379E+00 .16501E+00 .10055E+01 .98195E+08 .22958E+01 .41358E+01 .98572E+00 .21749E+01 .62742E+01 .43426E+01
 .38334E+01 .25570E+07 .74848E+06 .97548E+00 .99254E+00 .12297E+00 .17679E+00 .62342E+01 .11618E+09 .88998E+00 .46674E+00 .18141E+01 .34630E+01 .16883E+01 .35793E+01
 .62300E+01 .79364E+06 .76972E+06 .95310E+00 .99800E+00 .32482E+00 .17255E+00 .34574E+01 .11646E+09 .65113E+00 .13546E+01 .72099E+00 .23665E+01 .27897E+00 .27299E+00
 .77606E+01 .11649E+06 .46943E+05 .91757E+00 .35287E+00 .19754E+00 .10587E+00 .14083E+01 .88872E+06 .21625E+01 .14366E+01 .95541E+00 .16010E+01 .50912E+01 .30311E+01
 .35967E+01 .38717E+08 .56354E+06 .11419E+00 .99798E+00 .11733E+01 .10558E+01 .19312E+01 .32093E+08 .22685E+01 .47520E+01 .17247E+01 .43847E+01 .47614E+01 .28381E+01
 .12890E+01 .29678E+05 .14776E+05 .99800E+00 .99800E+00 .31233E+00 .12655E+00 .32415E+01 .22990E+08 .90608E+00 .34872E+01 .15135E+01 .55977E+01 .50661E+01 .17510E+01
 .12700E+01 .40320E+05 .19519E+05 .99800E+00 .99800E+00 .31802E+00 .12719E+00 .32505E+01 .12342E+09 .20492E+01 .61252E+01 .18556E+01 .59046E+01 .30595E+01 .67143E-01
 .40488E+01 .17004E+06 .72846E+05 .64555E+00 .93417E+00 .21182E+01 .18195E+01 .22068E+01 .10371E+09 .18496E+01 .30869E+01 .22205E+01 .13926E+01 .38242E+01 .60720E+01
 .28642E+01 .62852E+06 .40084E+06 .98503E+00 .99800E+00 .14121E+00 .87194E-01 .33571E+01 .10626E+08 .30553E+00 .30656E+01 .93451E+00 .40760E+00 .22377E+01 .29172E+01
 .83843E+01 .31169E+06 .20321E+06 .55516E+00 .99800E+00 .54288E-01 .10724E+00 .59015E+01 .14111E+09 .19749E+01 .18277E+01 .60515E+00 .46196E+01 .49749E+01 .23708E+01
 .22244E+01 .85541E+06 .36096E+06 .99800E+00 .96236E+00 .10370E+00 .16624E+00 .58831E+01 .75868E+08 .24067E+01 .10287E+01 .90350E+00 .38417E+01 .53365E+01 .53429E+01
 .50812E+01 .58621E+06 .30371E+06 .15651E+00 .24294E+00 .27796E+00 .16260E+00 .21804E+01 .85095E+08 .19758E+01 .48976E+01 .88030E+00 .54066E+01 .29485E+01 .32018E+01
 .47153E+01 .51276E+06 .53565E+06 .91020E+00 .96317E+00 .14392E+00 .44518E-01 .50575E+01 .76469E+08 .10678E+01 .34415E+01 .64845E+00 .53705E+01 .17092E+01 .53007E+01
 .64304E+01 .33363E+06 .42233E+06 .99793E+00 .98011E+00 .61442E-01 .18468E+00 .37375E+00 .11187E+09 .30674E+01 .37609E+01 .46961E+00 .30737E+01 .12888E+01 .27330E+01
 .16206E+01 .20686E+07 .12775E+07 .99800E+00 .99800E+00 .25375E+00 .15623E+00 .34886E+01 .97966E+08 .18624E+01 .24053E+01 .13042E+01 .21195E+01 .16615E+01 .38192E+01
 .55176E+01 .47672E+06 .15905E+06 .34145E+00 .62046E+00 .10637E+00 .99669E-01 .68438E+00 .12001E+09 .19847E+01 .31913E+01 .10213E+01 .23685E+01 .40426E+01 .46279E+01
 .31164E+01 .65283E+06 .67634E+06 .99800E+00 .85234E+00 .11534E+00 .77940E-01 .52046E+01 .14665E+09 .17813E+01 .85363E+00 .11081E+01 .40916E+01 .20489E+01 .36007E+01
